2017-08-26 11:55:05,190 : kivy : Factory: 194 symbols loaded
2017-08-26 11:55:05,332 : kivy : Image: Providers: img_tex, img_dds, img_sdl2, img_gif (img_pil, img_ffpyplayer ignored)
2017-08-26 11:55:05,533 : kivy : VideoGstplayer: Using Gstreamer 1.10.2.0
2017-08-26 11:55:05,533 : kivy : Video: Provider: gstplayer
2017-08-26 11:55:05,606 : kivy : Loading MPF-MC controller
2017-08-26 11:55:05,606 : mpfmc : Mission Pinball Framework Media Controller v0.33.13
2017-08-26 11:55:05,606 : mpfmc : Mission Pinball Framework Game Engine v0.33.33
2017-08-26 11:55:05,610 : mpfmc : Machine path: C:\Users\Jim\Documents\Git\Escape_Pinball
2017-08-26 11:55:05,610 : mpfmc : Starting clock at 30.0Hz
2017-08-26 11:55:05,670 : kivy : Text: Provider: sdl2
2017-08-26 11:55:06,047 : kivy : OSC: using <thread> for socket
2017-08-26 11:55:06,063 : kivy : Window: Provider: sdl2
2017-08-26 11:55:06,444 : kivy : GL: Using the "OpenGL" graphics system
2017-08-26 11:55:06,454 : kivy : GL: GLEW initialization succeeded
2017-08-26 11:55:06,455 : kivy : GL: Backend used <glew>
2017-08-26 11:55:06,456 : kivy : GL: OpenGL version <b'4.4.0 - Build 21.20.16.4534'>
2017-08-26 11:55:06,460 : kivy : GL: OpenGL vendor <b'Intel'>
2017-08-26 11:55:06,462 : kivy : GL: OpenGL renderer <b'Intel(R) HD Graphics 530'>
2017-08-26 11:55:06,463 : kivy : GL: OpenGL parsed version: 4, 4
2017-08-26 11:55:06,466 : kivy : GL: Shading version <b'4.40 - Build 21.20.16.4534'>
2017-08-26 11:55:06,467 : kivy : GL: Texture max size <16384>
2017-08-26 11:55:06,468 : kivy : GL: Texture max units <32>
2017-08-26 11:55:06,510 : kivy : Shader: fragment shader: <b"WARNING: 0:7: '' :  #version directive missing">
2017-08-26 11:55:06,512 : kivy : Shader: vertex shader: <b"WARNING: 0:7: '' :  #version directive missing">
2017-08-26 11:55:06,598 : kivy : Window: auto add sdl2 input provider
2017-08-26 11:55:06,599 : kivy : Window: virtual keyboard not allowed, single mode, not docked
2017-08-26 11:55:06,609 : AudioInterface : NOTE: You may experience noise and other undesirable sound artifacts when you set your buffer at 1024 or smaller.
2017-08-26 11:55:12,947 : AudioInterface : Initialized
2017-08-26 11:55:12,951 : kivy : Base: Start application main loop
2017-08-26 11:55:13,298 : MPF-MC BCP Server : Starting up on localhost port 5050
2017-08-26 11:55:13,305 : MPF-MC BCP Server : Waiting for a connection...
2017-08-26 11:55:13,572 : MPF-MC BCP Server : Received connection from: 127.0.0.1:50540
2017-08-26 11:55:13,819 : kivy : GL: NPOT texture support is available
2017-08-26 11:55:13,837 : kivy : Shader: fragment shader: <b"WARNING: 0:8: '' :  #version directive missing">
2017-08-26 11:55:14,034 : kivy : Shader: fragment shader: <b"WARNING: 0:7: '' :  #version directive missing">
2017-08-26 12:08:39,247 : kivy : Base: Leaving application in progress...
2017-08-26 12:08:39,247 : mpfmc : Stopping...
2017-08-26 12:08:39,251 : mpfmc : Loop rate 39.93 Hz
2017-08-26 12:08:39,251 : kivy : MC run loop ended.
2017-08-26 12:08:39,255 : kivy : Stopping child threads... (3 remaining)
2017-08-26 12:08:39,279 : mpfmc : Stopping...
2017-08-26 12:08:39,279 : mpfmc : Loop rate 39.93 Hz
2017-08-26 12:08:40,250 : MPF-MC BCP Server : Stopping BCP sending thread
2017-08-26 12:08:40,370 : kivy : All child threads stopped.
