2017-10-05 20:23:37,974 : kivy : Factory: 194 symbols loaded
2017-10-05 20:23:38,099 : kivy : Image: Providers: img_tex, img_dds, img_sdl2, img_gif (img_pil, img_ffpyplayer ignored)
2017-10-05 20:23:38,130 : kivy : VideoGstplayer: Using Gstreamer 1.10.2.0
2017-10-05 20:23:38,130 : kivy : Video: Provider: gstplayer
2017-10-05 20:23:38,177 : kivy : Loading MPF-MC controller
2017-10-05 20:23:38,177 : mpfmc : Mission Pinball Framework Media Controller v0.33.13
2017-10-05 20:23:38,177 : mpfmc : Mission Pinball Framework Game Engine v0.33.33
2017-10-05 20:23:38,193 : mpfmc : Machine path: C:\GIT\Escape_Pinball
2017-10-05 20:23:38,193 : mpfmc : Starting clock at 30.0Hz
2017-10-05 20:23:38,193 : kivy : Text: Provider: sdl2
2017-10-05 20:23:38,443 : kivy : OSC: using <thread> for socket
2017-10-05 20:23:38,458 : kivy : Window: Provider: sdl2
2017-10-05 20:23:39,465 : kivy : GL: Using the "OpenGL" graphics system
2017-10-05 20:23:39,469 : kivy : GL: GLEW initialization succeeded
2017-10-05 20:23:39,470 : kivy : GL: Backend used <glew>
2017-10-05 20:23:39,471 : kivy : GL: OpenGL version <b'4.5.0 NVIDIA 385.41'>
2017-10-05 20:23:39,475 : kivy : GL: OpenGL vendor <b'NVIDIA Corporation'>
2017-10-05 20:23:39,476 : kivy : GL: OpenGL renderer <b'GeForce GTX 1060/PCIe/SSE2'>
2017-10-05 20:23:39,482 : kivy : GL: OpenGL parsed version: 4, 5
2017-10-05 20:23:39,483 : kivy : GL: Shading version <b'4.50 NVIDIA'>
2017-10-05 20:23:39,486 : kivy : GL: Texture max size <32768>
2017-10-05 20:23:39,487 : kivy : GL: Texture max units <32>
2017-10-05 20:23:39,506 : kivy : Window: auto add sdl2 input provider
2017-10-05 20:23:39,507 : kivy : Window: virtual keyboard not allowed, single mode, not docked
2017-10-05 20:23:39,512 : AudioInterface : NOTE: You may experience noise and other undesirable sound artifacts when you set your buffer at 1024 or smaller.
2017-10-05 20:23:40,436 : AudioInterface : Initialized
2017-10-05 20:23:40,440 : kivy : Base: Start application main loop
2017-10-05 20:23:41,368 : MPF-MC BCP Server : Starting up on localhost port 5050
2017-10-05 20:23:41,376 : MPF-MC BCP Server : Waiting for a connection...
2017-10-05 20:23:41,791 : MPF-MC BCP Server : Received connection from: 127.0.0.1:50805
2017-10-05 20:23:42,166 : kivy : GL: NPOT texture support is available
2017-10-05 20:27:41,923 : kivy : Base: Leaving application in progress...
2017-10-05 20:27:42,148 : mpfmc : Stopping...
2017-10-05 20:27:42,149 : mpfmc : Loop rate 39.63 Hz
2017-10-05 20:27:42,152 : kivy : MC run loop ended.
2017-10-05 20:27:42,154 : kivy : Stopping child threads... (3 remaining)
2017-10-05 20:27:42,741 : mpfmc : Stopping...
2017-10-05 20:27:42,741 : mpfmc : Loop rate 39.54 Hz
2017-10-05 20:27:42,756 : MPF-MC BCP Server : Stopping BCP sending thread
2017-10-05 20:27:42,819 : kivy : All child threads stopped.
