2017-12-17 11:29:42,494 : kivy : Factory: 194 symbols loaded
2017-12-17 11:29:42,618 : kivy : Image: Providers: img_tex, img_dds, img_sdl2, img_gif (img_pil, img_ffpyplayer ignored)
2017-12-17 11:29:42,654 : kivy : VideoGstplayer: Using Gstreamer 1.10.2.0
2017-12-17 11:29:42,654 : kivy : Video: Provider: gstplayer
2017-12-17 11:29:42,710 : kivy : Loading MPF-MC controller
2017-12-17 11:29:42,710 : mpfmc : Mission Pinball Framework Media Controller v0.33.16
2017-12-17 11:29:42,710 : mpfmc : Mission Pinball Framework Game Engine v0.33.48
2017-12-17 11:29:42,710 : mpfmc : Machine path: C:\GIT\Escape_Pinball
2017-12-17 11:29:42,710 : mpfmc : Starting clock at 30.0Hz
2017-12-17 11:29:42,726 : kivy : Text: Provider: sdl2
2017-12-17 11:29:43,018 : kivy : OSC: using <thread> for socket
2017-12-17 11:29:43,026 : kivy : Window: Provider: sdl2
2017-12-17 11:29:43,550 : kivy : GL: Using the "OpenGL" graphics system
2017-12-17 11:29:43,555 : kivy : GL: GLEW initialization succeeded
2017-12-17 11:29:43,556 : kivy : GL: Backend used <glew>
2017-12-17 11:29:43,556 : kivy : GL: OpenGL version <b'4.6.0 NVIDIA 388.00'>
2017-12-17 11:29:43,556 : kivy : GL: OpenGL vendor <b'NVIDIA Corporation'>
2017-12-17 11:29:43,703 : kivy : GL: OpenGL renderer <b'GeForce GTX 1060/PCIe/SSE2'>
2017-12-17 11:29:43,704 : kivy : GL: OpenGL parsed version: 4, 6
2017-12-17 11:29:43,704 : kivy : GL: Shading version <b'4.60 NVIDIA'>
2017-12-17 11:29:43,704 : kivy : GL: Texture max size <32768>
2017-12-17 11:29:43,704 : kivy : GL: Texture max units <32>
2017-12-17 11:29:43,719 : kivy : Window: auto add sdl2 input provider
2017-12-17 11:29:43,720 : kivy : Window: virtual keyboard not allowed, single mode, not docked
2017-12-17 11:29:43,723 : AudioInterface : NOTE: You may experience noise and other undesirable sound artifacts when you set your buffer at 1024 or smaller.
2017-12-17 11:29:44,399 : AudioInterface : Initialized
2017-12-17 11:29:44,403 : kivy : Base: Start application main loop
2017-12-17 11:29:44,857 : MPF-MC BCP Server : Starting up on localhost port 5050
2017-12-17 11:29:44,863 : MPF-MC BCP Server : Waiting for a connection...
2017-12-17 11:29:45,900 : MPF-MC BCP Server : Received connection from: 127.0.0.1:50190
2017-12-17 11:29:46,126 : kivy : GL: NPOT texture support is available
2017-12-17 11:30:35,004 : kivy : Base: Leaving application in progress...
2017-12-17 11:30:35,162 : mpfmc : Stopping...
2017-12-17 11:30:35,162 : mpfmc : Loop rate 38.99 Hz
2017-12-17 11:30:35,162 : kivy : MC run loop ended.
2017-12-17 11:30:35,162 : kivy : Stopping child threads... (3 remaining)
2017-12-17 11:30:35,761 : mpfmc : Stopping...
2017-12-17 11:30:35,761 : mpfmc : Loop rate 38.53 Hz
2017-12-17 11:30:35,837 : MPF-MC BCP Server : Stopping BCP sending thread
2017-12-17 11:30:35,881 : kivy : All child threads stopped.
