2017-10-05 20:16:16,567 : kivy : Factory: 194 symbols loaded
2017-10-05 20:16:16,911 : kivy : Image: Providers: img_tex, img_dds, img_sdl2, img_gif (img_pil, img_ffpyplayer ignored)
2017-10-05 20:16:17,192 : kivy : VideoGstplayer: Using Gstreamer 1.10.2.0
2017-10-05 20:16:17,192 : kivy : Video: Provider: gstplayer
2017-10-05 20:16:17,395 : kivy : Loading MPF-MC controller
2017-10-05 20:16:17,395 : mpfmc : Mission Pinball Framework Media Controller v0.33.13
2017-10-05 20:16:17,395 : mpfmc : Mission Pinball Framework Game Engine v0.33.33
2017-10-05 20:16:17,395 : mpfmc : Machine path: C:\GIT\Escape_Pinball
2017-10-05 20:16:17,395 : mpfmc : Starting clock at 30.0Hz
2017-10-05 20:16:17,567 : kivy : Text: Provider: sdl2
2017-10-05 20:16:18,026 : kivy : OSC: using <thread> for socket
2017-10-05 20:16:18,057 : kivy : Window: Provider: sdl2
2017-10-05 20:16:20,042 : kivy : GL: Using the "OpenGL" graphics system
2017-10-05 20:16:20,053 : kivy : GL: GLEW initialization succeeded
2017-10-05 20:16:20,054 : kivy : GL: Backend used <glew>
2017-10-05 20:16:20,055 : kivy : GL: OpenGL version <b'4.5.0 NVIDIA 385.41'>
2017-10-05 20:16:20,058 : kivy : GL: OpenGL vendor <b'NVIDIA Corporation'>
2017-10-05 20:16:20,060 : kivy : GL: OpenGL renderer <b'GeForce GTX 1060/PCIe/SSE2'>
2017-10-05 20:16:20,065 : kivy : GL: OpenGL parsed version: 4, 5
2017-10-05 20:16:20,066 : kivy : GL: Shading version <b'4.50 NVIDIA'>
2017-10-05 20:16:20,070 : kivy : GL: Texture max size <32768>
2017-10-05 20:16:20,070 : kivy : GL: Texture max units <32>
2017-10-05 20:16:20,133 : kivy : Window: auto add sdl2 input provider
2017-10-05 20:16:20,134 : kivy : Window: virtual keyboard not allowed, single mode, not docked
2017-10-05 20:16:20,165 : AudioInterface : NOTE: You may experience noise and other undesirable sound artifacts when you set your buffer at 1024 or smaller.
2017-10-05 20:16:22,990 : AudioInterface : Initialized
2017-10-05 20:16:22,994 : kivy : Base: Start application main loop
2017-10-05 20:16:24,304 : MPF-MC BCP Server : Starting up on localhost port 5050
2017-10-05 20:16:24,311 : MPF-MC BCP Server : Waiting for a connection...
2017-10-05 20:16:24,930 : MPF-MC BCP Server : Received connection from: 127.0.0.1:50665
2017-10-05 20:16:25,411 : kivy : GL: NPOT texture support is available
2017-10-05 20:19:34,281 : kivy : Base: Leaving application in progress...
2017-10-05 20:19:34,475 : mpfmc : Stopping...
2017-10-05 20:19:34,477 : mpfmc : Loop rate 39.39 Hz
2017-10-05 20:19:34,482 : kivy : MC run loop ended.
2017-10-05 20:19:34,483 : kivy : Stopping child threads... (3 remaining)
2017-10-05 20:19:34,658 : mpfmc : Stopping...
2017-10-05 20:19:34,658 : mpfmc : Loop rate 39.36 Hz
2017-10-05 20:19:35,296 : MPF-MC BCP Server : Stopping BCP sending thread
2017-10-05 20:19:35,468 : kivy : All child threads stopped.
