2017-10-06 20:24:45,322 : kivy : Factory: 194 symbols loaded
2017-10-06 20:24:45,666 : kivy : Image: Providers: img_tex, img_dds, img_sdl2, img_gif (img_pil, img_ffpyplayer ignored)
2017-10-06 20:24:45,932 : kivy : VideoGstplayer: Using Gstreamer 1.10.2.0
2017-10-06 20:24:45,932 : kivy : Video: Provider: gstplayer
2017-10-06 20:24:46,135 : kivy : Loading MPF-MC controller
2017-10-06 20:24:46,135 : mpfmc : Mission Pinball Framework Media Controller v0.33.13
2017-10-06 20:24:46,135 : mpfmc : Mission Pinball Framework Game Engine v0.33.33
2017-10-06 20:24:46,151 : mpfmc : Machine path: C:\GIT\Escape_Pinball
2017-10-06 20:24:46,151 : mpfmc : Starting clock at 30.0Hz
2017-10-06 20:24:46,276 : kivy : Text: Provider: sdl2
2017-10-06 20:24:46,744 : kivy : OSC: using <thread> for socket
2017-10-06 20:24:46,776 : kivy : Window: Provider: sdl2
2017-10-06 20:24:48,565 : kivy : GL: Using the "OpenGL" graphics system
2017-10-06 20:24:48,576 : kivy : GL: GLEW initialization succeeded
2017-10-06 20:24:48,577 : kivy : GL: Backend used <glew>
2017-10-06 20:24:48,578 : kivy : GL: OpenGL version <b'4.5.0 NVIDIA 385.41'>
2017-10-06 20:24:48,581 : kivy : GL: OpenGL vendor <b'NVIDIA Corporation'>
2017-10-06 20:24:48,582 : kivy : GL: OpenGL renderer <b'GeForce GTX 1060/PCIe/SSE2'>
2017-10-06 20:24:48,588 : kivy : GL: OpenGL parsed version: 4, 5
2017-10-06 20:24:48,589 : kivy : GL: Shading version <b'4.50 NVIDIA'>
2017-10-06 20:24:48,593 : kivy : GL: Texture max size <32768>
2017-10-06 20:24:48,594 : kivy : GL: Texture max units <32>
2017-10-06 20:24:48,657 : kivy : Window: auto add sdl2 input provider
2017-10-06 20:24:48,658 : kivy : Window: virtual keyboard not allowed, single mode, not docked
2017-10-06 20:24:48,687 : AudioInterface : NOTE: You may experience noise and other undesirable sound artifacts when you set your buffer at 1024 or smaller.
2017-10-06 20:24:50,533 : AudioInterface : Initialized
2017-10-06 20:24:50,537 : kivy : Base: Start application main loop
2017-10-06 20:24:51,572 : MPF-MC BCP Server : Starting up on localhost port 5050
2017-10-06 20:24:51,579 : MPF-MC BCP Server : Waiting for a connection...
2017-10-06 20:24:51,680 : MPF-MC BCP Server : Received connection from: 127.0.0.1:54566
2017-10-06 20:24:51,933 : kivy : GL: NPOT texture support is available
2017-10-06 20:35:37,983 : kivy : Base: Leaving application in progress...
2017-10-06 20:35:38,157 : mpfmc : Stopping...
2017-10-06 20:35:38,158 : mpfmc : Loop rate 39.99 Hz
2017-10-06 20:35:38,159 : kivy : MC run loop ended.
2017-10-06 20:35:38,162 : kivy : Stopping child threads... (3 remaining)
2017-10-06 20:35:38,983 : MPF-MC BCP Server : Stopping BCP sending thread
2017-10-06 20:35:38,983 : mpfmc : Stopping...
2017-10-06 20:35:38,983 : mpfmc : Loop rate 39.94 Hz
2017-10-06 20:35:39,030 : kivy : All child threads stopped.
