2017-10-05 20:41:41,727 : kivy : Factory: 194 symbols loaded
2017-10-05 20:41:41,836 : kivy : Image: Providers: img_tex, img_dds, img_sdl2, img_gif (img_pil, img_ffpyplayer ignored)
2017-10-05 20:41:41,898 : kivy : VideoGstplayer: Using Gstreamer 1.10.2.0
2017-10-05 20:41:41,898 : kivy : Video: Provider: gstplayer
2017-10-05 20:41:41,945 : kivy : Loading MPF-MC controller
2017-10-05 20:41:41,945 : mpfmc : Mission Pinball Framework Media Controller v0.33.13
2017-10-05 20:41:41,945 : mpfmc : Mission Pinball Framework Game Engine v0.33.33
2017-10-05 20:41:41,945 : mpfmc : Machine path: C:\GIT\Escape_Pinball
2017-10-05 20:41:41,945 : mpfmc : Starting clock at 30.0Hz
2017-10-05 20:41:41,961 : kivy : Text: Provider: sdl2
2017-10-05 20:41:42,242 : kivy : OSC: using <thread> for socket
2017-10-05 20:41:42,242 : kivy : Window: Provider: sdl2
2017-10-05 20:41:43,116 : kivy : GL: Using the "OpenGL" graphics system
2017-10-05 20:41:43,121 : kivy : GL: GLEW initialization succeeded
2017-10-05 20:41:43,122 : kivy : GL: Backend used <glew>
2017-10-05 20:41:43,123 : kivy : GL: OpenGL version <b'4.5.0 NVIDIA 385.41'>
2017-10-05 20:41:43,127 : kivy : GL: OpenGL vendor <b'NVIDIA Corporation'>
2017-10-05 20:41:43,128 : kivy : GL: OpenGL renderer <b'GeForce GTX 1060/PCIe/SSE2'>
2017-10-05 20:41:43,132 : kivy : GL: OpenGL parsed version: 4, 5
2017-10-05 20:41:43,133 : kivy : GL: Shading version <b'4.50 NVIDIA'>
2017-10-05 20:41:43,137 : kivy : GL: Texture max size <32768>
2017-10-05 20:41:43,138 : kivy : GL: Texture max units <32>
2017-10-05 20:41:43,155 : kivy : Window: auto add sdl2 input provider
2017-10-05 20:41:43,156 : kivy : Window: virtual keyboard not allowed, single mode, not docked
2017-10-05 20:41:43,161 : AudioInterface : NOTE: You may experience noise and other undesirable sound artifacts when you set your buffer at 1024 or smaller.
2017-10-05 20:41:44,052 : AudioInterface : Initialized
2017-10-05 20:41:44,057 : kivy : Base: Start application main loop
2017-10-05 20:41:45,086 : MPF-MC BCP Server : Starting up on localhost port 5050
2017-10-05 20:41:45,092 : MPF-MC BCP Server : Waiting for a connection...
2017-10-05 20:41:45,275 : MPF-MC BCP Server : Received connection from: 127.0.0.1:51389
2017-10-05 20:41:45,636 : kivy : GL: NPOT texture support is available
2017-10-05 20:46:37,307 : kivy : Base: Leaving application in progress...
2017-10-05 20:46:37,544 : mpfmc : Stopping...
2017-10-05 20:46:37,546 : mpfmc : Loop rate 39.59 Hz
2017-10-05 20:46:37,548 : kivy : MC run loop ended.
2017-10-05 20:46:37,549 : kivy : Stopping child threads... (3 remaining)
2017-10-05 20:46:38,016 : MPF-MC BCP Server : Stopping BCP sending thread
2017-10-05 20:46:38,078 : mpfmc : Stopping...
2017-10-05 20:46:38,078 : mpfmc : Loop rate 39.52 Hz
2017-10-05 20:46:38,094 : kivy : All child threads stopped.
