2017-12-17 11:28:49,242 : kivy : Factory: 194 symbols loaded
2017-12-17 11:28:49,602 : kivy : Image: Providers: img_tex, img_dds, img_sdl2, img_gif (img_pil, img_ffpyplayer ignored)
2017-12-17 11:28:49,850 : kivy : VideoGstplayer: Using Gstreamer 1.10.2.0
2017-12-17 11:28:49,850 : kivy : Video: Provider: gstplayer
2017-12-17 11:28:50,038 : kivy : Loading MPF-MC controller
2017-12-17 11:28:50,038 : mpfmc : Mission Pinball Framework Media Controller v0.33.16
2017-12-17 11:28:50,038 : mpfmc : Mission Pinball Framework Game Engine v0.33.48
2017-12-17 11:28:50,042 : mpfmc : Machine path: C:\GIT\Escape_Pinball
2017-12-17 11:28:50,042 : mpfmc : Starting clock at 30.0Hz
2017-12-17 11:28:50,150 : kivy : Text: Provider: sdl2
2017-12-17 11:28:50,678 : kivy : OSC: using <thread> for socket
2017-12-17 11:28:50,710 : kivy : Window: Provider: sdl2
2017-12-17 11:28:51,239 : kivy : GL: Using the "OpenGL" graphics system
2017-12-17 11:28:51,246 : kivy : GL: GLEW initialization succeeded
2017-12-17 11:28:51,246 : kivy : GL: Backend used <glew>
2017-12-17 11:28:51,247 : kivy : GL: OpenGL version <b'4.6.0 NVIDIA 388.00'>
2017-12-17 11:28:51,247 : kivy : GL: OpenGL vendor <b'NVIDIA Corporation'>
2017-12-17 11:28:51,248 : kivy : GL: OpenGL renderer <b'GeForce GTX 1060/PCIe/SSE2'>
2017-12-17 11:28:51,248 : kivy : GL: OpenGL parsed version: 4, 6
2017-12-17 11:28:51,249 : kivy : GL: Shading version <b'4.60 NVIDIA'>
2017-12-17 11:28:51,249 : kivy : GL: Texture max size <32768>
2017-12-17 11:28:51,250 : kivy : GL: Texture max units <32>
2017-12-17 11:28:51,418 : kivy : Window: auto add sdl2 input provider
2017-12-17 11:28:51,419 : kivy : Window: virtual keyboard not allowed, single mode, not docked
2017-12-17 11:28:51,423 : AudioInterface : NOTE: You may experience noise and other undesirable sound artifacts when you set your buffer at 1024 or smaller.
2017-12-17 11:28:56,372 : AudioInterface : Initialized
2017-12-17 11:28:56,375 : kivy : Base: Start application main loop
2017-12-17 11:28:56,983 : MPF-MC BCP Server : Starting up on localhost port 5050
2017-12-17 11:28:56,990 : MPF-MC BCP Server : Waiting for a connection...
2017-12-17 11:29:27,172 : kivy : Base: Leaving application in progress...
2017-12-17 11:29:27,172 : mpfmc : Stopping...
2017-12-17 11:29:27,172 : mpfmc : Loop rate 36.59 Hz
2017-12-17 11:29:27,172 : kivy : MC run loop ended.
2017-12-17 11:29:27,172 : kivy : Stopping child threads... (3 remaining)
2017-12-17 11:29:28,003 : MPF-MC BCP Server : Stopping BCP listener thread
2017-12-17 11:29:28,003 : MPF-MC BCP Server : Stopping BCP sending thread
2017-12-17 11:29:28,099 : kivy : All child threads stopped.
