2017-08-26 11:55:04,757 : Machine : Mission Pinball Framework Core Engine v0.33.33
2017-08-26 11:55:04,761 : Machine : Command line arguments: {'force_platform': 'virtual', 'consoleloglevel': 20, 'loglevel': 11, 'configfile': ['config'], 'create_config_cache': True, 'mc_file_name': None, 'pause': False, 'no_load_cache': False, 'mpfconfigfile': 'c:\\python34\\lib\\site-packages\\mpf\\mpfconfig.yaml', 'force_assets_load': False, 'bcp': True, 'logfile': 'logs\\2017-08-26-11-55-04-mpf-MSI.log', 'syslog_address': None}
2017-08-26 11:55:04,761 : Machine : MPF path: c:\python34\lib\site-packages\mpf
2017-08-26 11:55:04,761 : Machine : Machine path: C:\Users\Jim\Documents\Git\Escape_Pinball
2017-08-26 11:55:04,761 : Machine : Platform: win32
2017-08-26 11:55:04,761 : Machine : Python executable location: c:\python34\python.exe
2017-08-26 11:55:04,761 : Machine : Python version: 3.4.4 (64-bit)
2017-08-26 11:55:05,013 : Machine : Loading cached config: C:\Users\Jim\AppData\Local\Temp\fa0b01ce8c398bcfdb09353f8b53b44cconfig
2017-08-26 11:55:05,053 : SwitchController : Loading the SwitchController
2017-08-26 11:55:05,113 : EventManager : Event: ======'machine_var_player1_score'====== Args={'prev_value': 28300, 'value': 28300, 'change': 0}
2017-08-26 11:55:05,113 : EventManager : Event: ======'machine_var_mpf_version'====== Args={'prev_value': 'MPF v0.33.33', 'value': 'MPF v0.33.33', 'change': False}
2017-08-26 11:55:05,113 : EventManager : Event: ======'machine_var_mpf_extended_version'====== Args={'prev_value': 'MPF v0.33.33, Config version:4, Show version: 4, BCP version:1.1', 'value': 'MPF v0.33.33, Config version:4, Show version: 4, BCP version:1.1', 'change': False}
2017-08-26 11:55:05,113 : EventManager : Event: ======'machine_var_python_version'====== Args={'prev_value': '3.4.4', 'value': '3.4.4', 'change': False}
2017-08-26 11:55:05,117 : EventManager : Event: ======'machine_var_platform'====== Args={'prev_value': 'Windows-10-10.0.14393', 'value': 'Windows-10-10.0.14393', 'change': False}
2017-08-26 11:55:05,117 : EventManager : Event: ======'machine_var_platform_system'====== Args={'prev_value': 'Windows', 'value': 'Windows', 'change': False}
2017-08-26 11:55:05,117 : EventManager : Event: ======'machine_var_platform_release'====== Args={'prev_value': '10', 'value': '10', 'change': False}
2017-08-26 11:55:05,117 : EventManager : Event: ======'machine_var_platform_version'====== Args={'prev_value': '10.0.14393', 'value': '10.0.14393', 'change': False}
2017-08-26 11:55:05,117 : EventManager : Event: ======'machine_var_platform_machine'====== Args={'prev_value': 'AMD64', 'value': 'AMD64', 'change': False}
2017-08-26 11:55:05,117 : EventManager : Event: ======'init_phase_1'====== Args={}
2017-08-26 11:55:05,198 : EventManager : Event: ======'drop_target_bank_2targetbank_up'====== Args={}
2017-08-26 11:55:05,198 : EventManager : Event: ======'drop_target_bank_stargetbank_up'====== Args={}
2017-08-26 11:55:05,202 : EventManager : Event: ======'init_phase_2'====== Args={}
2017-08-26 11:55:05,246 : BCPClientSocket.local_display : Connecting BCP to 'local_display' at localhost:5050...
2017-08-26 11:55:13,573 : BCPClientSocket.local_display : Connected BCP to 'local_display' localhost:5050
2017-08-26 11:55:13,575 : SwitchController : Registering switch handler: s_spiral_kicker, <bound method SwitchCounter._switch_changed of <mpf.devices.ball_device.switch_counter.SwitchCounter object at 0x00000000046F8F60>>, state: 1, ms: 500, info: False, cb_kwargs: {}
2017-08-26 11:55:13,576 : SwitchController : Registering switch handler: s_spiral_kicker, <bound method SwitchCounter._switch_changed of <mpf.devices.ball_device.switch_counter.SwitchCounter object at 0x00000000046F8F60>>, state: 0, ms: 500, info: False, cb_kwargs: {}
2017-08-26 11:55:13,580 : SwitchController : Registering switch handler: s_trough1, <bound method SwitchCounter._switch_changed of <mpf.devices.ball_device.switch_counter.SwitchCounter object at 0x00000000056FE908>>, state: 1, ms: 500, info: False, cb_kwargs: {}
2017-08-26 11:55:13,580 : SwitchController : Registering switch handler: s_trough2, <bound method SwitchCounter._switch_changed of <mpf.devices.ball_device.switch_counter.SwitchCounter object at 0x00000000056FE908>>, state: 1, ms: 500, info: False, cb_kwargs: {}
2017-08-26 11:55:13,580 : SwitchController : Registering switch handler: s_trough3, <bound method SwitchCounter._switch_changed of <mpf.devices.ball_device.switch_counter.SwitchCounter object at 0x00000000056FE908>>, state: 1, ms: 500, info: False, cb_kwargs: {}
2017-08-26 11:55:13,581 : SwitchController : Registering switch handler: s_trough4, <bound method SwitchCounter._switch_changed of <mpf.devices.ball_device.switch_counter.SwitchCounter object at 0x00000000056FE908>>, state: 1, ms: 500, info: False, cb_kwargs: {}
2017-08-26 11:55:13,581 : SwitchController : Registering switch handler: s_trough1, <bound method SwitchCounter._switch_changed of <mpf.devices.ball_device.switch_counter.SwitchCounter object at 0x00000000056FE908>>, state: 0, ms: 500, info: False, cb_kwargs: {}
2017-08-26 11:55:13,581 : SwitchController : Registering switch handler: s_trough2, <bound method SwitchCounter._switch_changed of <mpf.devices.ball_device.switch_counter.SwitchCounter object at 0x00000000056FE908>>, state: 0, ms: 500, info: False, cb_kwargs: {}
2017-08-26 11:55:13,582 : SwitchController : Registering switch handler: s_trough3, <bound method SwitchCounter._switch_changed of <mpf.devices.ball_device.switch_counter.SwitchCounter object at 0x00000000056FE908>>, state: 0, ms: 500, info: False, cb_kwargs: {}
2017-08-26 11:55:13,582 : SwitchController : Registering switch handler: s_trough4, <bound method SwitchCounter._switch_changed of <mpf.devices.ball_device.switch_counter.SwitchCounter object at 0x00000000056FE908>>, state: 0, ms: 500, info: False, cb_kwargs: {}
2017-08-26 11:55:13,584 : SwitchController : Registering switch handler: s_scoop_vuk, <bound method SwitchCounter._switch_changed of <mpf.devices.ball_device.switch_counter.SwitchCounter object at 0x000000000570F198>>, state: 1, ms: 500, info: False, cb_kwargs: {}
2017-08-26 11:55:13,584 : SwitchController : Registering switch handler: s_scoop_vuk, <bound method SwitchCounter._switch_changed of <mpf.devices.ball_device.switch_counter.SwitchCounter object at 0x000000000570F198>>, state: 0, ms: 500, info: False, cb_kwargs: {}
2017-08-26 11:55:13,588 : SwitchController : Registering switch handler: s_plunger_lane, <bound method SwitchCounter._switch_changed of <mpf.devices.ball_device.switch_counter.SwitchCounter object at 0x0000000005733C50>>, state: 1, ms: 500, info: False, cb_kwargs: {}
2017-08-26 11:55:13,588 : SwitchController : Registering switch handler: s_plunger_lane, <bound method SwitchCounter._switch_changed of <mpf.devices.ball_device.switch_counter.SwitchCounter object at 0x0000000005733C50>>, state: 0, ms: 500, info: False, cb_kwargs: {}
2017-08-26 11:55:13,652 : EventManager : Event: ======'init_phase_3'====== Args={}
2017-08-26 11:55:13,655 : AssetManager : Registering Asset: plunge_animation, File: plunge_animation.yaml, Default Group: default, Final Config: {'file': 'C:\\Users\\Jim\\Documents\\Git\\Escape_Pinball\\modes\\LaunchBall\\shows\\plunge_animation.yaml', 'load': 'preload'}
2017-08-26 11:55:13,659 : AssetManager : Registering Asset: attract_display_loop, File: attract_display_loop.yaml, Default Group: default, Final Config: {'file': 'C:\\Users\\Jim\\Documents\\Git\\Escape_Pinball\\modes\\attract\\shows\\attract_display_loop.yaml', 'load': 'preload'}
2017-08-26 11:55:13,676 : EventManager : Event: ======'machine_var_master_volume'====== Args={'prev_value': 0.9, 'value': 0.9, 'change': 0.0}
2017-08-26 11:55:13,732 : EventManager : Event: ======'loading_assets'====== Args={'remaining': 1, 'total': 2, 'loaded': 1, 'percent': 50}
2017-08-26 11:55:13,732 : AssetManager : Loading assets: 1/2 (50%)
2017-08-26 11:55:13,747 : EventManager : Event: ======'loading_assets'====== Args={'remaining': 0, 'total': 2, 'loaded': 2, 'percent': 100}
2017-08-26 11:55:13,747 : EventManager : Event: ======'asset_loading_complete'====== Args={}
2017-08-26 11:55:13,747 : AssetManager : Loading assets: 2/2 (100%)
2017-08-26 11:55:13,748 : EventManager : Event: ======'init_phase_4'====== Args={}
2017-08-26 11:55:13,752 : SwitchController : Registering switch handler: s_droptargetbank2, <bound method DropTarget._update_state_from_switch of <drop_target.targetbank2_2>>, state: 0, ms: 0, info: False, cb_kwargs: {}
2017-08-26 11:55:13,752 : SwitchController : Registering switch handler: s_droptargetbank2, <bound method DropTarget._update_state_from_switch of <drop_target.targetbank2_2>>, state: 1, ms: 0, info: False, cb_kwargs: {}
2017-08-26 11:55:13,752 : SwitchController : Registering switch handler: s_singledrop, <bound method DropTarget._update_state_from_switch of <drop_target.targetbank1>>, state: 0, ms: 0, info: False, cb_kwargs: {}
2017-08-26 11:55:13,753 : SwitchController : Registering switch handler: s_singledrop, <bound method DropTarget._update_state_from_switch of <drop_target.targetbank1>>, state: 1, ms: 0, info: False, cb_kwargs: {}
2017-08-26 11:55:13,753 : SwitchController : Registering switch handler: s_droptargetbank1, <bound method DropTarget._update_state_from_switch of <drop_target.targetbank2_1>>, state: 0, ms: 0, info: False, cb_kwargs: {}
2017-08-26 11:55:13,753 : SwitchController : Registering switch handler: s_droptargetbank1, <bound method DropTarget._update_state_from_switch of <drop_target.targetbank2_1>>, state: 1, ms: 0, info: False, cb_kwargs: {}
2017-08-26 11:55:13,754 : EventManager : Event: ======'machine_var_audits_switches_s_popbumper3'====== Args={'prev_value': 391, 'value': 391, 'change': 0}
2017-08-26 11:55:13,755 : EventManager : Event: ======'machine_var_audits_switches_s_right_outlane'====== Args={'prev_value': 42, 'value': 42, 'change': 0}
2017-08-26 11:55:13,756 : EventManager : Event: ======'machine_var_audits_switches_s_matrixswitch1'====== Args={'prev_value': 0, 'value': 0, 'change': 0}
2017-08-26 11:55:13,757 : EventManager : Event: ======'machine_var_audits_switches_s_trough1'====== Args={'prev_value': 446, 'value': 446, 'change': 0}
2017-08-26 11:55:13,757 : EventManager : Event: ======'machine_var_audits_switches_s_right_inlane'====== Args={'prev_value': 155, 'value': 155, 'change': 0}
2017-08-26 11:55:13,758 : EventManager : Event: ======'machine_var_audits_switches_s_trough4'====== Args={'prev_value': 290, 'value': 290, 'change': 0}
2017-08-26 11:55:13,759 : EventManager : Event: ======'machine_var_audits_switches_s_trough_jam'====== Args={'prev_value': 0, 'value': 0, 'change': 0}
2017-08-26 11:55:13,760 : EventManager : Event: ======'machine_var_audits_switches_s_jet2'====== Args={'prev_value': 0, 'value': 0, 'change': 0}
2017-08-26 11:55:13,761 : EventManager : Event: ======'machine_var_audits_switches_s_ball_release'====== Args={'prev_value': 106, 'value': 106, 'change': 0}
2017-08-26 11:55:13,762 : EventManager : Event: ======'machine_var_audits_switches_s_right_slingshot'====== Args={'prev_value': 381, 'value': 381, 'change': 0}
2017-08-26 11:55:13,763 : EventManager : Event: ======'machine_var_audits_switches_s_left_outlane'====== Args={'prev_value': 32, 'value': 32, 'change': 0}
2017-08-26 11:55:13,763 : EventManager : Event: ======'machine_var_audits_switches_s_popbumper1'====== Args={'prev_value': 378, 'value': 378, 'change': 0}
2017-08-26 11:55:13,764 : EventManager : Event: ======'machine_var_audits_switches_s_matrixswitch5'====== Args={'prev_value': 0, 'value': 0, 'change': 0}
2017-08-26 11:55:13,765 : EventManager : Event: ======'machine_var_audits_switches_s_matrixswitch0'====== Args={'prev_value': 0, 'value': 0, 'change': 0}
2017-08-26 11:55:13,765 : EventManager : Event: ======'machine_var_audits_switches_s_right_flipper'====== Args={'prev_value': 1309, 'value': 1309, 'change': 0}
2017-08-26 11:55:13,766 : EventManager : Event: ======'machine_var_audits_switches_s_matrixswitch2'====== Args={'prev_value': 0, 'value': 0, 'change': 0}
2017-08-26 11:55:13,767 : EventManager : Event: ======'machine_var_audits_switches_s_plunger_lane'====== Args={'prev_value': 425, 'value': 425, 'change': 0}
2017-08-26 11:55:13,768 : EventManager : Event: ======'machine_var_audits_switches_s_trough3'====== Args={'prev_value': 311, 'value': 311, 'change': 0}
2017-08-26 11:55:13,768 : EventManager : Event: ======'machine_var_audits_switches_s_scoop_vuk'====== Args={'prev_value': 496, 'value': 496, 'change': 0}
2017-08-26 11:55:13,769 : EventManager : Event: ======'machine_var_audits_switches_s_left_inlane'====== Args={'prev_value': 62, 'value': 62, 'change': 0}
2017-08-26 11:55:13,770 : EventManager : Event: ======'machine_var_audits_switches_s_matrixswitch7'====== Args={'prev_value': 0, 'value': 0, 'change': 0}
2017-08-26 11:55:13,770 : EventManager : Event: ======'machine_var_audits_switches_s_singledrop'====== Args={'prev_value': 94, 'value': 94, 'change': 0}
2017-08-26 11:55:13,771 : EventManager : Event: ======'machine_var_audits_switches_s_spiral_kicker'====== Args={'prev_value': 102, 'value': 102, 'change': 0}
2017-08-26 11:55:13,772 : EventManager : Event: ======'machine_var_audits_switches_s_right_flipper_upper'====== Args={'prev_value': 478, 'value': 478, 'change': 0}
2017-08-26 11:55:13,773 : EventManager : Event: ======'machine_var_audits_switches_s_launch_button'====== Args={'prev_value': 3, 'value': 3, 'change': 0}
2017-08-26 11:55:13,774 : EventManager : Event: ======'machine_var_audits_switches_s_jet3'====== Args={'prev_value': 0, 'value': 0, 'change': 0}
2017-08-26 11:55:13,775 : EventManager : Event: ======'machine_var_audits_switches_s_matrixswitch4'====== Args={'prev_value': 0, 'value': 0, 'change': 0}
2017-08-26 11:55:13,775 : EventManager : Event: ======'machine_var_audits_switches_s_left_flipper'====== Args={'prev_value': 1193, 'value': 1193, 'change': 0}
2017-08-26 11:55:13,776 : EventManager : Event: ======'machine_var_audits_switches_s_left_slingshot'====== Args={'prev_value': 337, 'value': 337, 'change': 0}
2017-08-26 11:55:13,777 : EventManager : Event: ======'machine_var_audits_switches_s_droptargetbank2'====== Args={'prev_value': 102, 'value': 102, 'change': 0}
2017-08-26 11:55:13,777 : EventManager : Event: ======'machine_var_audits_switches_s_trough2'====== Args={'prev_value': 318, 'value': 318, 'change': 0}
2017-08-26 11:55:13,778 : EventManager : Event: ======'machine_var_audits_switches_s_popbumper2'====== Args={'prev_value': 267, 'value': 267, 'change': 0}
2017-08-26 11:55:13,778 : EventManager : Event: ======'machine_var_audits_switches_s_start'====== Args={'prev_value': 7, 'value': 7, 'change': 0}
2017-08-26 11:55:13,779 : EventManager : Event: ======'machine_var_audits_switches_s_droptargetbank1'====== Args={'prev_value': 104, 'value': 104, 'change': 0}
2017-08-26 11:55:13,780 : EventManager : Event: ======'machine_var_audits_switches_s_jet1'====== Args={'prev_value': 0, 'value': 0, 'change': 0}
2017-08-26 11:55:13,781 : EventManager : Event: ======'machine_var_audits_switches_s_matrixswitch3'====== Args={'prev_value': 0, 'value': 0, 'change': 0}
2017-08-26 11:55:13,782 : EventManager : Event: ======'machine_var_audits_switches_s_matrixswitch6'====== Args={'prev_value': 0, 'value': 0, 'change': 0}
2017-08-26 11:55:13,783 : EventManager : Event: ======'machine_var_audits_switches_s_trough5'====== Args={'prev_value': 0, 'value': 0, 'change': 0}
2017-08-26 11:55:13,783 : EventManager : Event: ======'machine_var_audits_events_game_ended'====== Args={'prev_value': 111, 'value': 111, 'change': 0}
2017-08-26 11:55:13,784 : EventManager : Event: ======'machine_var_audits_events_game_started'====== Args={'prev_value': 201, 'value': 201, 'change': 0}
2017-08-26 11:55:13,785 : EventManager : Event: ======'machine_var_audits_player_score'====== Args={'prev_value': {'top': [107100, 83400, 77700, 77300, 75200, 73100, 72500, 66100, 56100, 52200], 'total': 111, 'average': 21170.270270270266}, 'value': {'top': [107100, 83400, 77700, 77300, 75200, 73100, 72500, 66100, 56100, 52200], 'total': 111, 'average': 21170.270270270266}, 'change': False}
2017-08-26 11:55:13,786 : EventManager : Event: ======'init_phase_5'====== Args={}
2017-08-26 11:55:13,787 : EventManager : Event: ======'init_done'====== Args={}
2017-08-26 11:55:13,787 : EventManager : Event: ======'machine_reset_phase_1'====== Args={}
2017-08-26 11:55:13,912 : EventManager : Event: ======'slide_window_slide_created'====== Args={'_from_bcp': True}
2017-08-26 11:55:13,991 : EventManager : Event: ======'slide_dmd_slide_created'====== Args={'_from_bcp': True}
2017-08-26 11:55:13,992 : EventManager : Event: ======'slide_window_slide_active'====== Args={'_from_bcp': True}
2017-08-26 11:55:13,992 : EventManager : Event: ======'slide_dmd_slide_active'====== Args={'_from_bcp': True}
2017-08-26 11:55:13,993 : EventManager : Event: ======'machine_reset_phase_2'====== Args={}
2017-08-26 11:55:13,994 : EventManager : Event: ======'machine_reset_phase_3'====== Args={}
2017-08-26 11:55:13,995 : SwitchController : Found active switch: s_trough4
2017-08-26 11:55:13,995 : SwitchController : Found active switch: s_trough3
2017-08-26 11:55:13,995 : SwitchController : Found active switch: s_trough1
2017-08-26 11:55:13,995 : SwitchController : Found active switch: s_trough2
2017-08-26 11:55:13,995 : EventManager : Event: ======'reset_complete'====== Args={}
2017-08-26 11:55:13,996 : EventManager : Event: ======'mode_attract_starting'====== Args={}
2017-08-26 11:55:13,996 : Mode.attract : Started. Priority: 10
2017-08-26 11:55:13,997 : EventManager : Event: ======'mode_attract_started'====== Args={}
2017-08-26 11:55:13,998 : SwitchController : Registering switch handler: s_start, <bound method Attract.start_button_pressed of <Mode.attract>>, state: 1, ms: 0, info: False, cb_kwargs: {}
2017-08-26 11:55:13,998 : SwitchController : Registering switch handler: s_start, <bound method Attract.start_button_released of <Mode.attract>>, state: 0, ms: 0, info: False, cb_kwargs: {}
2017-08-26 11:55:13,998 : EventManager : Event: ======'collecting_balls_complete'====== Args={}
2017-08-26 11:55:13,999 : Machine : Starting the main run loop.
2017-08-26 11:55:14,028 : EventManager : Event: ======'slide_p-roc_slide_created'====== Args={'_from_bcp': True}
2017-08-26 11:55:14,044 : EventManager : Event: ======'slide_p-roc_slide_active'====== Args={'_from_bcp': True}
2017-08-26 11:55:17,038 : EventManager : Event: ======'slide_press_start_created'====== Args={'_from_bcp': True}
2017-08-26 11:55:17,072 : EventManager : Event: ======'slide_press_start_active'====== Args={'_from_bcp': True}
2017-08-26 11:55:20,041 : EventManager : Event: ======'slide_mission_pinball_created'====== Args={'_from_bcp': True}
2017-08-26 11:55:20,073 : EventManager : Event: ======'slide_mission_pinball_active'====== Args={'_from_bcp': True}
2017-08-26 11:55:23,059 : EventManager : Event: ======'slide_p-roc_slide_active'====== Args={'_from_bcp': True}
2017-08-26 11:55:26,060 : EventManager : Event: ======'slide_press_start_active'====== Args={'_from_bcp': True}
2017-08-26 11:55:29,062 : EventManager : Event: ======'slide_mission_pinball_active'====== Args={'_from_bcp': True}
2017-08-26 11:55:32,025 : EventManager : Event: ======'slide_p-roc_slide_active'====== Args={'_from_bcp': True}
2017-08-26 11:55:35,070 : EventManager : Event: ======'slide_press_start_active'====== Args={'_from_bcp': True}
2017-08-26 11:55:38,064 : EventManager : Event: ======'slide_mission_pinball_active'====== Args={'_from_bcp': True}
2017-08-26 11:55:41,059 : EventManager : Event: ======'slide_p-roc_slide_active'====== Args={'_from_bcp': True}
2017-08-26 11:55:44,068 : EventManager : Event: ======'slide_press_start_active'====== Args={'_from_bcp': True}
2017-08-26 11:55:47,056 : EventManager : Event: ======'slide_mission_pinball_active'====== Args={'_from_bcp': True}
2017-08-26 11:55:50,066 : EventManager : Event: ======'slide_p-roc_slide_active'====== Args={'_from_bcp': True}
2017-08-26 11:55:53,087 : EventManager : Event: ======'slide_press_start_active'====== Args={'_from_bcp': True}
2017-08-26 11:55:56,060 : EventManager : Event: ======'slide_mission_pinball_active'====== Args={'_from_bcp': True}
2017-08-26 11:55:59,073 : EventManager : Event: ======'slide_p-roc_slide_active'====== Args={'_from_bcp': True}
2017-08-26 11:56:02,062 : EventManager : Event: ======'slide_press_start_active'====== Args={'_from_bcp': True}
2017-08-26 11:56:05,086 : EventManager : Event: ======'slide_mission_pinball_active'====== Args={'_from_bcp': True}
2017-08-26 11:56:08,059 : EventManager : Event: ======'slide_p-roc_slide_active'====== Args={'_from_bcp': True}
2017-08-26 11:56:11,082 : EventManager : Event: ======'slide_press_start_active'====== Args={'_from_bcp': True}
2017-08-26 11:56:14,064 : EventManager : Event: ======'slide_mission_pinball_active'====== Args={'_from_bcp': True}
2017-08-26 11:56:17,071 : EventManager : Event: ======'slide_p-roc_slide_active'====== Args={'_from_bcp': True}
2017-08-26 11:56:20,063 : EventManager : Event: ======'slide_press_start_active'====== Args={'_from_bcp': True}
2017-08-26 11:56:23,049 : EventManager : Event: ======'slide_mission_pinball_active'====== Args={'_from_bcp': True}
2017-08-26 11:56:26,066 : EventManager : Event: ======'slide_p-roc_slide_active'====== Args={'_from_bcp': True}
2017-08-26 11:56:29,059 : EventManager : Event: ======'slide_press_start_active'====== Args={'_from_bcp': True}
2017-08-26 11:56:32,070 : EventManager : Event: ======'slide_mission_pinball_active'====== Args={'_from_bcp': True}
2017-08-26 11:56:35,063 : EventManager : Event: ======'slide_p-roc_slide_active'====== Args={'_from_bcp': True}
2017-08-26 11:56:38,035 : EventManager : Event: ======'slide_press_start_active'====== Args={'_from_bcp': True}
2017-08-26 11:56:41,055 : EventManager : Event: ======'slide_mission_pinball_active'====== Args={'_from_bcp': True}
2017-08-26 11:56:44,082 : EventManager : Event: ======'slide_p-roc_slide_active'====== Args={'_from_bcp': True}
2017-08-26 11:56:47,065 : EventManager : Event: ======'slide_press_start_active'====== Args={'_from_bcp': True}
2017-08-26 11:56:50,088 : EventManager : Event: ======'slide_mission_pinball_active'====== Args={'_from_bcp': True}
2017-08-26 11:56:53,060 : EventManager : Event: ======'slide_p-roc_slide_active'====== Args={'_from_bcp': True}
2017-08-26 11:56:56,075 : EventManager : Event: ======'slide_press_start_active'====== Args={'_from_bcp': True}
2017-08-26 11:56:59,069 : EventManager : Event: ======'slide_mission_pinball_active'====== Args={'_from_bcp': True}
2017-08-26 11:57:02,047 : EventManager : Event: ======'slide_p-roc_slide_active'====== Args={'_from_bcp': True}
2017-08-26 11:57:05,065 : EventManager : Event: ======'slide_press_start_active'====== Args={'_from_bcp': True}
2017-08-26 11:57:08,062 : EventManager : Event: ======'slide_mission_pinball_active'====== Args={'_from_bcp': True}
2017-08-26 11:57:11,076 : EventManager : Event: ======'slide_p-roc_slide_active'====== Args={'_from_bcp': True}
2017-08-26 11:57:14,071 : EventManager : Event: ======'slide_press_start_active'====== Args={'_from_bcp': True}
2017-08-26 11:57:17,079 : EventManager : Event: ======'slide_mission_pinball_active'====== Args={'_from_bcp': True}
2017-08-26 11:57:20,070 : EventManager : Event: ======'slide_p-roc_slide_active'====== Args={'_from_bcp': True}
2017-08-26 11:57:23,069 : EventManager : Event: ======'slide_press_start_active'====== Args={'_from_bcp': True}
2017-08-26 11:57:26,063 : EventManager : Event: ======'slide_mission_pinball_active'====== Args={'_from_bcp': True}
2017-08-26 11:57:29,063 : EventManager : Event: ======'slide_p-roc_slide_active'====== Args={'_from_bcp': True}
2017-08-26 11:57:32,067 : EventManager : Event: ======'slide_press_start_active'====== Args={'_from_bcp': True}
2017-08-26 11:57:35,053 : EventManager : Event: ======'slide_mission_pinball_active'====== Args={'_from_bcp': True}
2017-08-26 11:57:38,056 : EventManager : Event: ======'slide_p-roc_slide_active'====== Args={'_from_bcp': True}
2017-08-26 11:57:41,061 : EventManager : Event: ======'slide_press_start_active'====== Args={'_from_bcp': True}
2017-08-26 11:57:44,052 : EventManager : Event: ======'slide_mission_pinball_active'====== Args={'_from_bcp': True}
2017-08-26 11:57:47,054 : EventManager : Event: ======'slide_p-roc_slide_active'====== Args={'_from_bcp': True}
2017-08-26 11:57:50,060 : EventManager : Event: ======'slide_press_start_active'====== Args={'_from_bcp': True}
2017-08-26 11:57:53,051 : EventManager : Event: ======'slide_mission_pinball_active'====== Args={'_from_bcp': True}
2017-08-26 11:57:56,065 : EventManager : Event: ======'slide_p-roc_slide_active'====== Args={'_from_bcp': True}
2017-08-26 11:57:59,062 : EventManager : Event: ======'slide_press_start_active'====== Args={'_from_bcp': True}
2017-08-26 11:58:02,062 : EventManager : Event: ======'slide_mission_pinball_active'====== Args={'_from_bcp': True}
2017-08-26 11:58:05,086 : EventManager : Event: ======'slide_p-roc_slide_active'====== Args={'_from_bcp': True}
2017-08-26 11:58:08,058 : EventManager : Event: ======'slide_press_start_active'====== Args={'_from_bcp': True}
2017-08-26 11:58:11,032 : EventManager : Event: ======'slide_mission_pinball_active'====== Args={'_from_bcp': True}
2017-08-26 11:58:14,085 : EventManager : Event: ======'slide_p-roc_slide_active'====== Args={'_from_bcp': True}
2017-08-26 11:58:17,061 : EventManager : Event: ======'slide_press_start_active'====== Args={'_from_bcp': True}
2017-08-26 11:58:20,044 : EventManager : Event: ======'slide_mission_pinball_active'====== Args={'_from_bcp': True}
2017-08-26 11:58:23,062 : EventManager : Event: ======'slide_p-roc_slide_active'====== Args={'_from_bcp': True}
2017-08-26 11:58:26,063 : EventManager : Event: ======'slide_press_start_active'====== Args={'_from_bcp': True}
2017-08-26 11:58:29,085 : EventManager : Event: ======'slide_mission_pinball_active'====== Args={'_from_bcp': True}
2017-08-26 11:58:32,058 : EventManager : Event: ======'slide_p-roc_slide_active'====== Args={'_from_bcp': True}
2017-08-26 11:58:35,060 : EventManager : Event: ======'slide_press_start_active'====== Args={'_from_bcp': True}
2017-08-26 11:58:38,084 : EventManager : Event: ======'slide_mission_pinball_active'====== Args={'_from_bcp': True}
2017-08-26 11:58:41,069 : EventManager : Event: ======'slide_p-roc_slide_active'====== Args={'_from_bcp': True}
2017-08-26 11:58:44,074 : EventManager : Event: ======'slide_press_start_active'====== Args={'_from_bcp': True}
2017-08-26 11:58:47,052 : EventManager : Event: ======'slide_mission_pinball_active'====== Args={'_from_bcp': True}
2017-08-26 11:58:50,068 : EventManager : Event: ======'slide_p-roc_slide_active'====== Args={'_from_bcp': True}
2017-08-26 11:58:53,066 : EventManager : Event: ======'slide_press_start_active'====== Args={'_from_bcp': True}
2017-08-26 11:58:56,062 : EventManager : Event: ======'slide_mission_pinball_active'====== Args={'_from_bcp': True}
2017-08-26 11:58:59,074 : EventManager : Event: ======'slide_p-roc_slide_active'====== Args={'_from_bcp': True}
2017-08-26 11:59:02,072 : EventManager : Event: ======'slide_press_start_active'====== Args={'_from_bcp': True}
2017-08-26 11:59:05,065 : EventManager : Event: ======'slide_mission_pinball_active'====== Args={'_from_bcp': True}
2017-08-26 11:59:08,060 : EventManager : Event: ======'slide_p-roc_slide_active'====== Args={'_from_bcp': True}
2017-08-26 11:59:11,066 : EventManager : Event: ======'slide_press_start_active'====== Args={'_from_bcp': True}
2017-08-26 11:59:14,062 : EventManager : Event: ======'slide_mission_pinball_active'====== Args={'_from_bcp': True}
2017-08-26 11:59:17,073 : EventManager : Event: ======'slide_p-roc_slide_active'====== Args={'_from_bcp': True}
2017-08-26 11:59:20,063 : EventManager : Event: ======'slide_press_start_active'====== Args={'_from_bcp': True}
2017-08-26 11:59:23,062 : EventManager : Event: ======'slide_mission_pinball_active'====== Args={'_from_bcp': True}
2017-08-26 11:59:26,054 : EventManager : Event: ======'slide_p-roc_slide_active'====== Args={'_from_bcp': True}
2017-08-26 11:59:29,069 : EventManager : Event: ======'slide_press_start_active'====== Args={'_from_bcp': True}
2017-08-26 11:59:32,063 : EventManager : Event: ======'slide_mission_pinball_active'====== Args={'_from_bcp': True}
2017-08-26 11:59:35,086 : EventManager : Event: ======'slide_p-roc_slide_active'====== Args={'_from_bcp': True}
2017-08-26 11:59:38,069 : EventManager : Event: ======'slide_press_start_active'====== Args={'_from_bcp': True}
2017-08-26 11:59:41,070 : EventManager : Event: ======'slide_mission_pinball_active'====== Args={'_from_bcp': True}
2017-08-26 11:59:44,051 : EventManager : Event: ======'slide_p-roc_slide_active'====== Args={'_from_bcp': True}
2017-08-26 11:59:47,069 : EventManager : Event: ======'slide_press_start_active'====== Args={'_from_bcp': True}
2017-08-26 11:59:50,068 : EventManager : Event: ======'slide_mission_pinball_active'====== Args={'_from_bcp': True}
2017-08-26 11:59:53,061 : EventManager : Event: ======'slide_p-roc_slide_active'====== Args={'_from_bcp': True}
2017-08-26 11:59:56,085 : EventManager : Event: ======'slide_press_start_active'====== Args={'_from_bcp': True}
2017-08-26 11:59:59,061 : EventManager : Event: ======'slide_mission_pinball_active'====== Args={'_from_bcp': True}
2017-08-26 12:00:02,086 : EventManager : Event: ======'slide_p-roc_slide_active'====== Args={'_from_bcp': True}
2017-08-26 12:00:05,060 : EventManager : Event: ======'slide_press_start_active'====== Args={'_from_bcp': True}
2017-08-26 12:00:08,060 : EventManager : Event: ======'slide_mission_pinball_active'====== Args={'_from_bcp': True}
2017-08-26 12:00:11,058 : EventManager : Event: ======'slide_p-roc_slide_active'====== Args={'_from_bcp': True}
2017-08-26 12:00:14,065 : EventManager : Event: ======'slide_press_start_active'====== Args={'_from_bcp': True}
2017-08-26 12:00:17,045 : EventManager : Event: ======'slide_mission_pinball_active'====== Args={'_from_bcp': True}
2017-08-26 12:00:20,061 : EventManager : Event: ======'slide_p-roc_slide_active'====== Args={'_from_bcp': True}
2017-08-26 12:00:23,070 : EventManager : Event: ======'slide_press_start_active'====== Args={'_from_bcp': True}
2017-08-26 12:00:26,064 : EventManager : Event: ======'slide_mission_pinball_active'====== Args={'_from_bcp': True}
2017-08-26 12:00:29,086 : EventManager : Event: ======'slide_p-roc_slide_active'====== Args={'_from_bcp': True}
2017-08-26 12:00:32,048 : EventManager : Event: ======'slide_press_start_active'====== Args={'_from_bcp': True}
2017-08-26 12:00:35,064 : EventManager : Event: ======'slide_mission_pinball_active'====== Args={'_from_bcp': True}
2017-08-26 12:00:38,086 : EventManager : Event: ======'slide_p-roc_slide_active'====== Args={'_from_bcp': True}
2017-08-26 12:00:41,061 : EventManager : Event: ======'slide_press_start_active'====== Args={'_from_bcp': True}
2017-08-26 12:00:44,086 : EventManager : Event: ======'slide_mission_pinball_active'====== Args={'_from_bcp': True}
2017-08-26 12:00:47,062 : EventManager : Event: ======'slide_p-roc_slide_active'====== Args={'_from_bcp': True}
2017-08-26 12:00:50,086 : EventManager : Event: ======'slide_press_start_active'====== Args={'_from_bcp': True}
2017-08-26 12:00:53,059 : EventManager : Event: ======'slide_mission_pinball_active'====== Args={'_from_bcp': True}
2017-08-26 12:00:56,084 : EventManager : Event: ======'slide_p-roc_slide_active'====== Args={'_from_bcp': True}
2017-08-26 12:00:59,059 : EventManager : Event: ======'slide_press_start_active'====== Args={'_from_bcp': True}
2017-08-26 12:01:02,071 : EventManager : Event: ======'slide_mission_pinball_active'====== Args={'_from_bcp': True}
2017-08-26 12:01:05,048 : EventManager : Event: ======'slide_p-roc_slide_active'====== Args={'_from_bcp': True}
2017-08-26 12:01:08,065 : EventManager : Event: ======'slide_press_start_active'====== Args={'_from_bcp': True}
2017-08-26 12:01:11,063 : EventManager : Event: ======'slide_mission_pinball_active'====== Args={'_from_bcp': True}
2017-08-26 12:01:14,085 : EventManager : Event: ======'slide_p-roc_slide_active'====== Args={'_from_bcp': True}
2017-08-26 12:01:17,057 : EventManager : Event: ======'slide_press_start_active'====== Args={'_from_bcp': True}
2017-08-26 12:01:20,071 : EventManager : Event: ======'slide_mission_pinball_active'====== Args={'_from_bcp': True}
2017-08-26 12:01:23,049 : EventManager : Event: ======'slide_p-roc_slide_active'====== Args={'_from_bcp': True}
2017-08-26 12:01:26,065 : EventManager : Event: ======'slide_press_start_active'====== Args={'_from_bcp': True}
2017-08-26 12:01:29,063 : EventManager : Event: ======'slide_mission_pinball_active'====== Args={'_from_bcp': True}
2017-08-26 12:01:32,075 : EventManager : Event: ======'slide_p-roc_slide_active'====== Args={'_from_bcp': True}
2017-08-26 12:01:35,065 : EventManager : Event: ======'slide_press_start_active'====== Args={'_from_bcp': True}
2017-08-26 12:01:38,061 : EventManager : Event: ======'slide_mission_pinball_active'====== Args={'_from_bcp': True}
2017-08-26 12:01:41,083 : EventManager : Event: ======'slide_p-roc_slide_active'====== Args={'_from_bcp': True}
2017-08-26 12:01:44,064 : EventManager : Event: ======'slide_press_start_active'====== Args={'_from_bcp': True}
2017-08-26 12:01:47,076 : EventManager : Event: ======'slide_mission_pinball_active'====== Args={'_from_bcp': True}
2017-08-26 12:01:50,067 : EventManager : Event: ======'slide_p-roc_slide_active'====== Args={'_from_bcp': True}
2017-08-26 12:01:53,062 : EventManager : Event: ======'slide_press_start_active'====== Args={'_from_bcp': True}
2017-08-26 12:01:56,078 : EventManager : Event: ======'slide_mission_pinball_active'====== Args={'_from_bcp': True}
2017-08-26 12:01:59,062 : EventManager : Event: ======'slide_p-roc_slide_active'====== Args={'_from_bcp': True}
2017-08-26 12:02:02,085 : EventManager : Event: ======'slide_press_start_active'====== Args={'_from_bcp': True}
2017-08-26 12:02:05,068 : EventManager : Event: ======'slide_mission_pinball_active'====== Args={'_from_bcp': True}
2017-08-26 12:02:08,056 : EventManager : Event: ======'slide_p-roc_slide_active'====== Args={'_from_bcp': True}
2017-08-26 12:02:11,066 : EventManager : Event: ======'slide_press_start_active'====== Args={'_from_bcp': True}
2017-08-26 12:02:14,085 : EventManager : Event: ======'slide_mission_pinball_active'====== Args={'_from_bcp': True}
2017-08-26 12:02:17,039 : EventManager : Event: ======'slide_p-roc_slide_active'====== Args={'_from_bcp': True}
2017-08-26 12:02:20,059 : EventManager : Event: ======'slide_press_start_active'====== Args={'_from_bcp': True}
2017-08-26 12:02:23,071 : EventManager : Event: ======'slide_mission_pinball_active'====== Args={'_from_bcp': True}
2017-08-26 12:02:26,064 : EventManager : Event: ======'slide_p-roc_slide_active'====== Args={'_from_bcp': True}
2017-08-26 12:02:29,087 : EventManager : Event: ======'slide_press_start_active'====== Args={'_from_bcp': True}
2017-08-26 12:02:32,053 : EventManager : Event: ======'slide_mission_pinball_active'====== Args={'_from_bcp': True}
2017-08-26 12:02:35,066 : EventManager : Event: ======'slide_p-roc_slide_active'====== Args={'_from_bcp': True}
2017-08-26 12:02:38,060 : EventManager : Event: ======'slide_press_start_active'====== Args={'_from_bcp': True}
2017-08-26 12:02:41,056 : EventManager : Event: ======'slide_mission_pinball_active'====== Args={'_from_bcp': True}
2017-08-26 12:02:44,082 : EventManager : Event: ======'slide_p-roc_slide_active'====== Args={'_from_bcp': True}
2017-08-26 12:02:47,075 : EventManager : Event: ======'slide_press_start_active'====== Args={'_from_bcp': True}
2017-08-26 12:02:50,071 : EventManager : Event: ======'slide_mission_pinball_active'====== Args={'_from_bcp': True}
2017-08-26 12:02:53,061 : EventManager : Event: ======'slide_p-roc_slide_active'====== Args={'_from_bcp': True}
2017-08-26 12:02:56,089 : EventManager : Event: ======'slide_press_start_active'====== Args={'_from_bcp': True}
2017-08-26 12:02:59,053 : EventManager : Event: ======'slide_mission_pinball_active'====== Args={'_from_bcp': True}
2017-08-26 12:03:02,065 : EventManager : Event: ======'slide_p-roc_slide_active'====== Args={'_from_bcp': True}
2017-08-26 12:03:05,063 : EventManager : Event: ======'slide_press_start_active'====== Args={'_from_bcp': True}
2017-08-26 12:03:08,085 : EventManager : Event: ======'slide_mission_pinball_active'====== Args={'_from_bcp': True}
2017-08-26 12:03:11,067 : EventManager : Event: ======'slide_p-roc_slide_active'====== Args={'_from_bcp': True}
2017-08-26 12:03:14,062 : EventManager : Event: ======'slide_press_start_active'====== Args={'_from_bcp': True}
2017-08-26 12:03:17,085 : EventManager : Event: ======'slide_mission_pinball_active'====== Args={'_from_bcp': True}
2017-08-26 12:03:20,063 : EventManager : Event: ======'slide_p-roc_slide_active'====== Args={'_from_bcp': True}
2017-08-26 12:03:23,092 : EventManager : Event: ======'slide_press_start_active'====== Args={'_from_bcp': True}
2017-08-26 12:03:26,060 : EventManager : Event: ======'slide_mission_pinball_active'====== Args={'_from_bcp': True}
2017-08-26 12:03:29,088 : EventManager : Event: ======'slide_p-roc_slide_active'====== Args={'_from_bcp': True}
2017-08-26 12:03:32,036 : EventManager : Event: ======'slide_press_start_active'====== Args={'_from_bcp': True}
2017-08-26 12:03:35,057 : EventManager : Event: ======'slide_mission_pinball_active'====== Args={'_from_bcp': True}
2017-08-26 12:03:38,054 : EventManager : Event: ======'slide_p-roc_slide_active'====== Args={'_from_bcp': True}
2017-08-26 12:03:41,060 : EventManager : Event: ======'slide_press_start_active'====== Args={'_from_bcp': True}
2017-08-26 12:03:44,078 : EventManager : Event: ======'slide_mission_pinball_active'====== Args={'_from_bcp': True}
2017-08-26 12:03:47,070 : EventManager : Event: ======'slide_p-roc_slide_active'====== Args={'_from_bcp': True}
2017-08-26 12:03:50,061 : EventManager : Event: ======'slide_press_start_active'====== Args={'_from_bcp': True}
2017-08-26 12:03:53,089 : EventManager : Event: ======'slide_mission_pinball_active'====== Args={'_from_bcp': True}
2017-08-26 12:03:56,055 : EventManager : Event: ======'slide_p-roc_slide_active'====== Args={'_from_bcp': True}
2017-08-26 12:03:59,058 : EventManager : Event: ======'slide_press_start_active'====== Args={'_from_bcp': True}
2017-08-26 12:04:02,069 : EventManager : Event: ======'slide_mission_pinball_active'====== Args={'_from_bcp': True}
2017-08-26 12:04:05,030 : EventManager : Event: ======'slide_p-roc_slide_active'====== Args={'_from_bcp': True}
2017-08-26 12:04:08,056 : EventManager : Event: ======'slide_press_start_active'====== Args={'_from_bcp': True}
2017-08-26 12:04:11,066 : EventManager : Event: ======'slide_mission_pinball_active'====== Args={'_from_bcp': True}
2017-08-26 12:04:14,056 : EventManager : Event: ======'slide_p-roc_slide_active'====== Args={'_from_bcp': True}
2017-08-26 12:04:17,084 : EventManager : Event: ======'slide_press_start_active'====== Args={'_from_bcp': True}
2017-08-26 12:04:20,060 : EventManager : Event: ======'slide_mission_pinball_active'====== Args={'_from_bcp': True}
2017-08-26 12:04:23,085 : EventManager : Event: ======'slide_p-roc_slide_active'====== Args={'_from_bcp': True}
2017-08-26 12:04:26,067 : EventManager : Event: ======'slide_press_start_active'====== Args={'_from_bcp': True}
2017-08-26 12:04:29,061 : EventManager : Event: ======'slide_mission_pinball_active'====== Args={'_from_bcp': True}
2017-08-26 12:04:32,063 : EventManager : Event: ======'slide_p-roc_slide_active'====== Args={'_from_bcp': True}
2017-08-26 12:04:35,061 : EventManager : Event: ======'slide_press_start_active'====== Args={'_from_bcp': True}
2017-08-26 12:04:38,060 : EventManager : Event: ======'slide_mission_pinball_active'====== Args={'_from_bcp': True}
2017-08-26 12:04:41,085 : EventManager : Event: ======'slide_p-roc_slide_active'====== Args={'_from_bcp': True}
2017-08-26 12:04:44,060 : EventManager : Event: ======'slide_press_start_active'====== Args={'_from_bcp': True}
2017-08-26 12:04:47,083 : EventManager : Event: ======'slide_mission_pinball_active'====== Args={'_from_bcp': True}
2017-08-26 12:04:50,060 : EventManager : Event: ======'slide_p-roc_slide_active'====== Args={'_from_bcp': True}
2017-08-26 12:04:53,083 : EventManager : Event: ======'slide_press_start_active'====== Args={'_from_bcp': True}
2017-08-26 12:04:56,056 : EventManager : Event: ======'slide_mission_pinball_active'====== Args={'_from_bcp': True}
2017-08-26 12:04:59,068 : EventManager : Event: ======'slide_p-roc_slide_active'====== Args={'_from_bcp': True}
2017-08-26 12:05:02,061 : EventManager : Event: ======'slide_press_start_active'====== Args={'_from_bcp': True}
2017-08-26 12:05:05,062 : EventManager : Event: ======'slide_mission_pinball_active'====== Args={'_from_bcp': True}
2017-08-26 12:05:08,063 : EventManager : Event: ======'slide_p-roc_slide_active'====== Args={'_from_bcp': True}
2017-08-26 12:05:11,084 : EventManager : Event: ======'slide_press_start_active'====== Args={'_from_bcp': True}
2017-08-26 12:05:14,027 : EventManager : Event: ======'slide_mission_pinball_active'====== Args={'_from_bcp': True}
2017-08-26 12:05:17,067 : EventManager : Event: ======'slide_p-roc_slide_active'====== Args={'_from_bcp': True}
2017-08-26 12:05:20,072 : EventManager : Event: ======'slide_press_start_active'====== Args={'_from_bcp': True}
2017-08-26 12:05:23,030 : EventManager : Event: ======'slide_mission_pinball_active'====== Args={'_from_bcp': True}
2017-08-26 12:05:26,061 : EventManager : Event: ======'slide_p-roc_slide_active'====== Args={'_from_bcp': True}
2017-08-26 12:05:29,068 : EventManager : Event: ======'slide_press_start_active'====== Args={'_from_bcp': True}
2017-08-26 12:05:32,061 : EventManager : Event: ======'slide_mission_pinball_active'====== Args={'_from_bcp': True}
2017-08-26 12:05:35,043 : EventManager : Event: ======'slide_p-roc_slide_active'====== Args={'_from_bcp': True}
2017-08-26 12:05:38,051 : EventManager : Event: ======'slide_press_start_active'====== Args={'_from_bcp': True}
2017-08-26 12:05:41,065 : EventManager : Event: ======'slide_mission_pinball_active'====== Args={'_from_bcp': True}
2017-08-26 12:05:44,057 : EventManager : Event: ======'slide_p-roc_slide_active'====== Args={'_from_bcp': True}
2017-08-26 12:05:47,074 : EventManager : Event: ======'slide_press_start_active'====== Args={'_from_bcp': True}
2017-08-26 12:05:50,067 : EventManager : Event: ======'slide_mission_pinball_active'====== Args={'_from_bcp': True}
2017-08-26 12:05:53,055 : EventManager : Event: ======'slide_p-roc_slide_active'====== Args={'_from_bcp': True}
2017-08-26 12:05:56,058 : EventManager : Event: ======'slide_press_start_active'====== Args={'_from_bcp': True}
2017-08-26 12:05:59,062 : EventManager : Event: ======'slide_mission_pinball_active'====== Args={'_from_bcp': True}
2017-08-26 12:06:02,059 : EventManager : Event: ======'slide_p-roc_slide_active'====== Args={'_from_bcp': True}
2017-08-26 12:06:05,089 : EventManager : Event: ======'slide_press_start_active'====== Args={'_from_bcp': True}
2017-08-26 12:06:08,062 : EventManager : Event: ======'slide_mission_pinball_active'====== Args={'_from_bcp': True}
2017-08-26 12:06:11,066 : EventManager : Event: ======'slide_p-roc_slide_active'====== Args={'_from_bcp': True}
2017-08-26 12:06:14,021 : EventManager : Event: ======'slide_press_start_active'====== Args={'_from_bcp': True}
2017-08-26 12:06:17,061 : EventManager : Event: ======'slide_mission_pinball_active'====== Args={'_from_bcp': True}
2017-08-26 12:06:20,056 : EventManager : Event: ======'slide_p-roc_slide_active'====== Args={'_from_bcp': True}
2017-08-26 12:06:23,060 : EventManager : Event: ======'slide_press_start_active'====== Args={'_from_bcp': True}
2017-08-26 12:06:26,084 : EventManager : Event: ======'slide_mission_pinball_active'====== Args={'_from_bcp': True}
2017-08-26 12:06:29,060 : EventManager : Event: ======'slide_p-roc_slide_active'====== Args={'_from_bcp': True}
2017-08-26 12:06:32,074 : EventManager : Event: ======'slide_press_start_active'====== Args={'_from_bcp': True}
2017-08-26 12:06:35,066 : EventManager : Event: ======'slide_mission_pinball_active'====== Args={'_from_bcp': True}
2017-08-26 12:06:38,054 : EventManager : Event: ======'slide_p-roc_slide_active'====== Args={'_from_bcp': True}
2017-08-26 12:06:41,066 : EventManager : Event: ======'slide_press_start_active'====== Args={'_from_bcp': True}
2017-08-26 12:06:44,063 : EventManager : Event: ======'slide_mission_pinball_active'====== Args={'_from_bcp': True}
2017-08-26 12:06:47,087 : EventManager : Event: ======'slide_p-roc_slide_active'====== Args={'_from_bcp': True}
2017-08-26 12:06:50,060 : EventManager : Event: ======'slide_press_start_active'====== Args={'_from_bcp': True}
2017-08-26 12:06:53,068 : EventManager : Event: ======'slide_mission_pinball_active'====== Args={'_from_bcp': True}
2017-08-26 12:06:56,059 : EventManager : Event: ======'slide_p-roc_slide_active'====== Args={'_from_bcp': True}
2017-08-26 12:06:59,072 : EventManager : Event: ======'slide_press_start_active'====== Args={'_from_bcp': True}
2017-08-26 12:07:02,075 : EventManager : Event: ======'slide_mission_pinball_active'====== Args={'_from_bcp': True}
2017-08-26 12:07:05,068 : EventManager : Event: ======'slide_p-roc_slide_active'====== Args={'_from_bcp': True}
2017-08-26 12:07:08,052 : EventManager : Event: ======'slide_press_start_active'====== Args={'_from_bcp': True}
2017-08-26 12:07:11,042 : EventManager : Event: ======'slide_mission_pinball_active'====== Args={'_from_bcp': True}
2017-08-26 12:07:14,065 : EventManager : Event: ======'slide_p-roc_slide_active'====== Args={'_from_bcp': True}
2017-08-26 12:07:17,047 : EventManager : Event: ======'slide_press_start_active'====== Args={'_from_bcp': True}
2017-08-26 12:07:20,069 : EventManager : Event: ======'slide_mission_pinball_active'====== Args={'_from_bcp': True}
2017-08-26 12:07:23,061 : EventManager : Event: ======'slide_p-roc_slide_active'====== Args={'_from_bcp': True}
2017-08-26 12:07:26,062 : EventManager : Event: ======'slide_press_start_active'====== Args={'_from_bcp': True}
2017-08-26 12:07:29,024 : EventManager : Event: ======'slide_mission_pinball_active'====== Args={'_from_bcp': True}
2017-08-26 12:07:32,071 : EventManager : Event: ======'slide_p-roc_slide_active'====== Args={'_from_bcp': True}
2017-08-26 12:07:35,062 : EventManager : Event: ======'slide_press_start_active'====== Args={'_from_bcp': True}
2017-08-26 12:07:38,060 : EventManager : Event: ======'slide_mission_pinball_active'====== Args={'_from_bcp': True}
2017-08-26 12:07:41,060 : EventManager : Event: ======'slide_p-roc_slide_active'====== Args={'_from_bcp': True}
2017-08-26 12:07:44,065 : EventManager : Event: ======'slide_press_start_active'====== Args={'_from_bcp': True}
2017-08-26 12:07:47,050 : EventManager : Event: ======'slide_mission_pinball_active'====== Args={'_from_bcp': True}
2017-08-26 12:07:50,069 : EventManager : Event: ======'slide_p-roc_slide_active'====== Args={'_from_bcp': True}
2017-08-26 12:07:53,068 : EventManager : Event: ======'slide_press_start_active'====== Args={'_from_bcp': True}
2017-08-26 12:07:56,070 : EventManager : Event: ======'slide_mission_pinball_active'====== Args={'_from_bcp': True}
2017-08-26 12:07:59,035 : EventManager : Event: ======'slide_p-roc_slide_active'====== Args={'_from_bcp': True}
2017-08-26 12:08:02,039 : EventManager : Event: ======'slide_press_start_active'====== Args={'_from_bcp': True}
2017-08-26 12:08:02,563 : SwitchController : Processing switch. Name: s_start, state: 1, logical: True,
2017-08-26 12:08:02,564 : SwitchController : <<<<<<< 's_start' active >>>>>>>
2017-08-26 12:08:02,564 : EventManager : Event: ======'s_start_active'====== Args={}
2017-08-26 12:08:02,564 : EventManager : Event: ======'sw_start'====== Args={}
2017-08-26 12:08:02,564 : EventManager : Event: ======'sw_start_active'====== Args={}
2017-08-26 12:08:02,715 : SwitchController : Processing switch. Name: s_start, state: 0, logical: True,
2017-08-26 12:08:02,715 : SwitchController : <<<<<<< 's_start' inactive >>>>>>>
2017-08-26 12:08:02,715 : EventManager : Event: ======'request_to_start_game'====== Args={}
2017-08-26 12:08:02,716 : EventManager : Event: ======'s_start_inactive'====== Args={}
2017-08-26 12:08:02,716 : EventManager : Event: ======'sw_start_inactive'====== Args={}
2017-08-26 12:08:02,717 : EventManager : Event: ======'game_start'====== Args={'buttons': [], 'hold_time': 0.15599999999994907}
2017-08-26 12:08:02,719 : EventManager : Event: ======'mode_game_starting'====== Args={}
2017-08-26 12:08:02,719 : SwitchController : Removing switch handler. Switch: s_start, State: 1, ms: 0
2017-08-26 12:08:02,720 : SwitchController : Removing switch handler. Switch: s_start, State: 0, ms: 0
2017-08-26 12:08:02,720 : EventManager : Event: ======'mode_attract_stopping'====== Args={}
2017-08-26 12:08:02,720 : Mode.attract : Stopped.
2017-08-26 12:08:02,722 : EventManager : Event: ======'mode_attract_stopped'====== Args={}
2017-08-26 12:08:02,722 : EventManager : Event: ======'clear'====== Args={'key': 'attract'}
2017-08-26 12:08:02,723 : Mode.game : Started. Priority: 20
2017-08-26 12:08:02,723 : EventManager : Event: ======'mode_game_started'====== Args={}
2017-08-26 12:08:02,724 : EventManager : Event: ======'game_starting'====== Args={'game': <Mode.game>}
2017-08-26 12:08:02,727 : EventManager : Event: ======'player_add_success'====== Args={'num': 1, 'player': <Player 1>}
2017-08-26 12:08:02,727 : EventManager : Event: ======'player_turn_start'====== Args={'number': 1, 'player': <Player 1>}
2017-08-26 12:08:02,727 : EventManager : Event: ======'game_started'====== Args={}
2017-08-26 12:08:02,728 : Mode.game : Player added successfully. Total players: 1
2017-08-26 12:08:02,728 : EventManager : Event: ======'player_extra_balls_lit'====== Args={'player_num': 1, 'prev_value': 0, 'value': 0, 'change': 0}
2017-08-26 12:08:02,729 : EventManager : Event: ======'player_extra_balls'====== Args={'player_num': 1, 'prev_value': 0, 'value': 0, 'change': 0}
2017-08-26 12:08:02,730 : EventManager : Event: ======'player_extra_balls_current_ball'====== Args={'player_num': 1, 'prev_value': 0, 'value': 0, 'change': 0}
2017-08-26 12:08:02,733 : EventManager : Event: ======'player_turn_starting'====== Args={'number': 1, 'player': <Player 1>}
2017-08-26 12:08:02,734 : EventManager : Event: ======'player_ball'====== Args={'player_num': 1, 'prev_value': 0, 'value': 1, 'change': 1}
2017-08-26 12:08:02,735 : EventManager : Event: ======'player_turn_started'====== Args={'number': 1, 'player': <Player 1>}
2017-08-26 12:08:02,735 : EventManager : Event: ======'ball_starting'====== Args={'is_extra_ball': False, 'balls_remaining': 2}
2017-08-26 12:08:02,739 : EventManager : Event: ======'mode_base_starting'====== Args={}
2017-08-26 12:08:02,740 : EventManager : Event: ======'balls_in_play'====== Args={'balls': 1}
2017-08-26 12:08:02,740 : EventManager : Event: ======'ball_started'====== Args={'player': 1, 'ball': 1}
2017-08-26 12:08:02,740 : EventManager : Event: ======'single_player_ball_started'====== Args={}
2017-08-26 12:08:02,741 : EventManager : Event: ======'balldevice_balls_available'====== Args={}
2017-08-26 12:08:02,746 : Mode.base : Started. Priority: 100
2017-08-26 12:08:02,746 : EventManager : Event: ======'mode_base_started'====== Args={}
2017-08-26 12:08:02,751 : EventManager : Event: ======'slide_mission_pinball_removed'====== Args={'_from_bcp': True}
2017-08-26 12:08:02,751 : EventManager : Event: ======'slide_p-roc_slide_removed'====== Args={'_from_bcp': True}
2017-08-26 12:08:02,752 : EventManager : Event: ======'slide_press_start_removed'====== Args={'_from_bcp': True}
2017-08-26 12:08:02,752 : EventManager : Event: ======'slide_dmd_slide_active'====== Args={'_from_bcp': True}
2017-08-26 12:08:02,754 : EventManager : Event: ======'balldevice_bd_trough_ball_eject_attempt'====== Args={'mechanical_eject': True, 'balls': 1, 'source': <ball_device.bd_trough>, 'target': <ball_device.bd_plunger>, 'num_attempts': 0}
2017-08-26 12:08:02,755 : EventManager : Event: ======'balldevice_bd_trough_ejecting_ball'====== Args={'mechanical_eject': True, 'balls': 1, 'source': <ball_device.bd_trough>, 'target': <ball_device.bd_plunger>, 'num_attempts': 0}
2017-08-26 12:08:02,756 : SwitchController : Registering switch handler: s_trough1, functools.partial(<function SwitchController._wait_handler at 0x00000000051A6400>, switch_name='s_trough1', _future=<Future pending cb=[SwitchController._future_done([])()]>, ms=0), state: 0, ms: 0, info: False, cb_kwargs: {}
2017-08-26 12:08:02,756 : SwitchController : Registering switch handler: s_trough2, functools.partial(<function SwitchController._wait_handler at 0x00000000051A6400>, switch_name='s_trough2', _future=<Future pending cb=[SwitchController._future_done([])()]>, ms=0), state: 0, ms: 0, info: False, cb_kwargs: {}
2017-08-26 12:08:02,757 : SwitchController : Registering switch handler: s_trough3, functools.partial(<function SwitchController._wait_handler at 0x00000000051A6400>, switch_name='s_trough3', _future=<Future pending cb=[SwitchController._future_done([])()]>, ms=0), state: 0, ms: 0, info: False, cb_kwargs: {}
2017-08-26 12:08:02,758 : SwitchController : Registering switch handler: s_trough4, functools.partial(<function SwitchController._wait_handler at 0x00000000051A6400>, switch_name='s_trough4', _future=<Future pending cb=[SwitchController._future_done([])()]>, ms=0), state: 0, ms: 0, info: False, cb_kwargs: {}
2017-08-26 12:08:02,790 : EventManager : Event: ======'slide_widgets_created'====== Args={'_from_bcp': True}
2017-08-26 12:08:02,796 : EventManager : Event: ======'slide_widgets_active'====== Args={'_from_bcp': True}
2017-08-26 12:08:06,601 : SwitchController : Processing switch. Name: s_start, state: 1, logical: True,
2017-08-26 12:08:06,601 : SwitchController : <<<<<<< 's_start' active >>>>>>>
2017-08-26 12:08:06,602 : EventManager : Event: ======'machine_var_audits_switches_s_start'====== Args={'prev_value': 8, 'value': 8, 'change': 0}
2017-08-26 12:08:06,603 : EventManager : Event: ======'s_start_active'====== Args={}
2017-08-26 12:08:06,603 : EventManager : Event: ======'sw_start'====== Args={}
2017-08-26 12:08:06,603 : EventManager : Event: ======'sw_start_active'====== Args={}
2017-08-26 12:08:06,604 : EventManager : Event: ======'player_add_request'====== Args={}
2017-08-26 12:08:06,605 : EventManager : Event: ======'player_add_success'====== Args={'num': 2, 'player': <Player 2>}
2017-08-26 12:08:06,605 : Mode.game : Player added successfully. Total players: 2
2017-08-26 12:08:06,605 : EventManager : Event: ======'multiplayer_game'====== Args={}
2017-08-26 12:08:06,606 : EventManager : Event: ======'player_extra_balls_lit'====== Args={'player_num': 2, 'prev_value': 0, 'value': 0, 'change': 0}
2017-08-26 12:08:06,607 : EventManager : Event: ======'player_extra_balls'====== Args={'player_num': 2, 'prev_value': 0, 'value': 0, 'change': 0}
2017-08-26 12:08:06,608 : EventManager : Event: ======'player_extra_balls_current_ball'====== Args={'player_num': 2, 'prev_value': 0, 'value': 0, 'change': 0}
2017-08-26 12:08:06,610 : EventManager : Event: ======'player_score'====== Args={'player_num': 2, 'prev_value': 0, 'value': 0, 'change': 0}
2017-08-26 12:08:06,748 : SwitchController : Processing switch. Name: s_start, state: 0, logical: True,
2017-08-26 12:08:06,749 : SwitchController : <<<<<<< 's_start' inactive >>>>>>>
2017-08-26 12:08:06,749 : EventManager : Event: ======'s_start_inactive'====== Args={}
2017-08-26 12:08:06,750 : EventManager : Event: ======'sw_start_inactive'====== Args={}
2017-08-26 12:08:12,768 : EventManager : Event: ======'balldevice_bd_trough_ball_eject_failed'====== Args={'retry': True, 'balls': 1, 'target': <ball_device.bd_plunger>, 'num_attempts': 1}
2017-08-26 12:08:12,770 : EventManager : Event: ======'balldevice_bd_trough_ball_eject_attempt'====== Args={'mechanical_eject': True, 'balls': 1, 'source': <ball_device.bd_trough>, 'target': <ball_device.bd_plunger>, 'num_attempts': 1}
2017-08-26 12:08:12,770 : SwitchController : Removing switch handler. Switch: s_trough1, State: 0, ms: 0
2017-08-26 12:08:12,770 : SwitchController : Removing switch handler. Switch: s_trough2, State: 0, ms: 0
2017-08-26 12:08:12,771 : SwitchController : Removing switch handler. Switch: s_trough3, State: 0, ms: 0
2017-08-26 12:08:12,771 : SwitchController : Removing switch handler. Switch: s_trough4, State: 0, ms: 0
2017-08-26 12:08:12,772 : EventManager : Event: ======'balldevice_bd_trough_ejecting_ball'====== Args={'mechanical_eject': True, 'balls': 1, 'source': <ball_device.bd_trough>, 'target': <ball_device.bd_plunger>, 'num_attempts': 1}
2017-08-26 12:08:12,774 : SwitchController : Registering switch handler: s_trough1, functools.partial(<function SwitchController._wait_handler at 0x00000000051A6400>, switch_name='s_trough1', _future=<Future pending cb=[SwitchController._future_done([])()]>, ms=0), state: 0, ms: 0, info: False, cb_kwargs: {}
2017-08-26 12:08:12,774 : SwitchController : Registering switch handler: s_trough2, functools.partial(<function SwitchController._wait_handler at 0x00000000051A6400>, switch_name='s_trough2', _future=<Future pending cb=[SwitchController._future_done([])()]>, ms=0), state: 0, ms: 0, info: False, cb_kwargs: {}
2017-08-26 12:08:12,775 : SwitchController : Registering switch handler: s_trough3, functools.partial(<function SwitchController._wait_handler at 0x00000000051A6400>, switch_name='s_trough3', _future=<Future pending cb=[SwitchController._future_done([])()]>, ms=0), state: 0, ms: 0, info: False, cb_kwargs: {}
2017-08-26 12:08:12,775 : SwitchController : Registering switch handler: s_trough4, functools.partial(<function SwitchController._wait_handler at 0x00000000051A6400>, switch_name='s_trough4', _future=<Future pending cb=[SwitchController._future_done([])()]>, ms=0), state: 0, ms: 0, info: False, cb_kwargs: {}
2017-08-26 12:08:19,120 : SwitchController : Processing switch. Name: s_right_inlane, state: 1, logical: True,
2017-08-26 12:08:19,120 : SwitchController : <<<<<<< 's_right_inlane' active >>>>>>>
2017-08-26 12:08:19,121 : EventManager : Event: ======'machine_var_audits_switches_s_right_inlane'====== Args={'prev_value': 156, 'value': 156, 'change': 0}
2017-08-26 12:08:19,122 : EventManager : Event: ======'s_right_inlane_active'====== Args={}
2017-08-26 12:08:19,123 : EventManager : Event: ======'sw_playfield_active'====== Args={}
2017-08-26 12:08:19,123 : EventManager : Event: ======'sw_playfield_active_active'====== Args={}
2017-08-26 12:08:19,124 : EventManager : Event: ======'player_score'====== Args={'player_num': 1, 'prev_value': 0, 'value': 100, 'change': 100}
2017-08-26 12:08:19,126 : EventManager : Event: ======'playfield_active'====== Args={}
2017-08-26 12:08:19,126 : EventManager : Event: ======'unexpected_ball_on_playfield'====== Args={}
2017-08-26 12:08:19,243 : SwitchController : Processing switch. Name: s_right_inlane, state: 0, logical: True,
2017-08-26 12:08:19,244 : SwitchController : <<<<<<< 's_right_inlane' inactive >>>>>>>
2017-08-26 12:08:19,244 : EventManager : Event: ======'s_right_inlane_inactive'====== Args={}
2017-08-26 12:08:19,244 : EventManager : Event: ======'sw_playfield_active_inactive'====== Args={}
2017-08-26 12:08:22,778 : EventManager : Event: ======'balldevice_bd_trough_ball_eject_failed'====== Args={'retry': True, 'balls': 1, 'target': <ball_device.bd_plunger>, 'num_attempts': 2}
2017-08-26 12:08:22,780 : EventManager : Event: ======'balldevice_bd_trough_ball_eject_attempt'====== Args={'mechanical_eject': True, 'balls': 1, 'source': <ball_device.bd_trough>, 'target': <ball_device.bd_plunger>, 'num_attempts': 2}
2017-08-26 12:08:22,781 : SwitchController : Removing switch handler. Switch: s_trough1, State: 0, ms: 0
2017-08-26 12:08:22,781 : SwitchController : Removing switch handler. Switch: s_trough2, State: 0, ms: 0
2017-08-26 12:08:22,782 : SwitchController : Removing switch handler. Switch: s_trough3, State: 0, ms: 0
2017-08-26 12:08:22,782 : SwitchController : Removing switch handler. Switch: s_trough4, State: 0, ms: 0
2017-08-26 12:08:22,783 : EventManager : Event: ======'balldevice_bd_trough_ejecting_ball'====== Args={'mechanical_eject': True, 'balls': 1, 'source': <ball_device.bd_trough>, 'target': <ball_device.bd_plunger>, 'num_attempts': 2}
2017-08-26 12:08:22,786 : SwitchController : Registering switch handler: s_trough1, functools.partial(<function SwitchController._wait_handler at 0x00000000051A6400>, switch_name='s_trough1', _future=<Future pending cb=[SwitchController._future_done([])()]>, ms=0), state: 0, ms: 0, info: False, cb_kwargs: {}
2017-08-26 12:08:22,787 : SwitchController : Registering switch handler: s_trough2, functools.partial(<function SwitchController._wait_handler at 0x00000000051A6400>, switch_name='s_trough2', _future=<Future pending cb=[SwitchController._future_done([])()]>, ms=0), state: 0, ms: 0, info: False, cb_kwargs: {}
2017-08-26 12:08:22,787 : SwitchController : Registering switch handler: s_trough3, functools.partial(<function SwitchController._wait_handler at 0x00000000051A6400>, switch_name='s_trough3', _future=<Future pending cb=[SwitchController._future_done([])()]>, ms=0), state: 0, ms: 0, info: False, cb_kwargs: {}
2017-08-26 12:08:22,788 : SwitchController : Registering switch handler: s_trough4, functools.partial(<function SwitchController._wait_handler at 0x00000000051A6400>, switch_name='s_trough4', _future=<Future pending cb=[SwitchController._future_done([])()]>, ms=0), state: 0, ms: 0, info: False, cb_kwargs: {}
2017-08-26 12:08:32,793 : EventManager : Event: ======'balldevice_bd_trough_ball_eject_failed'====== Args={'retry': True, 'balls': 1, 'target': <ball_device.bd_plunger>, 'num_attempts': 3}
2017-08-26 12:08:32,795 : EventManager : Event: ======'balldevice_bd_trough_ball_eject_attempt'====== Args={'mechanical_eject': True, 'balls': 1, 'source': <ball_device.bd_trough>, 'target': <ball_device.bd_plunger>, 'num_attempts': 3}
2017-08-26 12:08:32,796 : SwitchController : Removing switch handler. Switch: s_trough1, State: 0, ms: 0
2017-08-26 12:08:32,796 : SwitchController : Removing switch handler. Switch: s_trough2, State: 0, ms: 0
2017-08-26 12:08:32,797 : SwitchController : Removing switch handler. Switch: s_trough3, State: 0, ms: 0
2017-08-26 12:08:32,797 : SwitchController : Removing switch handler. Switch: s_trough4, State: 0, ms: 0
2017-08-26 12:08:32,798 : EventManager : Event: ======'balldevice_bd_trough_ejecting_ball'====== Args={'mechanical_eject': True, 'balls': 1, 'source': <ball_device.bd_trough>, 'target': <ball_device.bd_plunger>, 'num_attempts': 3}
2017-08-26 12:08:32,799 : SwitchController : Registering switch handler: s_trough1, functools.partial(<function SwitchController._wait_handler at 0x00000000051A6400>, switch_name='s_trough1', _future=<Future pending cb=[SwitchController._future_done([])()]>, ms=0), state: 0, ms: 0, info: False, cb_kwargs: {}
2017-08-26 12:08:32,800 : SwitchController : Registering switch handler: s_trough2, functools.partial(<function SwitchController._wait_handler at 0x00000000051A6400>, switch_name='s_trough2', _future=<Future pending cb=[SwitchController._future_done([])()]>, ms=0), state: 0, ms: 0, info: False, cb_kwargs: {}
2017-08-26 12:08:32,800 : SwitchController : Registering switch handler: s_trough3, functools.partial(<function SwitchController._wait_handler at 0x00000000051A6400>, switch_name='s_trough3', _future=<Future pending cb=[SwitchController._future_done([])()]>, ms=0), state: 0, ms: 0, info: False, cb_kwargs: {}
2017-08-26 12:08:32,801 : SwitchController : Registering switch handler: s_trough4, functools.partial(<function SwitchController._wait_handler at 0x00000000051A6400>, switch_name='s_trough4', _future=<Future pending cb=[SwitchController._future_done([])()]>, ms=0), state: 0, ms: 0, info: False, cb_kwargs: {}
2017-08-26 12:08:33,263 : SwitchController : Processing switch. Name: s_left_flipper, state: 1, logical: True,
2017-08-26 12:08:33,264 : SwitchController : <<<<<<< 's_left_flipper' active >>>>>>>
2017-08-26 12:08:33,264 : EventManager : Event: ======'machine_var_audits_switches_s_left_flipper'====== Args={'prev_value': 1194, 'value': 1194, 'change': 0}
2017-08-26 12:08:33,265 : EventManager : Event: ======'s_left_flipper_active'====== Args={}
2017-08-26 12:08:33,267 : EventManager : Event: ======'player_jetpoints'====== Args={'player_num': 1, 'prev_value': 0, 'value': 1, 'change': 1}
2017-08-26 12:08:33,268 : EventManager : Event: ======'player_score'====== Args={'player_num': 1, 'prev_value': 100, 'value': 1100, 'change': 1000}
2017-08-26 12:08:37,208 : SwitchController : Processing switch. Name: s_left_flipper, state: 0, logical: True,
2017-08-26 12:08:37,208 : SwitchController : <<<<<<< 's_left_flipper' inactive >>>>>>>
2017-08-26 12:08:37,208 : EventManager : Event: ======'s_left_flipper_inactive'====== Args={}
2017-08-26 12:08:39,279 : Machine : Shutting down...
2017-08-26 12:08:39,279 : EventManager : Event: ======'shutdown'====== Args={}
2017-08-26 12:08:39,283 : asyncio : Task was destroyed but it is pending!
task: <Task pending coro=<wait() running at c:\python34\lib\asyncio\locks.py:264> wait_for=<Future cancelled> cb=[_wait.<locals>._on_completion() at c:\python34\lib\asyncio\tasks.py:408]>
2017-08-26 12:08:39,283 : asyncio : Task was destroyed but it is pending!
task: <Task pending coro=<wait() running at c:\python34\lib\asyncio\locks.py:264> wait_for=<Future cancelled> cb=[_wait.<locals>._on_completion() at c:\python34\lib\asyncio\tasks.py:408]>
2017-08-26 12:08:39,283 : asyncio : Task was destroyed but it is pending!
task: <Task pending coro=<get() running at c:\python34\lib\asyncio\queues.py:168> wait_for=<Future cancelled> cb=[_wait.<locals>._on_completion() at c:\python34\lib\asyncio\tasks.py:408]>
2017-08-26 12:08:39,283 : asyncio : Task was destroyed but it is pending!
task: <Task pending coro=<wait() running at c:\python34\lib\asyncio\locks.py:264> wait_for=<Future cancelled> cb=[_wait.<locals>._on_completion() at c:\python34\lib\asyncio\tasks.py:408]>
2017-08-26 12:08:39,283 : asyncio : Task was destroyed but it is pending!
task: <Task pending coro=<get() running at c:\python34\lib\asyncio\queues.py:168> wait_for=<Future cancelled> cb=[_wait.<locals>._on_completion() at c:\python34\lib\asyncio\tasks.py:408]>
2017-08-26 12:08:39,287 : asyncio : Task was destroyed but it is pending!
task: <Task pending coro=<wait() running at c:\python34\lib\asyncio\locks.py:264> wait_for=<Future cancelled> cb=[_wait.<locals>._on_completion() at c:\python34\lib\asyncio\tasks.py:408]>
2017-08-26 12:08:39,287 : root : MPF run loop ended.
