2017-10-05 21:10:52,771 : kivy : Factory: 194 symbols loaded
2017-10-05 21:10:52,880 : kivy : Image: Providers: img_tex, img_dds, img_sdl2, img_gif (img_pil, img_ffpyplayer ignored)
2017-10-05 21:10:52,943 : kivy : VideoGstplayer: Using Gstreamer 1.10.2.0
2017-10-05 21:10:52,943 : kivy : Video: Provider: gstplayer
2017-10-05 21:10:52,974 : kivy : Loading MPF-MC controller
2017-10-05 21:10:52,974 : mpfmc : Mission Pinball Framework Media Controller v0.33.13
2017-10-05 21:10:52,974 : mpfmc : Mission Pinball Framework Game Engine v0.33.33
2017-10-05 21:10:52,990 : mpfmc : Machine path: C:\GIT\Escape_Pinball
2017-10-05 21:10:52,990 : mpfmc : Starting clock at 30.0Hz
2017-10-05 21:10:53,005 : kivy : Text: Provider: sdl2
2017-10-05 21:10:53,271 : kivy : OSC: using <thread> for socket
2017-10-05 21:10:53,271 : kivy : Window: Provider: sdl2
2017-10-05 21:10:54,122 : kivy : GL: Using the "OpenGL" graphics system
2017-10-05 21:10:54,131 : kivy : GL: GLEW initialization succeeded
2017-10-05 21:10:54,133 : kivy : GL: Backend used <glew>
2017-10-05 21:10:54,134 : kivy : GL: OpenGL version <b'4.5.0 NVIDIA 385.41'>
2017-10-05 21:10:54,139 : kivy : GL: OpenGL vendor <b'NVIDIA Corporation'>
2017-10-05 21:10:54,140 : kivy : GL: OpenGL renderer <b'GeForce GTX 1060/PCIe/SSE2'>
2017-10-05 21:10:54,144 : kivy : GL: OpenGL parsed version: 4, 5
2017-10-05 21:10:54,148 : kivy : GL: Shading version <b'4.50 NVIDIA'>
2017-10-05 21:10:54,150 : kivy : GL: Texture max size <32768>
2017-10-05 21:10:54,152 : kivy : GL: Texture max units <32>
2017-10-05 21:10:54,180 : kivy : Window: auto add sdl2 input provider
2017-10-05 21:10:54,182 : kivy : Window: virtual keyboard not allowed, single mode, not docked
2017-10-05 21:10:54,190 : AudioInterface : NOTE: You may experience noise and other undesirable sound artifacts when you set your buffer at 1024 or smaller.
2017-10-05 21:10:55,025 : AudioInterface : Initialized
2017-10-05 21:10:55,030 : kivy : Base: Start application main loop
2017-10-05 21:10:56,056 : MPF-MC BCP Server : Starting up on localhost port 5050
2017-10-05 21:10:56,062 : MPF-MC BCP Server : Waiting for a connection...
2017-10-05 21:10:56,351 : MPF-MC BCP Server : Received connection from: 127.0.0.1:52025
2017-10-05 21:10:56,728 : kivy : GL: NPOT texture support is available
2017-10-05 21:13:34,831 : kivy : Base: Leaving application in progress...
2017-10-05 21:13:35,026 : mpfmc : Stopping...
2017-10-05 21:13:35,026 : mpfmc : Loop rate 39.13 Hz
2017-10-05 21:13:35,026 : kivy : MC run loop ended.
2017-10-05 21:13:35,026 : kivy : Stopping child threads... (3 remaining)
2017-10-05 21:13:35,832 : mpfmc : Stopping...
2017-10-05 21:13:35,832 : mpfmc : Loop rate 38.94 Hz
2017-10-05 21:13:36,039 : MPF-MC BCP Server : Stopping BCP sending thread
2017-10-05 21:13:36,123 : kivy : All child threads stopped.
