2017-10-05 20:50:49,979 : kivy : Factory: 194 symbols loaded
2017-10-05 20:50:50,089 : kivy : Image: Providers: img_tex, img_dds, img_sdl2, img_gif (img_pil, img_ffpyplayer ignored)
2017-10-05 20:50:50,136 : kivy : VideoGstplayer: Using Gstreamer 1.10.2.0
2017-10-05 20:50:50,136 : kivy : Video: Provider: gstplayer
2017-10-05 20:50:50,183 : kivy : Loading MPF-MC controller
2017-10-05 20:50:50,183 : mpfmc : Mission Pinball Framework Media Controller v0.33.13
2017-10-05 20:50:50,183 : mpfmc : Mission Pinball Framework Game Engine v0.33.33
2017-10-05 20:50:50,198 : mpfmc : Machine path: C:\GIT\Escape_Pinball
2017-10-05 20:50:50,198 : mpfmc : Starting clock at 30.0Hz
2017-10-05 20:50:50,198 : kivy : Text: Provider: sdl2
2017-10-05 20:50:50,495 : kivy : OSC: using <thread> for socket
2017-10-05 20:50:50,495 : kivy : Window: Provider: sdl2
2017-10-05 20:50:51,354 : kivy : GL: Using the "OpenGL" graphics system
2017-10-05 20:50:51,359 : kivy : GL: GLEW initialization succeeded
2017-10-05 20:50:51,360 : kivy : GL: Backend used <glew>
2017-10-05 20:50:51,361 : kivy : GL: OpenGL version <b'4.5.0 NVIDIA 385.41'>
2017-10-05 20:50:51,365 : kivy : GL: OpenGL vendor <b'NVIDIA Corporation'>
2017-10-05 20:50:51,366 : kivy : GL: OpenGL renderer <b'GeForce GTX 1060/PCIe/SSE2'>
2017-10-05 20:50:51,371 : kivy : GL: OpenGL parsed version: 4, 5
2017-10-05 20:50:51,375 : kivy : GL: Shading version <b'4.50 NVIDIA'>
2017-10-05 20:50:51,376 : kivy : GL: Texture max size <32768>
2017-10-05 20:50:51,380 : kivy : GL: Texture max units <32>
2017-10-05 20:50:51,396 : kivy : Window: auto add sdl2 input provider
2017-10-05 20:50:51,397 : kivy : Window: virtual keyboard not allowed, single mode, not docked
2017-10-05 20:50:51,403 : AudioInterface : NOTE: You may experience noise and other undesirable sound artifacts when you set your buffer at 1024 or smaller.
2017-10-05 20:50:52,161 : AudioInterface : Initialized
2017-10-05 20:50:52,165 : kivy : Base: Start application main loop
2017-10-05 20:50:53,209 : MPF-MC BCP Server : Starting up on localhost port 5050
2017-10-05 20:50:53,215 : MPF-MC BCP Server : Waiting for a connection...
2017-10-05 20:50:53,573 : MPF-MC BCP Server : Received connection from: 127.0.0.1:51534
2017-10-05 20:50:53,919 : kivy : GL: NPOT texture support is available
2017-10-05 20:52:35,694 : kivy : Base: Leaving application in progress...
2017-10-05 20:52:35,926 : mpfmc : Stopping...
2017-10-05 20:52:35,928 : mpfmc : Loop rate 38.77 Hz
2017-10-05 20:52:35,931 : kivy : MC run loop ended.
2017-10-05 20:52:35,933 : kivy : Stopping child threads... (3 remaining)
2017-10-05 20:52:36,274 : MPF-MC BCP Server : Stopping BCP sending thread
2017-10-05 20:52:36,274 : mpfmc : Stopping...
2017-10-05 20:52:36,290 : mpfmc : Loop rate 38.64 Hz
2017-10-05 20:52:36,368 : kivy : All child threads stopped.
