2018-02-12 16:43:41,507 : kivy : Factory: 194 symbols loaded
2018-02-12 16:43:42,443 : kivy : Image: Providers: img_tex, img_dds, img_sdl2, img_gif (img_pil, img_ffpyplayer ignored)
2018-02-12 16:43:43,785 : kivy : VideoGstplayer: Using Gstreamer 1.10.2.0
2018-02-12 16:43:43,785 : kivy : Video: Provider: gstplayer
2018-02-12 16:43:44,144 : kivy : Loading MPF-MC controller
2018-02-12 16:43:44,144 : mpfmc : Mission Pinball Framework Media Controller v0.33.16
2018-02-12 16:43:44,144 : mpfmc : Mission Pinball Framework Game Engine v0.33.49
2018-02-12 16:43:44,159 : mpfmc : Machine path: C:\Pinball
2018-02-12 16:43:44,159 : mpfmc : Starting clock at 30.0Hz
2018-02-12 16:43:44,440 : kivy : Text: Provider: sdl2
2018-02-12 16:43:45,064 : kivy : OSC: using <thread> for socket
2018-02-12 16:43:45,329 : kivy : Window: Provider: sdl2
2018-02-12 16:43:45,888 : kivy : GL: Using the "OpenGL" graphics system
2018-02-12 16:43:45,929 : kivy : GL: GLEW initialization succeeded
2018-02-12 16:43:45,944 : kivy : GL: Backend used <glew>
2018-02-12 16:43:45,951 : kivy : GL: OpenGL version <b'4.0.0 - Build 9.18.10.3204'>
2018-02-12 16:43:45,952 : kivy : GL: OpenGL vendor <b'Intel'>
2018-02-12 16:43:45,952 : kivy : GL: OpenGL renderer <b'Intel(R) HD Graphics 4600'>
2018-02-12 16:43:45,953 : kivy : GL: OpenGL parsed version: 4, 0
2018-02-12 16:43:45,953 : kivy : GL: Shading version <b'4.00 - Build 9.18.10.3204'>
2018-02-12 16:43:45,954 : kivy : GL: Texture max size <8192>
2018-02-12 16:43:45,954 : kivy : GL: Texture max units <16>
2018-02-12 16:43:46,076 : kivy : Shader: fragment shader: <b'No errors.'>
2018-02-12 16:43:46,077 : kivy : Shader: vertex shader: <b'No errors.'>
2018-02-12 16:43:46,080 : kivy : Shader: program: <No errors.>
2018-02-12 16:43:46,185 : kivy : Window: auto add sdl2 input provider
2018-02-12 16:43:46,185 : kivy : Window: virtual keyboard not allowed, single mode, not docked
2018-02-12 16:43:46,222 : AudioInterface : NOTE: You may experience noise and other undesirable sound artifacts when you set your buffer at 1024 or smaller.
2018-02-12 16:43:51,439 : AudioInterface : Initialized
2018-02-12 16:43:51,443 : kivy : Base: Start application main loop
2018-02-12 16:43:52,067 : MPF-MC BCP Server : Starting up on localhost port 5050
2018-02-12 16:43:52,072 : MPF-MC BCP Server : Waiting for a connection...
2018-02-12 16:43:52,269 : MPF-MC BCP Server : Received connection from: 127.0.0.1:49711
2018-02-12 16:43:52,580 : kivy : GL: NPOT texture support is available
2018-02-12 16:50:03,240 : kivy : Base: Leaving application in progress...
2018-02-12 16:50:03,390 : mpfmc : Stopping...
2018-02-12 16:50:03,391 : mpfmc : Loop rate 39.71 Hz
2018-02-12 16:50:03,391 : kivy : MC run loop ended.
2018-02-12 16:50:03,391 : kivy : Stopping child threads... (3 remaining)
2018-02-12 16:50:03,500 : mpfmc : Stopping...
2018-02-12 16:50:03,500 : mpfmc : Loop rate 39.7 Hz
2018-02-12 16:50:03,516 : MPF-MC BCP Server : Stopping BCP sending thread
2018-02-12 16:50:04,265 : kivy : All child threads stopped.
