2018-02-12 16:27:28,778 : kivy : Factory: 194 symbols loaded
2018-02-12 16:27:29,932 : kivy : Image: Providers: img_tex, img_dds, img_sdl2, img_gif (img_pil, img_ffpyplayer ignored)
2018-02-12 16:27:31,523 : kivy : VideoGstplayer: Using Gstreamer 1.10.2.0
2018-02-12 16:27:31,523 : kivy : Video: Provider: gstplayer
2018-02-12 16:27:31,944 : kivy : Loading MPF-MC controller
2018-02-12 16:27:31,944 : mpfmc : Mission Pinball Framework Media Controller v0.33.16
2018-02-12 16:27:31,944 : mpfmc : Mission Pinball Framework Game Engine v0.33.49
2018-02-12 16:27:31,960 : mpfmc : Machine path: c:\GIT
2018-02-12 16:27:31,960 : mpfmc : Starting clock at 30.0Hz
2018-02-12 16:27:32,272 : kivy : Text: Provider: sdl2
2018-02-12 16:27:32,943 : kivy : OSC: using <thread> for socket
2018-02-12 16:27:33,192 : kivy : Window: Provider: sdl2
2018-02-12 16:27:33,911 : kivy : GL: Using the "OpenGL" graphics system
2018-02-12 16:27:33,945 : kivy : GL: GLEW initialization succeeded
2018-02-12 16:27:33,966 : kivy : GL: Backend used <glew>
2018-02-12 16:27:33,973 : kivy : GL: OpenGL version <b'4.0.0 - Build 9.18.10.3204'>
2018-02-12 16:27:33,974 : kivy : GL: OpenGL vendor <b'Intel'>
2018-02-12 16:27:33,974 : kivy : GL: OpenGL renderer <b'Intel(R) HD Graphics 4600'>
2018-02-12 16:27:33,975 : kivy : GL: OpenGL parsed version: 4, 0
2018-02-12 16:27:33,975 : kivy : GL: Shading version <b'4.00 - Build 9.18.10.3204'>
2018-02-12 16:27:33,988 : kivy : GL: Texture max size <8192>
2018-02-12 16:27:33,988 : kivy : GL: Texture max units <16>
2018-02-12 16:27:34,155 : kivy : Shader: fragment shader: <b'No errors.'>
2018-02-12 16:27:34,156 : kivy : Shader: vertex shader: <b'No errors.'>
2018-02-12 16:27:34,165 : kivy : Shader: program: <No errors.>
2018-02-12 16:27:34,290 : kivy : Window: auto add sdl2 input provider
2018-02-12 16:27:34,291 : kivy : Window: virtual keyboard not allowed, single mode, not docked
2018-02-12 16:27:34,336 : AudioInterface : NOTE: You may experience noise and other undesirable sound artifacts when you set your buffer at 1024 or smaller.
2018-02-12 16:27:45,327 : AudioInterface : Initialized
2018-02-12 16:27:45,331 : kivy : Base: Start application main loop
2018-02-12 16:27:45,975 : MPF-MC BCP Server : Starting up on localhost port 5050
2018-02-12 16:27:45,981 : MPF-MC BCP Server : Waiting for a connection...
2018-02-12 16:27:46,135 : MPF-MC BCP Server : Received connection from: 127.0.0.1:49230
2018-02-12 16:27:46,425 : kivy : GL: NPOT texture support is available
2018-02-12 16:28:24,305 : kivy : Base: Leaving application in progress...
2018-02-12 16:28:24,460 : mpfmc : Stopping...
2018-02-12 16:28:24,460 : mpfmc : Loop rate 38.26 Hz
2018-02-12 16:28:24,460 : kivy : MC run loop ended.
2018-02-12 16:28:24,461 : kivy : Stopping child threads... (3 remaining)
2018-02-12 16:28:24,585 : MPF-MC BCP Server : Stopping BCP sending thread
2018-02-12 16:28:25,474 : mpfmc : Stopping...
2018-02-12 16:28:25,474 : mpfmc : Loop rate 37.29 Hz
2018-02-12 16:28:25,552 : kivy : All child threads stopped.
