2019-05-01 18:26:06,920 : INFO : Machine : Mission Pinball Framework Core Engine v0.50.13
2019-05-01 18:26:06,935 : INFO : Machine : Command line arguments: {'no_load_cache': False, 'create_config_cache': True, 'bcp': True, 'configfile': ['config.yaml'], 'mpfconfigfile': 'c:\\python36\\lib\\site-packages\\mpf\\mpfconfig.yaml', 'force_assets_load': False, 'logfile': 'logs\\2019-05-01-18-26-06-mpf-ESCAPE.log', 'pause': False, 'production': False, 'text_ui': True, 'loglevel': 15, 'consoleloglevel': 20, 'force_platform': None, 'syslog_address': None, 'mc_file_name': None}
2019-05-01 18:26:06,935 : INFO : Machine : MPF path: c:\python36\lib\site-packages\mpf
2019-05-01 18:26:06,935 : INFO : Machine : Machine path: C:\Pinball
2019-05-01 18:26:06,935 : INFO : Machine : Platform: win32
2019-05-01 18:26:06,935 : INFO : Machine : Python executable location: c:\python36\python.exe
2019-05-01 18:26:06,935 : INFO : Machine : Python version: 3.6.4 (64-bit)
2019-05-01 18:26:08,123 : INFO : Machine : Machine config file #1: config.yaml
2019-05-01 18:26:08,138 : INFO : ConfigProcessor : Loading config from cache: C:\Users\Jim5s\AppData\Local\Temp\c4e9d623f469297d868ca16f28fbd073.mpf_cache
2019-05-01 18:26:08,138 : WARNING : ConfigProcessor : Config file in cache changed: C:\Pinball\config\audio.yaml
2019-05-01 18:26:08,138 : INFO : ConfigProcessor : Loading config from file c:\python36\lib\site-packages\mpf\mpfconfig.yaml.
2019-05-01 18:26:08,388 : INFO : ConfigProcessor : Loading config: c:\python36\lib\site-packages\mpf\mpfconfig.yaml
2019-05-01 18:26:08,388 : INFO : ConfigProcessor : Loading config from file C:\Pinball\config\config.yaml.
2019-05-01 18:26:08,404 : INFO : ConfigProcessor : Loading config: C:\Pinball\config\config.yaml
2019-05-01 18:26:08,716 : INFO : ConfigProcessor : Loading config: C:\Pinball\config\hardware.yaml
2019-05-01 18:26:08,763 : INFO : ConfigProcessor : Loading config: C:\Pinball\config\display.yaml
2019-05-01 18:26:08,920 : INFO : ConfigProcessor : Loading config: C:\Pinball\config\lights.yaml
2019-05-01 18:26:08,935 : INFO : ConfigProcessor : Loading config: C:\Pinball\config\modes.yaml
2019-05-01 18:26:08,966 : INFO : ConfigProcessor : Loading config: C:\Pinball\config\audio.yaml
2019-05-01 18:26:08,982 : INFO : ConfigProcessor : Config file cache created: C:\Users\Jim5s\AppData\Local\Temp\c4e9d623f469297d868ca16f28fbd073.mpf_cache
2019-05-01 18:26:09,029 : INFO : Machine : Initialise MPF.
2019-05-01 18:26:09,091 : INFO : P-ROC : Connecting to P-ROC
2019-05-01 18:26:09,326 : INFO : P-ROC : Successfully connected to P-ROC/P3-ROC. Firmware Version: 1. Firmware Revision: 22. Hardware Board ID: 0
2019-05-01 18:26:11,341 : INFO : ConfigProcessor : Loading config from cache: C:\Users\Jim5s\AppData\Local\Temp\832f22772570b4467bc46a2d5332ae44.mpf_cache
2019-05-01 18:26:11,373 : INFO : ConfigProcessor : Loading config from cache: C:\Users\Jim5s\AppData\Local\Temp\693ce3b0801ff769b4c6a72f41c95bfb.mpf_cache
2019-05-01 18:26:11,404 : INFO : ConfigProcessor : Loading config from cache: C:\Users\Jim5s\AppData\Local\Temp\605ac6823e387656bdb3b4e2f6a537c2.mpf_cache
2019-05-01 18:26:11,420 : INFO : ConfigProcessor : Loading config from cache: C:\Users\Jim5s\AppData\Local\Temp\ad9c48f607ffcd5e388fe3bc3c0c7fda.mpf_cache
2019-05-01 18:26:11,435 : INFO : ConfigProcessor : Loading config from cache: C:\Users\Jim5s\AppData\Local\Temp\601da67c712028ad6cbd2c6d5949d426.mpf_cache
2019-05-01 18:26:11,451 : INFO : ConfigProcessor : Loading config from cache: C:\Users\Jim5s\AppData\Local\Temp\a7d3184283c5ac0679e08c24c756a54b.mpf_cache
2019-05-01 18:26:11,467 : INFO : ConfigProcessor : Loading config from cache: C:\Users\Jim5s\AppData\Local\Temp\0dd66fc6c681ffbe91623556584db1f9.mpf_cache
2019-05-01 18:26:11,482 : INFO : ConfigProcessor : Loading config from cache: C:\Users\Jim5s\AppData\Local\Temp\be4f1e4c458cddfa55e3b2c954e186ee.mpf_cache
2019-05-01 18:26:11,498 : INFO : ConfigProcessor : Loading config from cache: C:\Users\Jim5s\AppData\Local\Temp\9b5ed4443044faae1a7bea0b2e4720fa.mpf_cache
2019-05-01 18:26:11,513 : INFO : ConfigProcessor : Loading config from cache: C:\Users\Jim5s\AppData\Local\Temp\7317f88ce1ee903b84e696a8cfa11fff.mpf_cache
2019-05-01 18:26:11,529 : INFO : ConfigProcessor : Loading config from cache: C:\Users\Jim5s\AppData\Local\Temp\ea92258076c42fa9f82b1b42852527f1.mpf_cache
2019-05-01 18:26:11,545 : INFO : ConfigProcessor : Loading config from cache: C:\Users\Jim5s\AppData\Local\Temp\57a43899542802443897849e41658bdc.mpf_cache
2019-05-01 18:26:11,576 : INFO : ConfigProcessor : Loading config from cache: C:\Users\Jim5s\AppData\Local\Temp\7e8e22c02985bf2ed9f5941b26487eea.mpf_cache
2019-05-01 18:26:11,591 : INFO : ConfigProcessor : Loading config from cache: C:\Users\Jim5s\AppData\Local\Temp\60c5f8021e9f73475ac052559b18eecb.mpf_cache
2019-05-01 18:26:11,607 : INFO : ConfigProcessor : Loading config from cache: C:\Users\Jim5s\AppData\Local\Temp\b5d505ac5307a0981228993d203a6202.mpf_cache
2019-05-01 18:26:11,623 : INFO : ConfigProcessor : Loading config from cache: C:\Users\Jim5s\AppData\Local\Temp\3f762b9510b9c6d8f0f20d57621b8608.mpf_cache
2019-05-01 18:26:11,654 : INFO : ConfigProcessor : Loading config from cache: C:\Users\Jim5s\AppData\Local\Temp\5ebd232df5de466582e7c31fd627eb17.mpf_cache
2019-05-01 18:26:11,982 : INFO : SwitchController : Found active switch: s_trough1
2019-05-01 18:26:11,982 : INFO : SwitchController : Found active switch: s_trough2
2019-05-01 18:26:11,982 : INFO : SwitchController : Found active switch: s_trough3
2019-05-01 18:26:11,982 : INFO : SwitchController : Found active switch: s_trough4
2019-05-01 18:26:12,232 : INFO : BCPClientSocket.local_display : Connecting BCP to 'local_display' at localhost:5050...
2019-05-01 18:26:16,357 : INFO : BCPClientSocket.local_display : Connected BCP to 'local_display' localhost:5050
2019-05-01 18:26:16,609 : INFO : ConfigProcessor : Loading config from cache: C:\Users\Jim5s\AppData\Local\Temp\1f42d7353e53a5379732c84309d7b100.mpf_cache
2019-05-01 18:26:16,621 : INFO : ConfigProcessor : Loading config from cache: C:\Users\Jim5s\AppData\Local\Temp\b9386666b72cdf238fba6b37e1afc504.mpf_cache
2019-05-01 18:26:16,770 : INFO : Mode.attract : Started. Priority: 10
2019-05-01 18:26:16,780 : INFO : Machine : Starting the main run loop.
2019-05-01 18:26:19,661 : INFO : SwitchController : <<<<<<< 's_start' active >>>>>>>
2019-05-01 18:26:19,870 : INFO : SwitchController : <<<<<<< 's_start' inactive >>>>>>>
2019-05-01 18:26:19,908 : INFO : Mode.attract : Stopped.
2019-05-01 18:26:19,910 : INFO : Mode.game : Started. Priority: 20
2019-05-01 18:26:19,919 : INFO : Mode.game : Player added successfully. Total players: 1
2019-05-01 18:26:20,087 : INFO : Mode.achievements : Started. Priority: 100
2019-05-01 18:26:20,094 : INFO : Mode.base : Started. Priority: 100
2019-05-01 18:26:20,114 : INFO : ball_device.bd_trough : Ejecting ball to <ball_device.bd_plunger>
2019-05-01 18:26:20,119 : INFO : coil.c_trough_eject : Pulsing Driver for 20ms (1.0 pulse_power)
2019-05-01 18:26:20,141 : INFO : SwitchController : <<<<<<< 's_trough1' inactive >>>>>>>
2019-05-01 18:26:20,176 : INFO : SwitchController : <<<<<<< 's_trough1' active >>>>>>>
2019-05-01 18:26:20,199 : INFO : SwitchController : <<<<<<< 's_trough1' inactive >>>>>>>
2019-05-01 18:26:20,222 : INFO : SwitchController : <<<<<<< 's_trough2' inactive >>>>>>>
2019-05-01 18:26:20,246 : INFO : SwitchController : <<<<<<< 's_trough2' active >>>>>>>
2019-05-01 18:26:20,316 : INFO : SwitchController : <<<<<<< 's_trough2' inactive >>>>>>>
2019-05-01 18:26:20,337 : INFO : SwitchController : <<<<<<< 's_trough3' inactive >>>>>>>
2019-05-01 18:26:20,359 : INFO : SwitchController : <<<<<<< 's_trough4' inactive >>>>>>>
2019-05-01 18:26:20,444 : INFO : SwitchController : <<<<<<< 's_trough2' active >>>>>>>
2019-05-01 18:26:20,474 : INFO : SwitchController : <<<<<<< 's_trough3' active >>>>>>>
2019-05-01 18:26:20,496 : INFO : SwitchController : <<<<<<< 's_trough3' inactive >>>>>>>
2019-05-01 18:26:20,520 : INFO : SwitchController : <<<<<<< 's_trough3' active >>>>>>>
2019-05-01 18:26:20,542 : INFO : SwitchController : <<<<<<< 's_trough1' active >>>>>>>
2019-05-01 18:26:20,892 : INFO : SwitchController : <<<<<<< 's_plunger_lane' active >>>>>>>
2019-05-01 18:26:21,429 : INFO : ball_device.bd_plunger : Ejecting ball to <playfield.playfield>
2019-05-01 18:27:20,973 : INFO : SwitchController : <<<<<<< 's_plunger_lane' inactive >>>>>>>
2019-05-01 18:27:21,828 : INFO : SwitchController : <<<<<<< 's_center_orbit' active >>>>>>>
2019-05-01 18:27:21,870 : INFO : SwitchController : <<<<<<< 's_center_orbit' inactive >>>>>>>
2019-05-01 18:27:21,899 : INFO : SwitchController : <<<<<<< 's_center_orbit' active >>>>>>>
2019-05-01 18:27:21,932 : INFO : SwitchController : <<<<<<< 's_center_orbit' inactive >>>>>>>
2019-05-01 18:27:22,626 : INFO : SwitchController : <<<<<<< 's_s_lane' active >>>>>>>
2019-05-01 18:27:22,723 : INFO : SwitchController : <<<<<<< 's_s_lane' inactive >>>>>>>
2019-05-01 18:27:23,684 : INFO : SwitchController : <<<<<<< 's_popbumper2' active >>>>>>>
2019-05-01 18:27:23,727 : INFO : SwitchController : <<<<<<< 's_popbumper2' inactive >>>>>>>
2019-05-01 18:27:23,750 : INFO : SwitchController : <<<<<<< 's_popbumper2' active >>>>>>>
2019-05-01 18:27:23,774 : INFO : SwitchController : <<<<<<< 's_popbumper2' inactive >>>>>>>
2019-05-01 18:27:23,802 : INFO : SwitchController : <<<<<<< 's_popbumper3' active >>>>>>>
2019-05-01 18:27:23,829 : INFO : SwitchController : <<<<<<< 's_popbumper3' inactive >>>>>>>
2019-05-01 18:27:26,240 : INFO : SwitchController : <<<<<<< 's_around_scoop' active >>>>>>>
2019-05-01 18:27:26,322 : INFO : SwitchController : <<<<<<< 's_around_scoop' inactive >>>>>>>
2019-05-01 18:27:27,107 : INFO : SwitchController : <<<<<<< 's_around_scoop' active >>>>>>>
2019-05-01 18:27:27,199 : INFO : SwitchController : <<<<<<< 's_around_scoop' inactive >>>>>>>
2019-05-01 18:27:28,481 : INFO : SwitchController : <<<<<<< 's_left_flipper' active >>>>>>>
2019-05-01 18:27:28,530 : INFO : SwitchController : <<<<<<< 's_trough1' inactive >>>>>>>
2019-05-01 18:27:28,552 : INFO : SwitchController : <<<<<<< 's_trough1' active >>>>>>>
2019-05-01 18:27:28,686 : INFO : SwitchController : <<<<<<< 's_left_flipper' inactive >>>>>>>
2019-05-01 18:27:30,142 : INFO : SwitchController : <<<<<<< 's_left_flipper' active >>>>>>>
2019-05-01 18:27:30,237 : INFO : SwitchController : <<<<<<< 's_left_flipper' inactive >>>>>>>
2019-05-01 18:27:30,382 : INFO : SwitchController : <<<<<<< 's_ramp_target4' active >>>>>>>
2019-05-01 18:27:30,405 : INFO : SwitchController : <<<<<<< 's_ramp_target4' inactive >>>>>>>
2019-05-01 18:27:30,436 : WARNING : SwitchController : WARNING: Received duplicate switch state, which means this switch had some non-debounced state changes. This could be nothing, but if it happens a lot it could indicate noise or interference on the line. Switch: s_ramp_target4
2019-05-01 18:27:30,541 : INFO : SwitchController : <<<<<<< 's_upper_slingshot' active >>>>>>>
2019-05-01 18:27:30,580 : INFO : SwitchController : <<<<<<< 's_upper_slingshot' inactive >>>>>>>
2019-05-01 18:27:30,605 : INFO : SwitchController : <<<<<<< 's_upper_slingshot' active >>>>>>>
2019-05-01 18:27:30,629 : INFO : SwitchController : <<<<<<< 's_upper_slingshot' inactive >>>>>>>
2019-05-01 18:27:31,821 : INFO : SwitchController : <<<<<<< 's_around_scoop' active >>>>>>>
2019-05-01 18:27:31,901 : INFO : SwitchController : <<<<<<< 's_around_scoop' inactive >>>>>>>
2019-05-01 18:27:33,084 : INFO : SwitchController : <<<<<<< 's_left_flipper' active >>>>>>>
2019-05-01 18:27:33,197 : INFO : SwitchController : <<<<<<< 's_right_flipper' active >>>>>>>
2019-05-01 18:27:33,220 : INFO : SwitchController : <<<<<<< 's_right_flipper_upper' active >>>>>>>
2019-05-01 18:27:33,339 : INFO : SwitchController : <<<<<<< 's_right_flipper_upper' inactive >>>>>>>
2019-05-01 18:27:33,381 : INFO : SwitchController : <<<<<<< 's_right_flipper' inactive >>>>>>>
2019-05-01 18:27:33,421 : INFO : SwitchController : <<<<<<< 's_left_flipper' inactive >>>>>>>
2019-05-01 18:27:33,463 : INFO : SwitchController : <<<<<<< 's_drop_target_bank2' active >>>>>>>
2019-05-01 18:27:33,757 : INFO : SwitchController : <<<<<<< 's_right_slingshot' active >>>>>>>
2019-05-01 18:27:33,811 : INFO : SwitchController : <<<<<<< 's_right_slingshot' inactive >>>>>>>
2019-05-01 18:27:33,980 : INFO : SwitchController : <<<<<<< 's_left_slingshot' active >>>>>>>
2019-05-01 18:27:34,024 : INFO : SwitchController : <<<<<<< 's_left_slingshot' inactive >>>>>>>
2019-05-01 18:27:34,556 : INFO : SwitchController : <<<<<<< 's_right_orbit' active >>>>>>>
2019-05-01 18:27:34,607 : INFO : SwitchController : <<<<<<< 's_right_orbit' inactive >>>>>>>
2019-05-01 18:27:35,482 : INFO : SwitchController : <<<<<<< 's_right_flipper' active >>>>>>>
2019-05-01 18:27:35,519 : INFO : SwitchController : <<<<<<< 's_right_flipper_upper' active >>>>>>>
2019-05-01 18:27:35,899 : INFO : SwitchController : <<<<<<< 's_right_orbit' active >>>>>>>
2019-05-01 18:27:35,945 : INFO : SwitchController : <<<<<<< 's_right_orbit' inactive >>>>>>>
2019-05-01 18:27:36,089 : INFO : SwitchController : <<<<<<< 's_right_flipper_upper' inactive >>>>>>>
2019-05-01 18:27:36,124 : INFO : SwitchController : <<<<<<< 's_right_flipper' inactive >>>>>>>
2019-05-01 18:27:38,552 : INFO : SwitchController : <<<<<<< 's_left_flipper' active >>>>>>>
2019-05-01 18:27:38,631 : INFO : SwitchController : <<<<<<< 's_left_flipper' inactive >>>>>>>
2019-05-01 18:27:38,856 : INFO : SwitchController : <<<<<<< 's_right_orbit' active >>>>>>>
2019-05-01 18:27:38,900 : INFO : SwitchController : <<<<<<< 's_right_orbit' inactive >>>>>>>
2019-05-01 18:27:39,192 : INFO : SwitchController : <<<<<<< 's_center_orbit' active >>>>>>>
2019-05-01 18:27:39,224 : INFO : SwitchController : <<<<<<< 's_center_orbit' inactive >>>>>>>
2019-05-01 18:27:39,864 : INFO : SwitchController : <<<<<<< 's_left_orbit' active >>>>>>>
2019-05-01 18:27:39,906 : INFO : SwitchController : <<<<<<< 's_left_orbit' inactive >>>>>>>
2019-05-01 18:27:39,960 : INFO : SwitchController : <<<<<<< 's_spinner' active >>>>>>>
2019-05-01 18:27:39,990 : INFO : SwitchController : <<<<<<< 's_spinner' inactive >>>>>>>
2019-05-01 18:27:40,087 : INFO : SwitchController : <<<<<<< 's_spinner' active >>>>>>>
2019-05-01 18:27:40,113 : INFO : SwitchController : <<<<<<< 's_spinner' inactive >>>>>>>
2019-05-01 18:27:40,169 : INFO : SwitchController : <<<<<<< 's_left_flipper' active >>>>>>>
2019-05-01 18:27:40,192 : INFO : SwitchController : <<<<<<< 's_trough1' inactive >>>>>>>
2019-05-01 18:27:40,219 : INFO : SwitchController : <<<<<<< 's_trough1' active >>>>>>>
2019-05-01 18:27:40,241 : INFO : SwitchController : <<<<<<< 's_left_slingshot' active >>>>>>>
2019-05-01 18:27:40,265 : INFO : SwitchController : <<<<<<< 's_left_slingshot' inactive >>>>>>>
2019-05-01 18:27:40,287 : INFO : SwitchController : <<<<<<< 's_spinner' active >>>>>>>
2019-05-01 18:27:40,310 : INFO : SwitchController : <<<<<<< 's_spinner' inactive >>>>>>>
2019-05-01 18:27:40,338 : INFO : SwitchController : <<<<<<< 's_spinner' active >>>>>>>
2019-05-01 18:27:40,363 : INFO : SwitchController : <<<<<<< 's_spinner' inactive >>>>>>>
2019-05-01 18:27:40,385 : INFO : SwitchController : <<<<<<< 's_left_slingshot' active >>>>>>>
2019-05-01 18:27:40,409 : INFO : SwitchController : <<<<<<< 's_left_slingshot' inactive >>>>>>>
2019-05-01 18:27:40,438 : INFO : SwitchController : <<<<<<< 's_spinner' active >>>>>>>
2019-05-01 18:27:40,464 : INFO : SwitchController : <<<<<<< 's_left_flipper' inactive >>>>>>>
2019-05-01 18:27:40,486 : INFO : SwitchController : <<<<<<< 's_spinner' inactive >>>>>>>
2019-05-01 18:27:40,566 : INFO : SwitchController : <<<<<<< 's_spinner' active >>>>>>>
2019-05-01 18:27:40,663 : INFO : SwitchController : <<<<<<< 's_spinner' inactive >>>>>>>
2019-05-01 18:27:42,469 : INFO : SwitchController : <<<<<<< 's_right_outlane' active >>>>>>>
2019-05-01 18:27:42,517 : INFO : SwitchController : <<<<<<< 's_right_outlane' inactive >>>>>>>
2019-05-01 18:27:44,246 : INFO : SwitchController : <<<<<<< 's_trough1' inactive >>>>>>>
2019-05-01 18:27:44,283 : INFO : SwitchController : <<<<<<< 's_trough1' active >>>>>>>
2019-05-01 18:27:44,883 : INFO : SwitchController : <<<<<<< 's_trough4' active >>>>>>>
2019-05-01 18:27:45,443 : INFO : Mode.base : Stopped.
2019-05-01 18:27:45,480 : INFO : Mode.achievements : Stopped.
2019-05-01 18:27:45,662 : INFO : coil.c_droptargetbank : Pulsing Driver for 25ms (1.0 pulse_power)
2019-05-01 18:27:45,664 : INFO : Mode.achievements : Started. Priority: 100
2019-05-01 18:27:45,671 : INFO : Mode.base : Started. Priority: 100
2019-05-01 18:27:45,691 : INFO : ball_device.bd_trough : Ejecting ball to <ball_device.bd_plunger>
2019-05-01 18:27:45,696 : INFO : coil.c_trough_eject : Pulsing Driver for 20ms (1.0 pulse_power)
2019-05-01 18:27:45,699 : INFO : SwitchController : <<<<<<< 's_drop_target_bank2' inactive >>>>>>>
2019-05-01 18:27:45,724 : INFO : SwitchController : <<<<<<< 's_drop_target_bank1' active >>>>>>>
2019-05-01 18:27:45,750 : INFO : SwitchController : <<<<<<< 's_trough1' inactive >>>>>>>
2019-05-01 18:27:45,778 : INFO : SwitchController : <<<<<<< 's_drop_target_bank2' active >>>>>>>
2019-05-01 18:27:45,803 : INFO : SwitchController : <<<<<<< 's_drop_target_bank1' inactive >>>>>>>
2019-05-01 18:27:45,828 : INFO : SwitchController : <<<<<<< 's_trough3' inactive >>>>>>>
2019-05-01 18:27:45,854 : INFO : SwitchController : <<<<<<< 's_trough3' active >>>>>>>
2019-05-01 18:27:45,881 : INFO : SwitchController : <<<<<<< 's_drop_target_bank2' inactive >>>>>>>
2019-05-01 18:27:45,907 : INFO : SwitchController : <<<<<<< 's_trough3' inactive >>>>>>>
2019-05-01 18:27:45,930 : INFO : SwitchController : <<<<<<< 's_trough2' inactive >>>>>>>
2019-05-01 18:27:45,953 : INFO : SwitchController : <<<<<<< 's_trough4' inactive >>>>>>>
2019-05-01 18:27:46,018 : INFO : SwitchController : <<<<<<< 's_trough2' active >>>>>>>
2019-05-01 18:27:46,042 : INFO : SwitchController : <<<<<<< 's_trough3' active >>>>>>>
2019-05-01 18:27:46,064 : INFO : SwitchController : <<<<<<< 's_trough3' inactive >>>>>>>
2019-05-01 18:27:46,088 : INFO : SwitchController : <<<<<<< 's_trough3' active >>>>>>>
2019-05-01 18:27:46,111 : INFO : SwitchController : <<<<<<< 's_trough1' active >>>>>>>
2019-05-01 18:27:46,482 : INFO : SwitchController : <<<<<<< 's_plunger_lane' active >>>>>>>
2019-05-01 18:27:46,984 : INFO : ball_device.bd_plunger : Ejecting ball to <playfield.playfield>
2019-05-01 18:27:47,235 : INFO : SwitchController : <<<<<<< 's_plunger_lane' inactive >>>>>>>
2019-05-01 18:27:49,872 : INFO : SwitchController : <<<<<<< 's_plunger_lane' active >>>>>>>
2019-05-01 18:27:49,919 : INFO : SwitchController : <<<<<<< 's_plunger_lane' inactive >>>>>>>
2019-05-01 18:27:50,048 : INFO : SwitchController : <<<<<<< 's_plunger_lane' active >>>>>>>
2019-05-01 18:27:50,555 : INFO : ball_device.bd_plunger : Ejecting ball to <playfield.playfield>
2019-05-01 18:27:50,562 : INFO : coil.c_auto_plunge : Pulsing Driver for 12ms (1.0 pulse_power)
2019-05-01 18:27:50,607 : INFO : SwitchController : <<<<<<< 's_plunger_lane' inactive >>>>>>>
2019-05-01 18:27:52,062 : INFO : SwitchController : <<<<<<< 's_s_lane' active >>>>>>>
2019-05-01 18:27:52,286 : INFO : SwitchController : <<<<<<< 's_s_lane' inactive >>>>>>>
2019-05-01 18:27:52,814 : INFO : SwitchController : <<<<<<< 's_popbumper1' active >>>>>>>
2019-05-01 18:27:52,859 : INFO : SwitchController : <<<<<<< 's_popbumper1' inactive >>>>>>>
2019-05-01 18:27:52,991 : INFO : SwitchController : <<<<<<< 's_popbumper1' active >>>>>>>
2019-05-01 18:27:53,035 : INFO : SwitchController : <<<<<<< 's_popbumper1' inactive >>>>>>>
2019-05-01 18:27:56,413 : INFO : SwitchController : <<<<<<< 's_left_flipper' active >>>>>>>
2019-05-01 18:27:57,307 : INFO : SwitchController : <<<<<<< 's_left_flipper' inactive >>>>>>>
2019-05-01 18:27:59,786 : INFO : SwitchController : <<<<<<< 's_left_flipper' active >>>>>>>
2019-05-01 18:27:59,829 : INFO : SwitchController : <<<<<<< 's_trough1' inactive >>>>>>>
2019-05-01 18:27:59,856 : INFO : SwitchController : <<<<<<< 's_trough1' active >>>>>>>
2019-05-01 18:28:01,424 : INFO : SwitchController : <<<<<<< 's_right_flipper' active >>>>>>>
2019-05-01 18:28:01,497 : INFO : SwitchController : <<<<<<< 's_right_flipper' inactive >>>>>>>
2019-05-01 18:28:01,979 : INFO : SwitchController : <<<<<<< 's_left_flipper' inactive >>>>>>>
2019-05-01 18:28:02,745 : INFO : SwitchController : <<<<<<< 's_left_flipper' active >>>>>>>
2019-05-01 18:28:02,872 : INFO : SwitchController : <<<<<<< 's_left_flipper' inactive >>>>>>>
2019-05-01 18:28:03,128 : INFO : SwitchController : <<<<<<< 's_right_orbit' active >>>>>>>
2019-05-01 18:28:03,159 : INFO : SwitchController : <<<<<<< 's_right_orbit' inactive >>>>>>>
2019-05-01 18:28:04,519 : INFO : SwitchController : <<<<<<< 's_right_flipper' active >>>>>>>
2019-05-01 18:28:04,547 : INFO : SwitchController : <<<<<<< 's_trough1' inactive >>>>>>>
2019-05-01 18:28:04,570 : INFO : SwitchController : <<<<<<< 's_trough1' active >>>>>>>
2019-05-01 18:28:04,592 : INFO : SwitchController : <<<<<<< 's_right_flipper_upper' active >>>>>>>
2019-05-01 18:28:04,618 : INFO : SwitchController : <<<<<<< 's_right_orbit' active >>>>>>>
2019-05-01 18:28:04,642 : INFO : SwitchController : <<<<<<< 's_right_orbit' inactive >>>>>>>
2019-05-01 18:28:04,777 : INFO : SwitchController : <<<<<<< 's_right_flipper_upper' inactive >>>>>>>
2019-05-01 18:28:04,827 : INFO : SwitchController : <<<<<<< 's_right_flipper' inactive >>>>>>>
2019-05-01 18:28:06,085 : INFO : SwitchController : <<<<<<< 's_right_flipper' active >>>>>>>
2019-05-01 18:28:06,137 : INFO : SwitchController : <<<<<<< 's_trough1' inactive >>>>>>>
2019-05-01 18:28:06,169 : INFO : SwitchController : <<<<<<< 's_right_flipper_upper' active >>>>>>>
2019-05-01 18:28:06,194 : INFO : SwitchController : <<<<<<< 's_trough1' active >>>>>>>
2019-05-01 18:28:06,406 : INFO : SwitchController : <<<<<<< 's_right_flipper_upper' inactive >>>>>>>
2019-05-01 18:28:06,432 : INFO : SwitchController : <<<<<<< 's_right_flipper' inactive >>>>>>>
2019-05-01 18:28:06,918 : INFO : SwitchController : <<<<<<< 's_left_flipper' active >>>>>>>
2019-05-01 18:28:07,420 : INFO : SwitchController : <<<<<<< 's_left_flipper' inactive >>>>>>>
2019-05-01 18:28:08,086 : INFO : SwitchController : <<<<<<< 's_left_flipper' active >>>>>>>
2019-05-01 18:28:08,196 : INFO : SwitchController : <<<<<<< 's_left_flipper' inactive >>>>>>>
2019-05-01 18:28:08,341 : INFO : SwitchController : <<<<<<< 's_ramp_target4' active >>>>>>>
2019-05-01 18:28:08,364 : INFO : SwitchController : <<<<<<< 's_ramp_target4' inactive >>>>>>>
2019-05-01 18:28:09,139 : INFO : SwitchController : <<<<<<< 's_right_slingshot' active >>>>>>>
2019-05-01 18:28:09,182 : INFO : SwitchController : <<<<<<< 's_right_slingshot' inactive >>>>>>>
2019-05-01 18:28:09,427 : INFO : SwitchController : <<<<<<< 's_drop_target_bank2' active >>>>>>>
2019-05-01 18:28:09,462 : INFO : SwitchController : <<<<<<< 's_drop_target_bank1' active >>>>>>>
2019-05-01 18:28:11,313 : INFO : SwitchController : <<<<<<< 's_right_inlane' active >>>>>>>
2019-05-01 18:28:11,405 : INFO : SwitchController : <<<<<<< 's_right_inlane' inactive >>>>>>>
2019-05-01 18:28:11,669 : INFO : SwitchController : <<<<<<< 's_right_flipper' active >>>>>>>
2019-05-01 18:28:11,705 : INFO : SwitchController : <<<<<<< 's_right_flipper_upper' active >>>>>>>
2019-05-01 18:28:11,734 : INFO : SwitchController : <<<<<<< 's_right_flipper_upper' inactive >>>>>>>
2019-05-01 18:28:11,758 : INFO : SwitchController : <<<<<<< 's_right_flipper' inactive >>>>>>>
2019-05-01 18:28:12,432 : INFO : SwitchController : <<<<<<< 's_left_flipper' active >>>>>>>
2019-05-01 18:28:12,545 : INFO : SwitchController : <<<<<<< 's_right_slingshot' active >>>>>>>
2019-05-01 18:28:12,588 : INFO : SwitchController : <<<<<<< 's_left_flipper' inactive >>>>>>>
2019-05-01 18:28:12,615 : INFO : SwitchController : <<<<<<< 's_right_slingshot' inactive >>>>>>>
2019-05-01 18:28:15,152 : INFO : SwitchController : <<<<<<< 's_right_slingshot' active >>>>>>>
2019-05-01 18:28:15,195 : INFO : SwitchController : <<<<<<< 's_right_slingshot' inactive >>>>>>>
2019-05-01 18:28:15,278 : INFO : SwitchController : <<<<<<< 's_left_flipper' active >>>>>>>
2019-05-01 18:28:15,551 : INFO : SwitchController : <<<<<<< 's_left_flipper' inactive >>>>>>>
2019-05-01 18:28:15,760 : INFO : SwitchController : <<<<<<< 's_right_flipper' active >>>>>>>
2019-05-01 18:28:15,783 : INFO : SwitchController : <<<<<<< 's_right_flipper_upper' active >>>>>>>
2019-05-01 18:28:16,429 : INFO : SwitchController : <<<<<<< 's_left_orbit' active >>>>>>>
2019-05-01 18:28:16,560 : INFO : SwitchController : <<<<<<< 's_right_flipper_upper' inactive >>>>>>>
2019-05-01 18:28:16,592 : INFO : SwitchController : <<<<<<< 's_right_flipper' inactive >>>>>>>
2019-05-01 18:28:16,751 : INFO : SwitchController : <<<<<<< 's_left_orbit' inactive >>>>>>>
2019-05-01 18:28:17,854 : INFO : SwitchController : <<<<<<< 's_left_flipper' active >>>>>>>
2019-05-01 18:28:17,908 : INFO : SwitchController : <<<<<<< 's_trough1' inactive >>>>>>>
2019-05-01 18:28:17,930 : INFO : SwitchController : <<<<<<< 's_trough1' active >>>>>>>
2019-05-01 18:28:18,419 : INFO : SwitchController : <<<<<<< 's_left_flipper' inactive >>>>>>>
2019-05-01 18:28:18,492 : INFO : SwitchController : <<<<<<< 's_right_flipper' active >>>>>>>
2019-05-01 18:28:18,543 : INFO : SwitchController : <<<<<<< 's_right_flipper' inactive >>>>>>>
2019-05-01 18:28:18,604 : INFO : SwitchController : <<<<<<< 's_left_slingshot' active >>>>>>>
2019-05-01 18:28:18,627 : INFO : SwitchController : <<<<<<< 's_left_slingshot' inactive >>>>>>>
2019-05-01 18:28:18,925 : INFO : SwitchController : <<<<<<< 's_ramp_target4' active >>>>>>>
2019-05-01 18:28:18,968 : INFO : SwitchController : <<<<<<< 's_ramp_target4' inactive >>>>>>>
2019-05-01 18:28:18,994 : WARNING : SwitchController : WARNING: Received duplicate switch state, which means this switch had some non-debounced state changes. This could be nothing, but if it happens a lot it could indicate noise or interference on the line. Switch: s_ramp_target4
2019-05-01 18:28:19,710 : INFO : SwitchController : <<<<<<< 's_left_slingshot' active >>>>>>>
2019-05-01 18:28:19,756 : INFO : SwitchController : <<<<<<< 's_left_slingshot' inactive >>>>>>>
2019-05-01 18:28:19,783 : WARNING : SwitchController : WARNING: Received duplicate switch state, which means this switch had some non-debounced state changes. This could be nothing, but if it happens a lot it could indicate noise or interference on the line. Switch: s_drop_target_bank1
2019-05-01 18:28:22,298 : INFO : SwitchController : <<<<<<< 's_left_flipper' active >>>>>>>
2019-05-01 18:28:22,407 : INFO : SwitchController : <<<<<<< 's_left_flipper' inactive >>>>>>>
2019-05-01 18:28:22,684 : INFO : SwitchController : <<<<<<< 's_right_orbit' active >>>>>>>
2019-05-01 18:28:22,709 : INFO : SwitchController : <<<<<<< 's_right_orbit' inactive >>>>>>>
2019-05-01 18:28:23,083 : INFO : SwitchController : <<<<<<< 's_center_orbit' active >>>>>>>
2019-05-01 18:28:23,125 : INFO : SwitchController : <<<<<<< 's_center_orbit' inactive >>>>>>>
2019-05-01 18:28:23,147 : INFO : SwitchController : <<<<<<< 's_center_orbit' active >>>>>>>
2019-05-01 18:28:23,171 : INFO : SwitchController : <<<<<<< 's_center_orbit' inactive >>>>>>>
2019-05-01 18:28:23,833 : INFO : SwitchController : <<<<<<< 's_s_lane' active >>>>>>>
2019-05-01 18:28:23,930 : INFO : SwitchController : <<<<<<< 's_s_lane' inactive >>>>>>>
2019-05-01 18:28:25,464 : INFO : SwitchController : <<<<<<< 's_right_orbit' active >>>>>>>
2019-05-01 18:28:25,544 : INFO : SwitchController : <<<<<<< 's_right_orbit' inactive >>>>>>>
2019-05-01 18:28:27,192 : INFO : SwitchController : <<<<<<< 's_right_flipper' active >>>>>>>
2019-05-01 18:28:27,229 : INFO : SwitchController : <<<<<<< 's_trough1' inactive >>>>>>>
2019-05-01 18:28:27,251 : INFO : SwitchController : <<<<<<< 's_trough1' active >>>>>>>
2019-05-01 18:28:27,275 : INFO : SwitchController : <<<<<<< 's_right_flipper_upper' active >>>>>>>
2019-05-01 18:28:28,535 : INFO : SwitchController : <<<<<<< 's_right_flipper_upper' inactive >>>>>>>
2019-05-01 18:28:28,562 : INFO : SwitchController : <<<<<<< 's_right_flipper' inactive >>>>>>>
2019-05-01 18:28:28,727 : INFO : SwitchController : <<<<<<< 's_right_flipper' active >>>>>>>
2019-05-01 18:28:28,768 : INFO : SwitchController : <<<<<<< 's_right_flipper_upper' active >>>>>>>
2019-05-01 18:28:28,807 : INFO : SwitchController : <<<<<<< 's_trough1' inactive >>>>>>>
2019-05-01 18:28:28,833 : INFO : SwitchController : <<<<<<< 's_trough1' active >>>>>>>
2019-05-01 18:28:28,856 : INFO : SwitchController : <<<<<<< 's_right_flipper_upper' inactive >>>>>>>
2019-05-01 18:28:28,878 : INFO : SwitchController : <<<<<<< 's_right_flipper' inactive >>>>>>>
2019-05-01 18:28:30,468 : INFO : SwitchController : <<<<<<< 's_right_flipper' active >>>>>>>
2019-05-01 18:28:30,565 : INFO : SwitchController : <<<<<<< 's_left_slingshot' active >>>>>>>
2019-05-01 18:28:30,588 : INFO : SwitchController : <<<<<<< 's_right_flipper_upper' active >>>>>>>
2019-05-01 18:28:30,612 : INFO : SwitchController : <<<<<<< 's_left_slingshot' inactive >>>>>>>
2019-05-01 18:28:30,637 : INFO : SwitchController : <<<<<<< 's_drop_target_bank1' inactive >>>>>>>
2019-05-01 18:28:30,663 : INFO : SwitchController : <<<<<<< 's_drop_target_bank1' active >>>>>>>
2019-05-01 18:28:30,805 : INFO : SwitchController : <<<<<<< 's_right_flipper_upper' inactive >>>>>>>
2019-05-01 18:28:30,843 : INFO : SwitchController : <<<<<<< 's_right_flipper' inactive >>>>>>>
2019-05-01 18:28:31,541 : INFO : SwitchController : <<<<<<< 's_right_flipper' active >>>>>>>
2019-05-01 18:28:31,585 : INFO : SwitchController : <<<<<<< 's_right_flipper_upper' active >>>>>>>
2019-05-01 18:28:31,617 : INFO : SwitchController : <<<<<<< 's_right_flipper_upper' inactive >>>>>>>
2019-05-01 18:28:31,642 : INFO : SwitchController : <<<<<<< 's_right_flipper' inactive >>>>>>>
2019-05-01 18:28:31,860 : INFO : SwitchController : <<<<<<< 's_spinner' active >>>>>>>
2019-05-01 18:28:31,904 : INFO : SwitchController : <<<<<<< 's_spinner' inactive >>>>>>>
2019-05-01 18:28:31,943 : INFO : SwitchController : <<<<<<< 's_left_orbit' active >>>>>>>
2019-05-01 18:28:31,970 : INFO : SwitchController : <<<<<<< 's_left_orbit' inactive >>>>>>>
2019-05-01 18:28:31,992 : INFO : SwitchController : <<<<<<< 's_spinner' active >>>>>>>
2019-05-01 18:28:32,015 : INFO : SwitchController : <<<<<<< 's_spinner' inactive >>>>>>>
2019-05-01 18:28:32,042 : INFO : SwitchController : <<<<<<< 's_spinner' active >>>>>>>
2019-05-01 18:28:32,068 : INFO : SwitchController : <<<<<<< 's_spinner' inactive >>>>>>>
2019-05-01 18:28:32,094 : INFO : SwitchController : <<<<<<< 's_spinner' active >>>>>>>
2019-05-01 18:28:32,119 : INFO : SwitchController : <<<<<<< 's_spinner' inactive >>>>>>>
2019-05-01 18:28:32,148 : INFO : SwitchController : <<<<<<< 's_spinner' active >>>>>>>
2019-05-01 18:28:32,177 : INFO : SwitchController : <<<<<<< 's_spinner' inactive >>>>>>>
2019-05-01 18:28:32,243 : INFO : SwitchController : <<<<<<< 's_spinner' active >>>>>>>
2019-05-01 18:28:32,269 : INFO : SwitchController : <<<<<<< 's_spinner' inactive >>>>>>>
2019-05-01 18:28:32,339 : INFO : SwitchController : <<<<<<< 's_spinner' active >>>>>>>
2019-05-01 18:28:32,361 : INFO : SwitchController : <<<<<<< 's_spinner' inactive >>>>>>>
2019-05-01 18:28:32,435 : INFO : SwitchController : <<<<<<< 's_spinner' active >>>>>>>
2019-05-01 18:28:32,463 : INFO : SwitchController : <<<<<<< 's_spinner' inactive >>>>>>>
2019-05-01 18:28:32,548 : INFO : SwitchController : <<<<<<< 's_spinner' active >>>>>>>
2019-05-01 18:28:32,579 : INFO : SwitchController : <<<<<<< 's_spinner' inactive >>>>>>>
2019-05-01 18:28:32,694 : INFO : SwitchController : <<<<<<< 's_spinner' active >>>>>>>
2019-05-01 18:28:32,723 : INFO : SwitchController : <<<<<<< 's_spinner' inactive >>>>>>>
2019-05-01 18:28:32,823 : INFO : SwitchController : <<<<<<< 's_center_orbit' active >>>>>>>
2019-05-01 18:28:32,863 : INFO : SwitchController : <<<<<<< 's_spinner' active >>>>>>>
2019-05-01 18:28:32,889 : INFO : SwitchController : <<<<<<< 's_center_orbit' inactive >>>>>>>
2019-05-01 18:28:32,915 : INFO : SwitchController : <<<<<<< 's_spinner' inactive >>>>>>>
2019-05-01 18:28:33,074 : INFO : SwitchController : <<<<<<< 's_spinner' active >>>>>>>
2019-05-01 18:28:33,266 : INFO : SwitchController : <<<<<<< 's_spinner' inactive >>>>>>>
2019-05-01 18:28:33,306 : INFO : SwitchController : <<<<<<< 's_right_flipper' active >>>>>>>
2019-05-01 18:28:33,338 : INFO : SwitchController : <<<<<<< 's_trough1' inactive >>>>>>>
2019-05-01 18:28:33,361 : INFO : SwitchController : <<<<<<< 's_right_flipper_upper' active >>>>>>>
2019-05-01 18:28:33,384 : INFO : SwitchController : <<<<<<< 's_trough1' active >>>>>>>
2019-05-01 18:28:33,477 : INFO : SwitchController : <<<<<<< 's_right_orbit' active >>>>>>>
2019-05-01 18:28:33,506 : INFO : SwitchController : <<<<<<< 's_right_orbit' inactive >>>>>>>
2019-05-01 18:28:33,667 : INFO : SwitchController : <<<<<<< 's_right_flipper_upper' inactive >>>>>>>
2019-05-01 18:28:33,700 : INFO : SwitchController : <<<<<<< 's_right_flipper' inactive >>>>>>>
2019-05-01 18:28:39,697 : INFO : SwitchController : <<<<<<< 's_left_flipper' active >>>>>>>
2019-05-01 18:28:40,014 : INFO : SwitchController : <<<<<<< 's_around_scoop' active >>>>>>>
2019-05-01 18:28:40,142 : INFO : SwitchController : <<<<<<< 's_around_scoop' inactive >>>>>>>
2019-05-01 18:28:40,384 : INFO : SwitchController : <<<<<<< 's_left_flipper' inactive >>>>>>>
2019-05-01 18:28:42,652 : INFO : SwitchController : <<<<<<< 's_left_flipper' active >>>>>>>
2019-05-01 18:28:42,699 : INFO : SwitchController : <<<<<<< 's_trough1' inactive >>>>>>>
2019-05-01 18:28:42,722 : INFO : SwitchController : <<<<<<< 's_trough1' active >>>>>>>
2019-05-01 18:28:43,052 : INFO : SwitchController : <<<<<<< 's_left_flipper' inactive >>>>>>>
2019-05-01 18:28:43,646 : INFO : SwitchController : <<<<<<< 's_left_flipper' active >>>>>>>
2019-05-01 18:28:43,708 : INFO : SwitchController : <<<<<<< 's_left_flipper' inactive >>>>>>>
2019-05-01 18:28:43,902 : INFO : SwitchController : <<<<<<< 's_ramp_target4' active >>>>>>>
2019-05-01 18:28:43,943 : INFO : SwitchController : <<<<<<< 's_ramp_target4' inactive >>>>>>>
2019-05-01 18:28:43,977 : WARNING : SwitchController : WARNING: Received duplicate switch state, which means this switch had some non-debounced state changes. This could be nothing, but if it happens a lot it could indicate noise or interference on the line. Switch: s_ramp_target4
2019-05-01 18:28:43,978 : WARNING : SwitchController : WARNING: Received duplicate switch state, which means this switch had some non-debounced state changes. This could be nothing, but if it happens a lot it could indicate noise or interference on the line. Switch: s_ramp_target4
2019-05-01 18:28:44,155 : INFO : SwitchController : <<<<<<< 's_right_orbit' active >>>>>>>
2019-05-01 18:28:44,492 : INFO : SwitchController : <<<<<<< 's_right_orbit' inactive >>>>>>>
2019-05-01 18:28:44,667 : INFO : SwitchController : <<<<<<< 's_right_flipper' active >>>>>>>
2019-05-01 18:28:44,713 : INFO : SwitchController : <<<<<<< 's_right_flipper_upper' active >>>>>>>
2019-05-01 18:28:44,741 : INFO : SwitchController : <<<<<<< 's_left_slingshot' active >>>>>>>
2019-05-01 18:28:44,765 : INFO : SwitchController : <<<<<<< 's_left_slingshot' inactive >>>>>>>
2019-05-01 18:28:44,906 : INFO : SwitchController : <<<<<<< 's_right_flipper_upper' inactive >>>>>>>
2019-05-01 18:28:44,946 : INFO : SwitchController : <<<<<<< 's_right_flipper' inactive >>>>>>>
2019-05-01 18:28:46,154 : INFO : SwitchController : <<<<<<< 's_right_flipper' active >>>>>>>
2019-05-01 18:28:46,210 : INFO : SwitchController : <<<<<<< 's_trough1' inactive >>>>>>>
2019-05-01 18:28:46,236 : INFO : SwitchController : <<<<<<< 's_right_flipper_upper' active >>>>>>>
2019-05-01 18:28:46,260 : INFO : SwitchController : <<<<<<< 's_trough1' active >>>>>>>
2019-05-01 18:28:46,282 : INFO : SwitchController : <<<<<<< 's_right_flipper_upper' inactive >>>>>>>
2019-05-01 18:28:46,307 : INFO : SwitchController : <<<<<<< 's_right_flipper' inactive >>>>>>>
2019-05-01 18:28:47,081 : INFO : SwitchController : <<<<<<< 's_left_flipper' active >>>>>>>
2019-05-01 18:28:47,321 : INFO : SwitchController : <<<<<<< 's_left_flipper' inactive >>>>>>>
2019-05-01 18:28:47,657 : INFO : SwitchController : <<<<<<< 's_spinner' active >>>>>>>
2019-05-01 18:28:47,703 : INFO : SwitchController : <<<<<<< 's_left_orbit' active >>>>>>>
2019-05-01 18:28:47,736 : INFO : SwitchController : <<<<<<< 's_spinner' inactive >>>>>>>
2019-05-01 18:28:47,759 : INFO : SwitchController : <<<<<<< 's_left_orbit' inactive >>>>>>>
2019-05-01 18:28:47,867 : INFO : SwitchController : <<<<<<< 's_spinner' active >>>>>>>
2019-05-01 18:28:47,946 : INFO : SwitchController : <<<<<<< 's_spinner' inactive >>>>>>>
2019-05-01 18:28:49,048 : INFO : SwitchController : <<<<<<< 's_left_orbit' active >>>>>>>
2019-05-01 18:28:49,087 : INFO : SwitchController : <<<<<<< 's_left_orbit' inactive >>>>>>>
2019-05-01 18:28:49,274 : INFO : SwitchController : <<<<<<< 's_spinner' active >>>>>>>
2019-05-01 18:28:49,323 : INFO : SwitchController : <<<<<<< 's_spinner' inactive >>>>>>>
2019-05-01 18:28:49,511 : INFO : SwitchController : <<<<<<< 's_spinner' active >>>>>>>
2019-05-01 18:28:49,623 : INFO : SwitchController : <<<<<<< 's_spinner' inactive >>>>>>>
2019-05-01 18:28:52,057 : INFO : SwitchController : <<<<<<< 's_left_flipper' active >>>>>>>
2019-05-01 18:28:52,113 : INFO : SwitchController : <<<<<<< 's_trough1' inactive >>>>>>>
2019-05-01 18:28:52,135 : INFO : SwitchController : <<<<<<< 's_trough1' active >>>>>>>
2019-05-01 18:28:52,293 : INFO : SwitchController : <<<<<<< 's_left_flipper' inactive >>>>>>>
2019-05-01 18:28:52,839 : INFO : SwitchController : <<<<<<< 's_right_flipper' active >>>>>>>
2019-05-01 18:28:52,900 : INFO : SwitchController : <<<<<<< 's_right_flipper_upper' active >>>>>>>
2019-05-01 18:28:52,939 : INFO : SwitchController : <<<<<<< 's_right_flipper_upper' inactive >>>>>>>
2019-05-01 18:28:52,964 : INFO : SwitchController : <<<<<<< 's_right_flipper' inactive >>>>>>>
2019-05-01 18:28:53,797 : INFO : SwitchController : <<<<<<< 's_right_flipper' active >>>>>>>
2019-05-01 18:28:53,838 : INFO : SwitchController : <<<<<<< 's_right_flipper_upper' active >>>>>>>
2019-05-01 18:28:53,957 : INFO : SwitchController : <<<<<<< 's_right_flipper_upper' inactive >>>>>>>
2019-05-01 18:28:53,999 : INFO : SwitchController : <<<<<<< 's_right_flipper' inactive >>>>>>>
2019-05-01 18:28:56,882 : INFO : SwitchController : <<<<<<< 's_left_outlane' active >>>>>>>
2019-05-01 18:28:56,944 : INFO : SwitchController : <<<<<<< 's_left_outlane' inactive >>>>>>>
2019-05-01 18:28:59,012 : INFO : SwitchController : <<<<<<< 's_trough4' active >>>>>>>
2019-05-01 18:28:59,061 : INFO : SwitchController : <<<<<<< 's_trough1' inactive >>>>>>>
2019-05-01 18:28:59,086 : INFO : SwitchController : <<<<<<< 's_trough1' active >>>>>>>
2019-05-01 18:28:59,611 : INFO : Mode.base : Stopped.
2019-05-01 18:28:59,661 : INFO : Mode.achievements : Stopped.
2019-05-01 18:28:59,843 : INFO : coil.c_droptargetbank : Pulsing Driver for 25ms (1.0 pulse_power)
2019-05-01 18:28:59,847 : INFO : Mode.achievements : Started. Priority: 100
2019-05-01 18:28:59,855 : INFO : Mode.base : Started. Priority: 100
2019-05-01 18:28:59,872 : INFO : coil.c_droptargetbank : Pulsing Driver for 25ms (1.0 pulse_power)
2019-05-01 18:28:59,880 : INFO : ball_device.bd_trough : Ejecting ball to <ball_device.bd_plunger>
2019-05-01 18:28:59,888 : INFO : SwitchController : <<<<<<< 's_drop_target_bank2' inactive >>>>>>>
2019-05-01 18:28:59,913 : INFO : SwitchController : <<<<<<< 's_drop_target_bank1' inactive >>>>>>>
2019-05-01 18:28:59,939 : INFO : coil.c_trough_eject : Pulsing Driver for 20ms (1.0 pulse_power)
2019-05-01 18:28:59,953 : INFO : SwitchController : <<<<<<< 's_trough1' inactive >>>>>>>
2019-05-01 18:28:59,976 : INFO : SwitchController : <<<<<<< 's_trough1' active >>>>>>>
2019-05-01 18:29:00,001 : INFO : SwitchController : <<<<<<< 's_trough1' inactive >>>>>>>
2019-05-01 18:29:00,026 : INFO : SwitchController : <<<<<<< 's_trough3' inactive >>>>>>>
2019-05-01 18:29:00,054 : INFO : SwitchController : <<<<<<< 's_trough3' active >>>>>>>
2019-05-01 18:29:00,079 : INFO : SwitchController : <<<<<<< 's_trough3' inactive >>>>>>>
2019-05-01 18:29:00,102 : INFO : SwitchController : <<<<<<< 's_trough3' active >>>>>>>
2019-05-01 18:29:00,144 : INFO : SwitchController : <<<<<<< 's_trough2' inactive >>>>>>>
2019-05-01 18:29:00,166 : INFO : SwitchController : <<<<<<< 's_trough3' inactive >>>>>>>
2019-05-01 18:29:00,188 : INFO : SwitchController : <<<<<<< 's_trough4' inactive >>>>>>>
2019-05-01 18:29:00,288 : INFO : SwitchController : <<<<<<< 's_trough2' active >>>>>>>
2019-05-01 18:29:00,311 : INFO : SwitchController : <<<<<<< 's_trough3' active >>>>>>>
2019-05-01 18:29:00,334 : INFO : SwitchController : <<<<<<< 's_trough3' inactive >>>>>>>
2019-05-01 18:29:00,358 : INFO : SwitchController : <<<<<<< 's_trough3' active >>>>>>>
2019-05-01 18:29:00,380 : INFO : SwitchController : <<<<<<< 's_trough1' active >>>>>>>
2019-05-01 18:29:00,751 : INFO : SwitchController : <<<<<<< 's_plunger_lane' active >>>>>>>
2019-05-01 18:29:01,252 : INFO : ball_device.bd_plunger : Ejecting ball to <playfield.playfield>
2019-05-01 18:29:01,983 : INFO : SwitchController : <<<<<<< 's_plunger_lane' inactive >>>>>>>
2019-05-01 18:29:04,447 : INFO : SwitchController : <<<<<<< 's_plunger_lane' active >>>>>>>
2019-05-01 18:29:04,477 : INFO : SwitchController : <<<<<<< 's_plunger_lane' inactive >>>>>>>
2019-05-01 18:29:04,894 : INFO : SwitchController : <<<<<<< 's_plunger_lane' active >>>>>>>
2019-05-01 18:29:05,439 : INFO : ball_device.bd_plunger : Ejecting ball to <playfield.playfield>
2019-05-01 18:29:05,444 : INFO : coil.c_auto_plunge : Pulsing Driver for 12ms (1.0 pulse_power)
2019-05-01 18:29:05,485 : INFO : SwitchController : <<<<<<< 's_plunger_lane' inactive >>>>>>>
2019-05-01 18:29:06,220 : INFO : SwitchController : <<<<<<< 's_center_orbit' active >>>>>>>
2019-05-01 18:29:06,253 : INFO : SwitchController : <<<<<<< 's_center_orbit' inactive >>>>>>>
2019-05-01 18:29:07,324 : INFO : SwitchController : <<<<<<< 's_s_lane' active >>>>>>>
2019-05-01 18:29:07,531 : INFO : SwitchController : <<<<<<< 's_s_lane' inactive >>>>>>>
2019-05-01 18:29:08,522 : INFO : SwitchController : <<<<<<< 's_popbumper2' active >>>>>>>
2019-05-01 18:29:08,556 : INFO : SwitchController : <<<<<<< 's_popbumper2' inactive >>>>>>>
2019-05-01 18:29:08,582 : INFO : SwitchController : <<<<<<< 's_popbumper2' active >>>>>>>
2019-05-01 18:29:08,608 : INFO : SwitchController : <<<<<<< 's_popbumper2' inactive >>>>>>>
2019-05-01 18:29:08,907 : INFO : SwitchController : <<<<<<< 's_right_orbit' active >>>>>>>
2019-05-01 18:29:08,972 : INFO : SwitchController : <<<<<<< 's_right_orbit' inactive >>>>>>>
2019-05-01 18:29:09,371 : INFO : SwitchController : <<<<<<< 's_right_flipper' active >>>>>>>
2019-05-01 18:29:09,426 : INFO : SwitchController : <<<<<<< 's_trough1' inactive >>>>>>>
2019-05-01 18:29:09,453 : INFO : SwitchController : <<<<<<< 's_trough1' active >>>>>>>
2019-05-01 18:29:09,475 : INFO : SwitchController : <<<<<<< 's_right_flipper_upper' active >>>>>>>
2019-05-01 18:29:09,522 : INFO : SwitchController : <<<<<<< 's_right_flipper_upper' inactive >>>>>>>
2019-05-01 18:29:09,547 : INFO : SwitchController : <<<<<<< 's_right_flipper' inactive >>>>>>>
2019-05-01 18:29:09,980 : INFO : SwitchController : <<<<<<< 's_left_flipper' active >>>>>>>
2019-05-01 18:29:10,121 : INFO : SwitchController : <<<<<<< 's_right_flipper' active >>>>>>>
2019-05-01 18:29:10,144 : INFO : SwitchController : <<<<<<< 's_right_flipper_upper' active >>>>>>>
2019-05-01 18:29:10,176 : INFO : SwitchController : <<<<<<< 's_left_slingshot' active >>>>>>>
2019-05-01 18:29:10,200 : INFO : SwitchController : <<<<<<< 's_left_slingshot' inactive >>>>>>>
2019-05-01 18:29:10,224 : INFO : SwitchController : <<<<<<< 's_left_slingshot' active >>>>>>>
2019-05-01 18:29:10,253 : INFO : SwitchController : <<<<<<< 's_left_slingshot' inactive >>>>>>>
2019-05-01 18:29:10,601 : INFO : SwitchController : <<<<<<< 's_right_flipper_upper' inactive >>>>>>>
2019-05-01 18:29:10,627 : INFO : SwitchController : <<<<<<< 's_right_flipper' inactive >>>>>>>
2019-05-01 18:29:10,649 : INFO : SwitchController : <<<<<<< 's_left_flipper' inactive >>>>>>>
2019-05-01 18:29:13,127 : INFO : SwitchController : <<<<<<< 's_trough1' inactive >>>>>>>
2019-05-01 18:29:13,173 : INFO : SwitchController : <<<<<<< 's_trough1' active >>>>>>>
2019-05-01 18:29:13,800 : INFO : SwitchController : <<<<<<< 's_trough4' active >>>>>>>
2019-05-01 18:29:14,308 : INFO : ball_device.bd_trough : Ejecting ball to <ball_device.bd_plunger>
2019-05-01 18:29:14,312 : INFO : coil.c_trough_eject : Pulsing Driver for 20ms (1.0 pulse_power)
2019-05-01 18:29:14,326 : INFO : SwitchController : <<<<<<< 's_trough1' inactive >>>>>>>
2019-05-01 18:29:14,355 : INFO : SwitchController : <<<<<<< 's_trough1' active >>>>>>>
2019-05-01 18:29:14,381 : INFO : SwitchController : <<<<<<< 's_trough1' inactive >>>>>>>
2019-05-01 18:29:14,403 : INFO : SwitchController : <<<<<<< 's_trough2' inactive >>>>>>>
2019-05-01 18:29:14,425 : INFO : SwitchController : <<<<<<< 's_trough2' active >>>>>>>
2019-05-01 18:29:14,472 : INFO : SwitchController : <<<<<<< 's_trough3' inactive >>>>>>>
2019-05-01 18:29:14,495 : INFO : SwitchController : <<<<<<< 's_trough3' active >>>>>>>
2019-05-01 18:29:14,520 : INFO : SwitchController : <<<<<<< 's_trough3' inactive >>>>>>>
2019-05-01 18:29:14,543 : INFO : SwitchController : <<<<<<< 's_trough3' active >>>>>>>
2019-05-01 18:29:14,566 : INFO : SwitchController : <<<<<<< 's_trough2' inactive >>>>>>>
2019-05-01 18:29:14,588 : INFO : SwitchController : <<<<<<< 's_trough3' inactive >>>>>>>
2019-05-01 18:29:14,611 : INFO : SwitchController : <<<<<<< 's_trough4' inactive >>>>>>>
2019-05-01 18:29:14,635 : INFO : SwitchController : <<<<<<< 's_plunger_lane' active >>>>>>>
2019-05-01 18:29:14,659 : INFO : SwitchController : <<<<<<< 's_trough2' active >>>>>>>
2019-05-01 18:29:14,683 : INFO : SwitchController : <<<<<<< 's_trough3' active >>>>>>>
2019-05-01 18:29:14,707 : INFO : SwitchController : <<<<<<< 's_trough3' inactive >>>>>>>
2019-05-01 18:29:14,730 : INFO : SwitchController : <<<<<<< 's_trough1' active >>>>>>>
2019-05-01 18:29:14,753 : INFO : SwitchController : <<<<<<< 's_trough3' active >>>>>>>
2019-05-01 18:29:14,776 : INFO : SwitchController : <<<<<<< 's_trough3' inactive >>>>>>>
2019-05-01 18:29:14,798 : INFO : SwitchController : <<<<<<< 's_trough3' active >>>>>>>
2019-05-01 18:29:15,148 : INFO : ball_device.bd_plunger : Ejecting ball to <playfield.playfield>
2019-05-01 18:29:15,155 : INFO : coil.c_auto_plunge : Pulsing Driver for 12ms (1.0 pulse_power)
2019-05-01 18:29:15,190 : INFO : SwitchController : <<<<<<< 's_plunger_lane' inactive >>>>>>>
2019-05-01 18:29:16,151 : INFO : SwitchController : <<<<<<< 's_center_orbit' active >>>>>>>
2019-05-01 18:29:16,205 : INFO : SwitchController : <<<<<<< 's_center_orbit' inactive >>>>>>>
2019-05-01 18:29:17,652 : INFO : SwitchController : <<<<<<< 's_spinner' active >>>>>>>
2019-05-01 18:29:17,684 : INFO : SwitchController : <<<<<<< 's_spinner' inactive >>>>>>>
2019-05-01 18:29:17,860 : INFO : SwitchController : <<<<<<< 's_spinner' active >>>>>>>
2019-05-01 18:29:18,069 : INFO : SwitchController : <<<<<<< 's_spinner' inactive >>>>>>>
2019-05-01 18:29:18,105 : INFO : SwitchController : <<<<<<< 's_left_flipper' active >>>>>>>
2019-05-01 18:29:18,132 : INFO : SwitchController : <<<<<<< 's_trough1' inactive >>>>>>>
2019-05-01 18:29:18,154 : INFO : SwitchController : <<<<<<< 's_trough1' active >>>>>>>
2019-05-01 18:29:20,019 : INFO : SwitchController : <<<<<<< 's_left_flipper' inactive >>>>>>>
2019-05-01 18:29:20,421 : INFO : SwitchController : <<<<<<< 's_left_flipper' active >>>>>>>
2019-05-01 18:29:20,454 : INFO : SwitchController : <<<<<<< 's_trough1' inactive >>>>>>>
2019-05-01 18:29:20,477 : INFO : SwitchController : <<<<<<< 's_trough1' active >>>>>>>
2019-05-01 18:29:20,642 : INFO : SwitchController : <<<<<<< 's_left_flipper' inactive >>>>>>>
2019-05-01 18:29:20,707 : INFO : SwitchController : <<<<<<< 's_right_flipper' active >>>>>>>
2019-05-01 18:29:20,730 : INFO : SwitchController : <<<<<<< 's_right_flipper_upper' active >>>>>>>
2019-05-01 18:29:20,804 : INFO : SwitchController : <<<<<<< 's_right_flipper_upper' inactive >>>>>>>
2019-05-01 18:29:20,834 : INFO : SwitchController : <<<<<<< 's_right_flipper' inactive >>>>>>>
2019-05-01 18:29:21,491 : INFO : SwitchController : <<<<<<< 's_right_flipper' active >>>>>>>
2019-05-01 18:29:21,523 : INFO : SwitchController : <<<<<<< 's_right_flipper_upper' active >>>>>>>
2019-05-01 18:29:21,793 : INFO : SwitchController : <<<<<<< 's_trough2' inactive >>>>>>>
2019-05-01 18:29:21,834 : INFO : SwitchController : <<<<<<< 's_trough2' active >>>>>>>
2019-05-01 18:29:21,923 : INFO : SwitchController : <<<<<<< 's_right_flipper_upper' inactive >>>>>>>
2019-05-01 18:29:21,946 : INFO : SwitchController : <<<<<<< 's_right_flipper' inactive >>>>>>>
2019-05-01 18:29:22,179 : INFO : SwitchController : <<<<<<< 's_trough4' active >>>>>>>
2019-05-01 18:29:22,690 : INFO : Mode.base : Stopped.
2019-05-01 18:29:22,736 : INFO : Mode.achievements : Stopped.
2019-05-01 18:29:22,823 : INFO : Mode.attract : Started. Priority: 10
2019-05-01 18:29:22,827 : INFO : Mode.game : Stopped.
2019-05-01 18:29:24,224 : INFO : SwitchController : <<<<<<< 's_right_flipper' active >>>>>>>
2019-05-01 18:29:24,255 : INFO : SwitchController : <<<<<<< 's_right_flipper_upper' active >>>>>>>
2019-05-01 18:29:24,278 : INFO : SwitchController : <<<<<<< 's_left_flipper' active >>>>>>>
2019-05-01 18:29:24,339 : INFO : SwitchController : <<<<<<< 's_right_flipper_upper' inactive >>>>>>>
2019-05-01 18:29:24,363 : INFO : SwitchController : <<<<<<< 's_left_flipper' inactive >>>>>>>
2019-05-01 18:29:24,388 : INFO : SwitchController : <<<<<<< 's_right_flipper' inactive >>>>>>>
2019-05-01 18:29:25,040 : INFO : SwitchController : <<<<<<< 's_start' active >>>>>>>
2019-05-01 18:29:25,263 : INFO : SwitchController : <<<<<<< 's_start' inactive >>>>>>>
2019-05-01 18:29:25,288 : INFO : Mode.attract : Stopped.
2019-05-01 18:29:25,290 : INFO : Mode.game : Started. Priority: 20
2019-05-01 18:29:25,300 : INFO : Mode.game : Player added successfully. Total players: 1
2019-05-01 18:29:25,465 : INFO : Mode.achievements : Started. Priority: 100
2019-05-01 18:29:25,497 : INFO : Mode.base : Started. Priority: 100
2019-05-01 18:29:25,518 : INFO : ball_device.bd_trough : Ejecting ball to <ball_device.bd_plunger>
2019-05-01 18:29:25,522 : INFO : coil.c_trough_eject : Pulsing Driver for 20ms (1.0 pulse_power)
2019-05-01 18:29:25,550 : INFO : SwitchController : <<<<<<< 's_trough1' inactive >>>>>>>
2019-05-01 18:29:25,713 : INFO : SwitchController : <<<<<<< 's_trough3' inactive >>>>>>>
2019-05-01 18:29:25,735 : INFO : SwitchController : <<<<<<< 's_trough4' inactive >>>>>>>
2019-05-01 18:29:25,757 : INFO : SwitchController : <<<<<<< 's_trough2' inactive >>>>>>>
2019-05-01 18:29:25,856 : INFO : SwitchController : <<<<<<< 's_trough3' active >>>>>>>
2019-05-01 18:29:25,894 : INFO : SwitchController : <<<<<<< 's_trough2' active >>>>>>>
2019-05-01 18:29:25,916 : INFO : SwitchController : <<<<<<< 's_trough3' inactive >>>>>>>
2019-05-01 18:29:25,939 : INFO : SwitchController : <<<<<<< 's_trough3' active >>>>>>>
2019-05-01 18:29:25,962 : INFO : SwitchController : <<<<<<< 's_trough3' inactive >>>>>>>
2019-05-01 18:29:25,984 : INFO : SwitchController : <<<<<<< 's_trough3' active >>>>>>>
2019-05-01 18:29:26,007 : INFO : SwitchController : <<<<<<< 's_trough1' active >>>>>>>
2019-05-01 18:29:26,287 : INFO : SwitchController : <<<<<<< 's_plunger_lane' active >>>>>>>
2019-05-01 18:29:26,786 : INFO : ball_device.bd_plunger : Ejecting ball to <playfield.playfield>
2019-05-01 18:29:27,184 : INFO : SwitchController : <<<<<<< 's_plunger_lane' inactive >>>>>>>
2019-05-01 18:29:28,430 : INFO : SwitchController : <<<<<<< 's_center_orbit' active >>>>>>>
2019-05-01 18:29:28,493 : INFO : SwitchController : <<<<<<< 's_center_orbit' inactive >>>>>>>
2019-05-01 18:29:28,974 : INFO : SwitchController : <<<<<<< 's_s_lane' active >>>>>>>
2019-05-01 18:29:29,182 : INFO : SwitchController : <<<<<<< 's_s_lane' inactive >>>>>>>
2019-05-01 18:29:29,676 : INFO : SwitchController : <<<<<<< 's_popbumper1' active >>>>>>>
2019-05-01 18:29:29,717 : INFO : SwitchController : <<<<<<< 's_popbumper1' inactive >>>>>>>
2019-05-01 18:29:29,746 : INFO : SwitchController : <<<<<<< 's_popbumper3' active >>>>>>>
2019-05-01 18:29:29,772 : INFO : SwitchController : <<<<<<< 's_popbumper3' inactive >>>>>>>
2019-05-01 18:29:29,820 : INFO : SwitchController : <<<<<<< 's_popbumper1' active >>>>>>>
2019-05-01 18:29:29,844 : INFO : SwitchController : <<<<<<< 's_popbumper1' inactive >>>>>>>
2019-05-01 18:29:29,867 : INFO : SwitchController : <<<<<<< 's_popbumper1' active >>>>>>>
2019-05-01 18:29:29,890 : INFO : SwitchController : <<<<<<< 's_popbumper1' inactive >>>>>>>
2019-05-01 18:29:30,172 : INFO : SwitchController : <<<<<<< 's_popbumper3' active >>>>>>>
2019-05-01 18:29:30,219 : INFO : SwitchController : <<<<<<< 's_popbumper3' inactive >>>>>>>
2019-05-01 18:29:30,249 : INFO : SwitchController : <<<<<<< 's_p_lane' active >>>>>>>
2019-05-01 18:29:30,282 : INFO : SwitchController : <<<<<<< 's_p_lane' inactive >>>>>>>
2019-05-01 18:29:31,035 : INFO : SwitchController : <<<<<<< 's_a_lane' active >>>>>>>
2019-05-01 18:29:31,164 : INFO : SwitchController : <<<<<<< 's_a_lane' inactive >>>>>>>
2019-05-01 18:29:31,342 : INFO : SwitchController : <<<<<<< 's_popbumper3' active >>>>>>>
2019-05-01 18:29:31,385 : INFO : SwitchController : <<<<<<< 's_popbumper3' inactive >>>>>>>
2019-05-01 18:29:31,499 : INFO : SwitchController : <<<<<<< 's_popbumper2' active >>>>>>>
2019-05-01 18:29:31,533 : INFO : SwitchController : <<<<<<< 's_popbumper2' inactive >>>>>>>
2019-05-01 18:29:31,579 : INFO : SwitchController : <<<<<<< 's_popbumper2' active >>>>>>>
2019-05-01 18:29:31,610 : INFO : SwitchController : <<<<<<< 's_popbumper2' inactive >>>>>>>
2019-05-01 18:29:31,634 : INFO : SwitchController : <<<<<<< 's_popbumper2' active >>>>>>>
2019-05-01 18:29:31,659 : INFO : SwitchController : <<<<<<< 's_popbumper2' inactive >>>>>>>
2019-05-01 18:29:31,685 : INFO : SwitchController : <<<<<<< 's_popbumper2' active >>>>>>>
2019-05-01 18:29:31,710 : INFO : SwitchController : <<<<<<< 's_popbumper2' inactive >>>>>>>
2019-05-01 18:29:31,886 : INFO : SwitchController : <<<<<<< 's_popbumper3' active >>>>>>>
2019-05-01 18:29:31,924 : INFO : SwitchController : <<<<<<< 's_popbumper3' inactive >>>>>>>
2019-05-01 18:29:31,947 : INFO : SwitchController : <<<<<<< 's_popbumper3' active >>>>>>>
2019-05-01 18:29:31,970 : INFO : SwitchController : <<<<<<< 's_popbumper3' inactive >>>>>>>
2019-05-01 18:29:32,363 : INFO : SwitchController : <<<<<<< 's_popbumper3' active >>>>>>>
2019-05-01 18:29:32,409 : INFO : SwitchController : <<<<<<< 's_popbumper3' inactive >>>>>>>
2019-05-01 18:29:32,474 : INFO : SwitchController : <<<<<<< 's_popbumper3' active >>>>>>>
2019-05-01 18:29:32,512 : INFO : SwitchController : <<<<<<< 's_popbumper3' inactive >>>>>>>
2019-05-01 18:29:33,002 : INFO : SwitchController : <<<<<<< 's_popbumper3' active >>>>>>>
2019-05-01 18:29:33,036 : INFO : SwitchController : <<<<<<< 's_popbumper3' inactive >>>>>>>
2019-05-01 18:29:33,062 : INFO : SwitchController : <<<<<<< 's_popbumper3' active >>>>>>>
2019-05-01 18:29:33,088 : INFO : SwitchController : <<<<<<< 's_popbumper3' inactive >>>>>>>
2019-05-01 18:29:33,115 : INFO : SwitchController : <<<<<<< 's_a_lane' active >>>>>>>
2019-05-01 18:29:33,142 : INFO : SwitchController : <<<<<<< 's_a_lane' inactive >>>>>>>
2019-05-01 18:29:33,851 : INFO : SwitchController : <<<<<<< 's_right_flipper' active >>>>>>>
2019-05-01 18:29:33,911 : INFO : SwitchController : <<<<<<< 's_right_flipper_upper' active >>>>>>>
2019-05-01 18:29:33,957 : INFO : SwitchController : <<<<<<< 's_trough1' inactive >>>>>>>
2019-05-01 18:29:33,986 : INFO : SwitchController : <<<<<<< 's_trough1' active >>>>>>>
2019-05-01 18:29:34,011 : INFO : SwitchController : <<<<<<< 's_right_flipper_upper' inactive >>>>>>>
2019-05-01 18:29:34,034 : INFO : SwitchController : <<<<<<< 's_right_flipper' inactive >>>>>>>
2019-05-01 18:29:34,233 : INFO : SwitchController : <<<<<<< 's_a_lane' active >>>>>>>
2019-05-01 18:29:34,407 : INFO : SwitchController : <<<<<<< 's_a_lane' inactive >>>>>>>
2019-05-01 18:29:34,569 : INFO : SwitchController : <<<<<<< 's_popbumper3' active >>>>>>>
2019-05-01 18:29:34,597 : INFO : SwitchController : <<<<<<< 's_popbumper3' inactive >>>>>>>
2019-05-01 18:29:34,681 : INFO : SwitchController : <<<<<<< 's_c_lane' active >>>>>>>
2019-05-01 18:29:34,733 : INFO : SwitchController : <<<<<<< 's_c_lane' inactive >>>>>>>
2019-05-01 18:29:34,905 : INFO : SwitchController : <<<<<<< 's_right_flipper' active >>>>>>>
2019-05-01 18:29:34,949 : INFO : SwitchController : <<<<<<< 's_right_flipper_upper' active >>>>>>>
2019-05-01 18:29:34,973 : INFO : SwitchController : <<<<<<< 's_trough2' inactive >>>>>>>
2019-05-01 18:29:34,999 : INFO : SwitchController : <<<<<<< 's_trough2' active >>>>>>>
2019-05-01 18:29:35,022 : INFO : SwitchController : <<<<<<< 's_right_flipper_upper' inactive >>>>>>>
2019-05-01 18:29:35,047 : INFO : SwitchController : <<<<<<< 's_right_flipper' inactive >>>>>>>
2019-05-01 18:29:36,424 : INFO : SwitchController : <<<<<<< 's_right_orbit' active >>>>>>>
2019-05-01 18:29:36,506 : INFO : SwitchController : <<<<<<< 's_right_orbit' inactive >>>>>>>
2019-05-01 18:29:37,447 : INFO : SwitchController : <<<<<<< 's_right_flipper' active >>>>>>>
2019-05-01 18:29:37,488 : INFO : SwitchController : <<<<<<< 's_right_flipper_upper' active >>>>>>>
2019-05-01 18:29:38,775 : INFO : SwitchController : <<<<<<< 's_right_flipper_upper' inactive >>>>>>>
2019-05-01 18:29:38,818 : INFO : SwitchController : <<<<<<< 's_right_flipper' inactive >>>>>>>
2019-05-01 18:29:39,094 : INFO : SwitchController : <<<<<<< 's_right_flipper' active >>>>>>>
2019-05-01 18:29:39,131 : INFO : SwitchController : <<<<<<< 's_right_flipper_upper' active >>>>>>>
2019-05-01 18:29:39,448 : INFO : SwitchController : <<<<<<< 's_right_flipper_upper' inactive >>>>>>>
2019-05-01 18:29:39,480 : INFO : SwitchController : <<<<<<< 's_right_flipper' inactive >>>>>>>
2019-05-01 18:29:39,702 : INFO : SwitchController : <<<<<<< 's_scoop_VUK' active >>>>>>>
2019-05-01 18:29:39,758 : INFO : SwitchController : <<<<<<< 's_scoop_VUK' inactive >>>>>>>
2019-05-01 18:29:39,941 : INFO : SwitchController : <<<<<<< 's_scoop_VUK' active >>>>>>>
2019-05-01 18:29:40,443 : INFO : ball_device.bd_scoop : Ejecting ball to <playfield.playfield>
2019-05-01 18:29:40,447 : INFO : coil.c_scoop_VUK : Pulsing Driver for 10ms (1.0 pulse_power)
2019-05-01 18:29:40,472 : INFO : SwitchController : <<<<<<< 's_scoop_VUK' inactive >>>>>>>
2019-05-01 18:29:40,838 : INFO : SwitchController : <<<<<<< 's_left_flipper' active >>>>>>>
2019-05-01 18:29:41,652 : INFO : SwitchController : <<<<<<< 's_left_flipper' inactive >>>>>>>
2019-05-01 18:29:42,932 : INFO : SwitchController : <<<<<<< 's_left_flipper' active >>>>>>>
2019-05-01 18:29:43,252 : INFO : SwitchController : <<<<<<< 's_right_orbit' active >>>>>>>
2019-05-01 18:29:43,275 : INFO : SwitchController : <<<<<<< 's_right_orbit' inactive >>>>>>>
2019-05-01 18:29:43,316 : INFO : SwitchController : <<<<<<< 's_left_flipper' inactive >>>>>>>
2019-05-01 18:29:44,179 : INFO : SwitchController : <<<<<<< 's_left_orbit' active >>>>>>>
2019-05-01 18:29:44,222 : INFO : SwitchController : <<<<<<< 's_left_orbit' inactive >>>>>>>
2019-05-01 18:29:44,278 : INFO : SwitchController : <<<<<<< 's_spinner' active >>>>>>>
2019-05-01 18:29:44,306 : INFO : SwitchController : <<<<<<< 's_spinner' inactive >>>>>>>
2019-05-01 18:29:44,405 : INFO : SwitchController : <<<<<<< 's_spinner' active >>>>>>>
2019-05-01 18:29:44,429 : INFO : SwitchController : <<<<<<< 's_spinner' inactive >>>>>>>
2019-05-01 18:29:44,483 : INFO : SwitchController : <<<<<<< 's_left_flipper' active >>>>>>>
2019-05-01 18:29:44,510 : INFO : SwitchController : <<<<<<< 's_trough1' inactive >>>>>>>
2019-05-01 18:29:44,532 : INFO : SwitchController : <<<<<<< 's_left_slingshot' active >>>>>>>
2019-05-01 18:29:44,555 : INFO : SwitchController : <<<<<<< 's_trough1' active >>>>>>>
2019-05-01 18:29:44,578 : INFO : SwitchController : <<<<<<< 's_spinner' active >>>>>>>
2019-05-01 18:29:44,608 : INFO : SwitchController : <<<<<<< 's_left_slingshot' inactive >>>>>>>
2019-05-01 18:29:44,636 : INFO : SwitchController : <<<<<<< 's_spinner' inactive >>>>>>>
2019-05-01 18:29:44,660 : INFO : SwitchController : <<<<<<< 's_spinner' active >>>>>>>
2019-05-01 18:29:44,688 : INFO : SwitchController : <<<<<<< 's_spinner' inactive >>>>>>>
2019-05-01 18:29:44,754 : INFO : SwitchController : <<<<<<< 's_left_flipper' inactive >>>>>>>
2019-05-01 18:29:44,819 : INFO : SwitchController : <<<<<<< 's_spinner' active >>>>>>>
2019-05-01 18:29:44,869 : INFO : SwitchController : <<<<<<< 's_spinner' inactive >>>>>>>
2019-05-01 18:29:45,060 : INFO : SwitchController : <<<<<<< 's_spinner' active >>>>>>>
2019-05-01 18:29:45,186 : INFO : SwitchController : <<<<<<< 's_spinner' inactive >>>>>>>
2019-05-01 18:29:46,418 : INFO : SwitchController : <<<<<<< 's_singledrop' active >>>>>>>
2019-05-01 18:29:49,074 : INFO : SwitchController : <<<<<<< 's_left_flipper' active >>>>>>>
2019-05-01 18:29:49,839 : INFO : SwitchController : <<<<<<< 's_left_flipper' inactive >>>>>>>
2019-05-01 18:29:50,496 : INFO : SwitchController : <<<<<<< 's_left_flipper' active >>>>>>>
2019-05-01 18:29:50,606 : INFO : SwitchController : <<<<<<< 's_left_flipper' inactive >>>>>>>
2019-05-01 18:29:50,767 : WARNING : SwitchController : WARNING: Received duplicate switch state, which means this switch had some non-debounced state changes. This could be nothing, but if it happens a lot it could indicate noise or interference on the line. Switch: s_ramp_target4
2019-05-01 18:29:50,768 : WARNING : SwitchController : WARNING: Received duplicate switch state, which means this switch had some non-debounced state changes. This could be nothing, but if it happens a lot it could indicate noise or interference on the line. Switch: s_ramp_target4
2019-05-01 18:29:50,799 : WARNING : SwitchController : WARNING: Received duplicate switch state, which means this switch had some non-debounced state changes. This could be nothing, but if it happens a lot it could indicate noise or interference on the line. Switch: s_ramp_target4
2019-05-01 18:29:50,800 : INFO : SwitchController : <<<<<<< 's_right_orbit' active >>>>>>>
2019-05-01 18:29:50,838 : INFO : SwitchController : <<<<<<< 's_right_orbit' inactive >>>>>>>
2019-05-01 18:29:52,030 : INFO : SwitchController : <<<<<<< 's_right_orbit' active >>>>>>>
2019-05-01 18:29:52,078 : INFO : SwitchController : <<<<<<< 's_right_orbit' inactive >>>>>>>
2019-05-01 18:29:53,997 : INFO : SwitchController : <<<<<<< 's_right_flipper' active >>>>>>>
2019-05-01 18:29:54,039 : INFO : SwitchController : <<<<<<< 's_right_flipper_upper' active >>>>>>>
2019-05-01 18:29:54,380 : INFO : SwitchController : <<<<<<< 's_right_flipper_upper' inactive >>>>>>>
2019-05-01 18:29:54,420 : INFO : SwitchController : <<<<<<< 's_right_flipper' inactive >>>>>>>
2019-05-01 18:29:54,576 : INFO : SwitchController : <<<<<<< 's_right_flipper' active >>>>>>>
2019-05-01 18:29:54,620 : INFO : SwitchController : <<<<<<< 's_right_flipper' inactive >>>>>>>
2019-05-01 18:29:54,862 : INFO : SwitchController : <<<<<<< 's_left_slingshot' active >>>>>>>
2019-05-01 18:29:54,900 : INFO : SwitchController : <<<<<<< 's_left_slingshot' inactive >>>>>>>
2019-05-01 18:29:55,756 : INFO : SwitchController : <<<<<<< 's_left_slingshot' active >>>>>>>
2019-05-01 18:29:55,805 : INFO : SwitchController : <<<<<<< 's_left_slingshot' inactive >>>>>>>
2019-05-01 18:29:56,156 : INFO : SwitchController : <<<<<<< 's_around_scoop' active >>>>>>>
2019-05-01 18:29:56,219 : INFO : SwitchController : <<<<<<< 's_around_scoop' inactive >>>>>>>
2019-05-01 18:29:56,267 : INFO : SwitchController : <<<<<<< 's_around_scoop' active >>>>>>>
2019-05-01 18:29:56,422 : INFO : SwitchController : <<<<<<< 's_around_scoop' inactive >>>>>>>
2019-05-01 18:29:57,754 : INFO : SwitchController : <<<<<<< 's_left_flipper' active >>>>>>>
2019-05-01 18:29:57,950 : INFO : SwitchController : <<<<<<< 's_left_flipper' inactive >>>>>>>
2019-05-01 18:29:58,186 : INFO : SwitchController : <<<<<<< 's_ramp_target4' active >>>>>>>
2019-05-01 18:29:58,235 : INFO : SwitchController : <<<<<<< 's_ramp_target4' inactive >>>>>>>
2019-05-01 18:29:59,512 : INFO : SwitchController : <<<<<<< 's_subway1' active >>>>>>>
2019-05-01 18:29:59,562 : INFO : SwitchController : <<<<<<< 's_subway1' inactive >>>>>>>
2019-05-01 18:30:00,504 : INFO : SwitchController : <<<<<<< 's_ball_release' active >>>>>>>
2019-05-01 18:30:00,633 : INFO : SwitchController : <<<<<<< 's_ball_release' inactive >>>>>>>
2019-05-01 18:30:00,760 : INFO : SwitchController : <<<<<<< 's_scoop_VUK' active >>>>>>>
2019-05-01 18:30:01,270 : INFO : ball_device.bd_scoop : Ejecting ball to <playfield.playfield>
2019-05-01 18:30:01,274 : INFO : coil.c_scoop_VUK : Pulsing Driver for 10ms (1.0 pulse_power)
2019-05-01 18:30:01,304 : INFO : SwitchController : <<<<<<< 's_scoop_VUK' inactive >>>>>>>
2019-05-01 18:30:01,624 : INFO : SwitchController : <<<<<<< 's_left_flipper' active >>>>>>>
2019-05-01 18:30:02,010 : INFO : SwitchController : <<<<<<< 's_left_flipper' inactive >>>>>>>
2019-05-01 18:30:03,174 : INFO : SwitchController : <<<<<<< 's_left_flipper' active >>>>>>>
2019-05-01 18:30:03,305 : INFO : SwitchController : <<<<<<< 's_left_flipper' inactive >>>>>>>
2019-05-01 18:30:03,560 : INFO : SwitchController : <<<<<<< 's_right_orbit' active >>>>>>>
2019-05-01 18:30:03,612 : INFO : SwitchController : <<<<<<< 's_right_orbit' inactive >>>>>>>
2019-05-01 18:30:03,993 : INFO : SwitchController : <<<<<<< 's_center_orbit' active >>>>>>>
2019-05-01 18:30:04,032 : INFO : SwitchController : <<<<<<< 's_center_orbit' inactive >>>>>>>
2019-05-01 18:30:04,058 : INFO : SwitchController : <<<<<<< 's_center_orbit' active >>>>>>>
2019-05-01 18:30:04,081 : INFO : SwitchController : <<<<<<< 's_center_orbit' inactive >>>>>>>
2019-05-01 18:30:04,758 : INFO : SwitchController : <<<<<<< 's_left_orbit' active >>>>>>>
2019-05-01 18:30:04,801 : INFO : SwitchController : <<<<<<< 's_left_orbit' inactive >>>>>>>
2019-05-01 18:30:04,854 : INFO : SwitchController : <<<<<<< 's_spinner' active >>>>>>>
2019-05-01 18:30:04,885 : INFO : SwitchController : <<<<<<< 's_spinner' inactive >>>>>>>
2019-05-01 18:30:04,998 : INFO : SwitchController : <<<<<<< 's_spinner' active >>>>>>>
2019-05-01 18:30:05,044 : INFO : SwitchController : <<<<<<< 's_spinner' inactive >>>>>>>
2019-05-01 18:30:05,074 : INFO : SwitchController : <<<<<<< 's_left_flipper' active >>>>>>>
2019-05-01 18:30:05,124 : INFO : SwitchController : <<<<<<< 's_left_slingshot' active >>>>>>>
2019-05-01 18:30:05,147 : INFO : SwitchController : <<<<<<< 's_left_slingshot' inactive >>>>>>>
2019-05-01 18:30:05,174 : INFO : SwitchController : <<<<<<< 's_spinner' active >>>>>>>
2019-05-01 18:30:05,206 : INFO : SwitchController : <<<<<<< 's_spinner' inactive >>>>>>>
2019-05-01 18:30:05,367 : INFO : SwitchController : <<<<<<< 's_spinner' active >>>>>>>
2019-05-01 18:30:05,464 : INFO : SwitchController : <<<<<<< 's_spinner' inactive >>>>>>>
2019-05-01 18:30:05,685 : INFO : SwitchController : <<<<<<< 's_left_flipper' inactive >>>>>>>
2019-05-01 18:30:06,340 : INFO : SwitchController : <<<<<<< 's_left_flipper' active >>>>>>>
2019-05-01 18:30:06,409 : INFO : SwitchController : <<<<<<< 's_left_slingshot' active >>>>>>>
2019-05-01 18:30:06,435 : INFO : SwitchController : <<<<<<< 's_left_slingshot' inactive >>>>>>>
2019-05-01 18:30:06,660 : INFO : SwitchController : <<<<<<< 's_left_flipper' inactive >>>>>>>
2019-05-01 18:30:07,380 : INFO : SwitchController : <<<<<<< 's_left_flipper' active >>>>>>>
2019-05-01 18:30:07,479 : INFO : SwitchController : <<<<<<< 's_left_flipper' inactive >>>>>>>
2019-05-01 18:30:07,653 : INFO : SwitchController : <<<<<<< 's_ramp_target4' active >>>>>>>
2019-05-01 18:30:07,692 : INFO : SwitchController : <<<<<<< 's_ramp_target4' inactive >>>>>>>
2019-05-01 18:30:07,724 : WARNING : SwitchController : WARNING: Received duplicate switch state, which means this switch had some non-debounced state changes. This could be nothing, but if it happens a lot it could indicate noise or interference on the line. Switch: s_ramp_target4
2019-05-01 18:30:07,940 : INFO : SwitchController : <<<<<<< 's_right_orbit' active >>>>>>>
2019-05-01 18:30:08,147 : INFO : SwitchController : <<<<<<< 's_right_orbit' inactive >>>>>>>
2019-05-01 18:30:08,725 : INFO : SwitchController : <<<<<<< 's_right_flipper' active >>>>>>>
2019-05-01 18:30:08,763 : INFO : SwitchController : <<<<<<< 's_trough2' inactive >>>>>>>
2019-05-01 18:30:08,785 : INFO : SwitchController : <<<<<<< 's_trough2' active >>>>>>>
2019-05-01 18:30:08,812 : INFO : SwitchController : <<<<<<< 's_right_flipper_upper' active >>>>>>>
2019-05-01 18:30:08,836 : INFO : SwitchController : <<<<<<< 's_right_flipper_upper' inactive >>>>>>>
2019-05-01 18:30:08,859 : INFO : SwitchController : <<<<<<< 's_right_flipper' inactive >>>>>>>
2019-05-01 18:30:10,036 : INFO : SwitchController : <<<<<<< 's_subway1' active >>>>>>>
2019-05-01 18:30:10,085 : INFO : SwitchController : <<<<<<< 's_subway1' inactive >>>>>>>
2019-05-01 18:30:10,995 : INFO : SwitchController : <<<<<<< 's_ball_release' active >>>>>>>
2019-05-01 18:30:11,169 : INFO : SwitchController : <<<<<<< 's_ball_release' inactive >>>>>>>
2019-05-01 18:30:11,313 : INFO : SwitchController : <<<<<<< 's_scoop_VUK' active >>>>>>>
2019-05-01 18:30:11,825 : INFO : ball_device.bd_scoop : Ejecting ball to <playfield.playfield>
2019-05-01 18:30:11,830 : INFO : coil.c_scoop_VUK : Pulsing Driver for 10ms (1.0 pulse_power)
2019-05-01 18:30:11,857 : INFO : SwitchController : <<<<<<< 's_scoop_VUK' inactive >>>>>>>
2019-05-01 18:30:12,147 : INFO : SwitchController : <<<<<<< 's_left_slingshot' active >>>>>>>
2019-05-01 18:30:12,184 : INFO : SwitchController : <<<<<<< 's_left_slingshot' inactive >>>>>>>
2019-05-01 18:30:13,359 : INFO : SwitchController : <<<<<<< 's_around_scoop' active >>>>>>>
2019-05-01 18:30:13,440 : INFO : SwitchController : <<<<<<< 's_around_scoop' inactive >>>>>>>
2019-05-01 18:30:15,886 : INFO : SwitchController : <<<<<<< 's_left_flipper' active >>>>>>>
2019-05-01 18:30:16,014 : INFO : SwitchController : <<<<<<< 's_left_flipper' inactive >>>>>>>
2019-05-01 18:30:16,143 : INFO : SwitchController : <<<<<<< 's_ramp_target4' active >>>>>>>
2019-05-01 18:30:16,185 : INFO : SwitchController : <<<<<<< 's_ramp_target4' inactive >>>>>>>
2019-05-01 18:30:16,216 : WARNING : SwitchController : WARNING: Received duplicate switch state, which means this switch had some non-debounced state changes. This could be nothing, but if it happens a lot it could indicate noise or interference on the line. Switch: s_ramp_target4
2019-05-01 18:30:16,527 : INFO : SwitchController : <<<<<<< 's_right_inlane' active >>>>>>>
2019-05-01 18:30:16,574 : INFO : SwitchController : <<<<<<< 's_right_inlane' inactive >>>>>>>
2019-05-01 18:30:17,982 : INFO : SwitchController : <<<<<<< 's_trough4' active >>>>>>>
2019-05-01 18:30:18,491 : INFO : Mode.base : Stopped.
2019-05-01 18:30:18,536 : INFO : Mode.achievements : Stopped.
2019-05-01 18:30:18,714 : INFO : coil.c_singledroptarget : Pulsing Driver for 16ms (1.0 pulse_power)
2019-05-01 18:30:18,717 : INFO : Mode.achievements : Started. Priority: 100
2019-05-01 18:30:18,724 : INFO : Mode.base : Started. Priority: 100
2019-05-01 18:30:18,733 : INFO : SwitchController : <<<<<<< 's_singledrop' inactive >>>>>>>
2019-05-01 18:30:18,759 : INFO : SwitchController : <<<<<<< 's_left_ramp_enter' active >>>>>>>
2019-05-01 18:30:18,784 : INFO : SwitchController : <<<<<<< 's_left_ramp_enter' inactive >>>>>>>
2019-05-01 18:30:18,821 : INFO : ball_device.bd_trough : Ejecting ball to <ball_device.bd_plunger>
2019-05-01 18:30:18,826 : INFO : coil.c_trough_eject : Pulsing Driver for 20ms (1.0 pulse_power)
2019-05-01 18:30:18,860 : INFO : SwitchController : <<<<<<< 's_trough1' inactive >>>>>>>
2019-05-01 18:30:19,020 : INFO : SwitchController : <<<<<<< 's_trough2' inactive >>>>>>>
2019-05-01 18:30:19,042 : INFO : SwitchController : <<<<<<< 's_trough3' inactive >>>>>>>
2019-05-01 18:30:19,064 : INFO : SwitchController : <<<<<<< 's_trough4' inactive >>>>>>>
2019-05-01 18:30:19,167 : INFO : SwitchController : <<<<<<< 's_trough2' active >>>>>>>
2019-05-01 18:30:19,189 : INFO : SwitchController : <<<<<<< 's_trough3' active >>>>>>>
2019-05-01 18:30:19,213 : INFO : SwitchController : <<<<<<< 's_trough3' inactive >>>>>>>
2019-05-01 18:30:19,235 : INFO : SwitchController : <<<<<<< 's_trough3' active >>>>>>>
2019-05-01 18:30:19,257 : INFO : SwitchController : <<<<<<< 's_trough1' active >>>>>>>
2019-05-01 18:30:19,627 : INFO : SwitchController : <<<<<<< 's_plunger_lane' active >>>>>>>
2019-05-01 18:30:20,130 : INFO : ball_device.bd_plunger : Ejecting ball to <playfield.playfield>
2019-05-01 18:30:20,445 : INFO : Machine : Shutting down...
2019-05-01 18:30:20,507 : INFO : root : MPF run loop ended.
