2019-04-26 22:02:36,613 : INFO : Machine : Mission Pinball Framework Core Engine v0.50.13
2019-04-26 22:02:36,613 : INFO : Machine : Command line arguments: {'no_load_cache': False, 'create_config_cache': True, 'bcp': True, 'configfile': ['config.yaml'], 'mpfconfigfile': 'c:\\python36\\lib\\site-packages\\mpf\\mpfconfig.yaml', 'force_assets_load': False, 'logfile': 'logs\\2019-04-26-22-02-36-mpf-ESCAPE.log', 'pause': False, 'production': False, 'text_ui': True, 'loglevel': 15, 'consoleloglevel': 20, 'force_platform': None, 'syslog_address': None, 'mc_file_name': None}
2019-04-26 22:02:36,613 : INFO : Machine : MPF path: c:\python36\lib\site-packages\mpf
2019-04-26 22:02:36,613 : INFO : Machine : Machine path: C:\Pinball
2019-04-26 22:02:36,613 : INFO : Machine : Platform: win32
2019-04-26 22:02:36,613 : INFO : Machine : Python executable location: c:\python36\python.exe
2019-04-26 22:02:36,613 : INFO : Machine : Python version: 3.6.4 (64-bit)
2019-04-26 22:02:37,801 : INFO : Machine : Machine config file #1: config.yaml
2019-04-26 22:02:37,816 : INFO : ConfigProcessor : Loading config from cache: C:\Users\Jim5s\AppData\Local\Temp\c4e9d623f469297d868ca16f28fbd073.mpf_cache
2019-04-26 22:02:37,816 : INFO : Machine : Initialise MPF.
2019-04-26 22:02:37,894 : INFO : P-ROC : Connecting to P-ROC
2019-04-26 22:02:38,129 : INFO : P-ROC : Successfully connected to P-ROC/P3-ROC. Firmware Version: 1. Firmware Revision: 22. Hardware Board ID: 0
2019-04-26 22:02:40,191 : INFO : ConfigProcessor : Loading config from cache: C:\Users\Jim5s\AppData\Local\Temp\9b5ed4443044faae1a7bea0b2e4720fa.mpf_cache
2019-04-26 22:02:40,223 : INFO : ConfigProcessor : Loading config from cache: C:\Users\Jim5s\AppData\Local\Temp\ea92258076c42fa9f82b1b42852527f1.mpf_cache
2019-04-26 22:02:40,238 : INFO : ConfigProcessor : Loading config from cache: C:\Users\Jim5s\AppData\Local\Temp\601da67c712028ad6cbd2c6d5949d426.mpf_cache
2019-04-26 22:02:40,254 : INFO : ConfigProcessor : Loading config from cache: C:\Users\Jim5s\AppData\Local\Temp\60c5f8021e9f73475ac052559b18eecb.mpf_cache
2019-04-26 22:02:40,269 : INFO : ConfigProcessor : Loading config from cache: C:\Users\Jim5s\AppData\Local\Temp\57a43899542802443897849e41658bdc.mpf_cache
2019-04-26 22:02:40,301 : INFO : ConfigProcessor : Loading config from cache: C:\Users\Jim5s\AppData\Local\Temp\5ebd232df5de466582e7c31fd627eb17.mpf_cache
2019-04-26 22:02:40,316 : INFO : ConfigProcessor : Loading config from cache: C:\Users\Jim5s\AppData\Local\Temp\832f22772570b4467bc46a2d5332ae44.mpf_cache
2019-04-26 22:02:40,332 : INFO : ConfigProcessor : Loading config from cache: C:\Users\Jim5s\AppData\Local\Temp\ad9c48f607ffcd5e388fe3bc3c0c7fda.mpf_cache
2019-04-26 22:02:40,347 : INFO : ConfigProcessor : Loading config from cache: C:\Users\Jim5s\AppData\Local\Temp\3f762b9510b9c6d8f0f20d57621b8608.mpf_cache
2019-04-26 22:02:40,379 : INFO : ConfigProcessor : Loading config from cache: C:\Users\Jim5s\AppData\Local\Temp\a7d3184283c5ac0679e08c24c756a54b.mpf_cache
2019-04-26 22:02:40,394 : INFO : ConfigProcessor : Loading config from cache: C:\Users\Jim5s\AppData\Local\Temp\0dd66fc6c681ffbe91623556584db1f9.mpf_cache
2019-04-26 22:02:40,410 : INFO : ConfigProcessor : Loading config from cache: C:\Users\Jim5s\AppData\Local\Temp\b5d505ac5307a0981228993d203a6202.mpf_cache
2019-04-26 22:02:40,426 : INFO : ConfigProcessor : Loading config from cache: C:\Users\Jim5s\AppData\Local\Temp\be4f1e4c458cddfa55e3b2c954e186ee.mpf_cache
2019-04-26 22:02:40,441 : INFO : ConfigProcessor : Loading config from cache: C:\Users\Jim5s\AppData\Local\Temp\605ac6823e387656bdb3b4e2f6a537c2.mpf_cache
2019-04-26 22:02:40,457 : WARNING : ConfigProcessor : Config file in cache changed: C:\Pinball\modes\base\config\base.yaml
2019-04-26 22:02:40,457 : INFO : ConfigProcessor : Loading config from file C:\Pinball\modes\base\config\base.yaml.
2019-04-26 22:02:40,722 : INFO : ConfigProcessor : Loading config: C:\Pinball\modes\base\config\base.yaml
2019-04-26 22:02:40,722 : INFO : ConfigProcessor : Config file cache created: C:\Users\Jim5s\AppData\Local\Temp\693ce3b0801ff769b4c6a72f41c95bfb.mpf_cache
2019-04-26 22:02:40,769 : INFO : ConfigProcessor : Loading config from cache: C:\Users\Jim5s\AppData\Local\Temp\7e8e22c02985bf2ed9f5941b26487eea.mpf_cache
2019-04-26 22:02:40,785 : INFO : ConfigProcessor : Loading config from cache: C:\Users\Jim5s\AppData\Local\Temp\7317f88ce1ee903b84e696a8cfa11fff.mpf_cache
2019-04-26 22:02:41,019 : INFO : SwitchController : Found active switch: s_trough1
2019-04-26 22:02:41,019 : INFO : SwitchController : Found active switch: s_trough2
2019-04-26 22:02:41,019 : INFO : SwitchController : Found active switch: s_trough3
2019-04-26 22:02:41,019 : INFO : SwitchController : Found active switch: s_trough4
2019-04-26 22:02:41,254 : INFO : BCPClientSocket.local_display : Connecting BCP to 'local_display' at localhost:5050...
2019-04-26 22:02:46,570 : INFO : BCPClientSocket.local_display : Connected BCP to 'local_display' localhost:5050
2019-04-26 22:02:46,798 : INFO : ConfigProcessor : Loading config from cache: C:\Users\Jim5s\AppData\Local\Temp\1f42d7353e53a5379732c84309d7b100.mpf_cache
2019-04-26 22:02:46,811 : INFO : ConfigProcessor : Loading config from cache: C:\Users\Jim5s\AppData\Local\Temp\b9386666b72cdf238fba6b37e1afc504.mpf_cache
2019-04-26 22:02:47,020 : INFO : Mode.attract : Started. Priority: 10
2019-04-26 22:02:47,030 : INFO : Machine : Starting the main run loop.
2019-04-26 22:02:50,115 : INFO : SwitchController : <<<<<<< 's_start' active >>>>>>>
2019-04-26 22:02:50,291 : INFO : SwitchController : <<<<<<< 's_start' inactive >>>>>>>
2019-04-26 22:02:50,335 : INFO : Mode.attract : Stopped.
2019-04-26 22:02:50,336 : INFO : Mode.game : Started. Priority: 20
2019-04-26 22:02:50,347 : INFO : Mode.game : Player added successfully. Total players: 1
2019-04-26 22:02:50,507 : INFO : Mode.achievements : Started. Priority: 100
2019-04-26 22:02:50,514 : INFO : Mode.base : Started. Priority: 100
2019-04-26 22:02:50,530 : INFO : ball_device.bd_trough : Ejecting ball to <ball_device.bd_plunger>
2019-04-26 22:02:50,535 : INFO : coil.c_trough_eject : Pulsing Driver for 20ms (1.0 pulse_power)
2019-04-26 22:02:50,561 : INFO : SwitchController : <<<<<<< 's_trough1' inactive >>>>>>>
2019-04-26 22:02:50,689 : INFO : SwitchController : <<<<<<< 's_trough3' inactive >>>>>>>
2019-04-26 22:02:50,713 : INFO : SwitchController : <<<<<<< 's_trough3' active >>>>>>>
2019-04-26 22:02:50,741 : INFO : SwitchController : <<<<<<< 's_trough3' inactive >>>>>>>
2019-04-26 22:02:50,767 : INFO : SwitchController : <<<<<<< 's_trough4' inactive >>>>>>>
2019-04-26 22:02:50,789 : INFO : SwitchController : <<<<<<< 's_trough2' inactive >>>>>>>
2019-04-26 22:02:50,884 : INFO : SwitchController : <<<<<<< 's_trough2' active >>>>>>>
2019-04-26 22:02:50,906 : INFO : SwitchController : <<<<<<< 's_trough3' active >>>>>>>
2019-04-26 22:02:50,929 : INFO : SwitchController : <<<<<<< 's_trough1' active >>>>>>>
2019-04-26 22:02:50,995 : INFO : SwitchController : <<<<<<< 's_plunger_lane' active >>>>>>>
2019-04-26 22:02:51,500 : INFO : ball_device.bd_plunger : Ejecting ball to <playfield.playfield>
2019-04-26 22:04:29,096 : INFO : SwitchController : <<<<<<< 's_right_flipper' active >>>>>>>
2019-04-26 22:04:29,151 : INFO : SwitchController : <<<<<<< 's_right_flipper_upper' active >>>>>>>
2019-04-26 22:04:29,180 : INFO : SwitchController : <<<<<<< 's_trough1' inactive >>>>>>>
2019-04-26 22:04:29,202 : INFO : SwitchController : <<<<<<< 's_trough1' active >>>>>>>
2019-04-26 22:04:29,226 : INFO : SwitchController : <<<<<<< 's_right_flipper_upper' inactive >>>>>>>
2019-04-26 22:04:29,271 : INFO : SwitchController : <<<<<<< 's_right_flipper' inactive >>>>>>>
2019-04-26 22:04:30,582 : INFO : SwitchController : <<<<<<< 's_right_flipper' active >>>>>>>
2019-04-26 22:04:30,619 : INFO : SwitchController : <<<<<<< 's_trough1' inactive >>>>>>>
2019-04-26 22:04:30,642 : INFO : SwitchController : <<<<<<< 's_trough1' active >>>>>>>
2019-04-26 22:04:30,917 : INFO : SwitchController : <<<<<<< 's_right_flipper_upper' active >>>>>>>
2019-04-26 22:04:31,229 : INFO : SwitchController : <<<<<<< 's_right_flipper_upper' inactive >>>>>>>
2019-04-26 22:04:31,260 : INFO : SwitchController : <<<<<<< 's_right_flipper' inactive >>>>>>>
2019-04-26 22:04:31,798 : INFO : SwitchController : <<<<<<< 's_left_flipper' active >>>>>>>
2019-04-26 22:04:31,828 : INFO : SwitchController : <<<<<<< 's_trough1' inactive >>>>>>>
2019-04-26 22:04:31,852 : INFO : SwitchController : <<<<<<< 's_trough1' active >>>>>>>
2019-04-26 22:04:31,877 : INFO : SwitchController : <<<<<<< 's_left_flipper' inactive >>>>>>>
2019-04-26 22:04:31,908 : INFO : SwitchController : <<<<<<< 's_right_flipper' active >>>>>>>
2019-04-26 22:04:31,932 : INFO : SwitchController : <<<<<<< 's_right_flipper_upper' active >>>>>>>
2019-04-26 22:04:31,956 : INFO : SwitchController : <<<<<<< 's_trough1' inactive >>>>>>>
2019-04-26 22:04:31,978 : INFO : SwitchController : <<<<<<< 's_trough1' active >>>>>>>
2019-04-26 22:04:32,001 : INFO : SwitchController : <<<<<<< 's_right_flipper_upper' inactive >>>>>>>
2019-04-26 22:04:32,024 : INFO : SwitchController : <<<<<<< 's_right_flipper' inactive >>>>>>>
2019-04-26 22:04:32,046 : INFO : SwitchController : <<<<<<< 's_left_flipper' active >>>>>>>
2019-04-26 22:04:32,099 : INFO : SwitchController : <<<<<<< 's_left_flipper' inactive >>>>>>>
2019-04-26 22:04:32,122 : INFO : SwitchController : <<<<<<< 's_right_flipper' active >>>>>>>
2019-04-26 22:04:32,146 : INFO : SwitchController : <<<<<<< 's_right_flipper_upper' active >>>>>>>
2019-04-26 22:04:32,169 : INFO : SwitchController : <<<<<<< 's_trough3' inactive >>>>>>>
2019-04-26 22:04:32,191 : INFO : SwitchController : <<<<<<< 's_trough3' active >>>>>>>
2019-04-26 22:04:32,213 : INFO : SwitchController : <<<<<<< 's_trough1' inactive >>>>>>>
2019-04-26 22:04:32,235 : INFO : SwitchController : <<<<<<< 's_trough1' active >>>>>>>
2019-04-26 22:04:32,258 : INFO : SwitchController : <<<<<<< 's_right_flipper_upper' inactive >>>>>>>
2019-04-26 22:04:32,282 : INFO : SwitchController : <<<<<<< 's_left_flipper' active >>>>>>>
2019-04-26 22:04:32,304 : INFO : SwitchController : <<<<<<< 's_right_flipper' inactive >>>>>>>
2019-04-26 22:04:32,347 : INFO : SwitchController : <<<<<<< 's_left_flipper' inactive >>>>>>>
2019-04-26 22:04:37,222 : INFO : Machine : Shutting down...
2019-04-26 22:04:37,269 : INFO : root : MPF run loop ended.
