2019-05-01 18:24:43,127 : INFO : Machine : Mission Pinball Framework Core Engine v0.50.13
2019-05-01 18:24:43,127 : INFO : Machine : Command line arguments: {'no_load_cache': False, 'create_config_cache': True, 'bcp': True, 'configfile': ['config.yaml'], 'mpfconfigfile': 'c:\\python36\\lib\\site-packages\\mpf\\mpfconfig.yaml', 'force_assets_load': False, 'logfile': 'logs\\2019-05-01-18-24-43-mpf-ESCAPE.log', 'pause': False, 'production': False, 'text_ui': True, 'loglevel': 15, 'consoleloglevel': 20, 'force_platform': None, 'syslog_address': None, 'mc_file_name': None}
2019-05-01 18:24:43,127 : INFO : Machine : MPF path: c:\python36\lib\site-packages\mpf
2019-05-01 18:24:43,127 : INFO : Machine : Machine path: C:\Pinball
2019-05-01 18:24:43,127 : INFO : Machine : Platform: win32
2019-05-01 18:24:43,127 : INFO : Machine : Python executable location: c:\python36\python.exe
2019-05-01 18:24:43,127 : INFO : Machine : Python version: 3.6.4 (64-bit)
2019-05-01 18:24:44,330 : INFO : Machine : Machine config file #1: config.yaml
2019-05-01 18:24:44,330 : INFO : ConfigProcessor : Loading config from cache: C:\Users\Jim5s\AppData\Local\Temp\c4e9d623f469297d868ca16f28fbd073.mpf_cache
2019-05-01 18:24:44,330 : WARNING : ConfigProcessor : Config file in cache changed: C:\Pinball\config\audio.yaml
2019-05-01 18:24:44,330 : INFO : ConfigProcessor : Loading config from file c:\python36\lib\site-packages\mpf\mpfconfig.yaml.
2019-05-01 18:24:44,595 : INFO : ConfigProcessor : Loading config: c:\python36\lib\site-packages\mpf\mpfconfig.yaml
2019-05-01 18:24:44,595 : INFO : ConfigProcessor : Loading config from file C:\Pinball\config\config.yaml.
2019-05-01 18:24:44,595 : INFO : ConfigProcessor : Loading config: C:\Pinball\config\config.yaml
2019-05-01 18:24:44,939 : INFO : ConfigProcessor : Loading config: C:\Pinball\config\hardware.yaml
2019-05-01 18:24:44,970 : INFO : ConfigProcessor : Loading config: C:\Pinball\config\display.yaml
2019-05-01 18:24:45,095 : INFO : ConfigProcessor : Loading config: C:\Pinball\config\lights.yaml
2019-05-01 18:24:45,111 : INFO : ConfigProcessor : Loading config: C:\Pinball\config\modes.yaml
2019-05-01 18:24:45,142 : INFO : ConfigProcessor : Loading config: C:\Pinball\config\audio.yaml
2019-05-01 18:24:45,173 : INFO : ConfigProcessor : Config file cache created: C:\Users\Jim5s\AppData\Local\Temp\c4e9d623f469297d868ca16f28fbd073.mpf_cache
2019-05-01 18:24:45,220 : INFO : Machine : Initialise MPF.
2019-05-01 18:24:45,283 : INFO : P-ROC : Connecting to P-ROC
2019-05-01 18:24:45,533 : INFO : P-ROC : Successfully connected to P-ROC/P3-ROC. Firmware Version: 1. Firmware Revision: 22. Hardware Board ID: 0
2019-05-01 18:24:47,533 : INFO : ConfigProcessor : Loading config from cache: C:\Users\Jim5s\AppData\Local\Temp\0dd66fc6c681ffbe91623556584db1f9.mpf_cache
2019-05-01 18:24:47,548 : INFO : ConfigProcessor : Loading config from cache: C:\Users\Jim5s\AppData\Local\Temp\ea92258076c42fa9f82b1b42852527f1.mpf_cache
2019-05-01 18:24:47,564 : INFO : ConfigProcessor : Loading config from cache: C:\Users\Jim5s\AppData\Local\Temp\60c5f8021e9f73475ac052559b18eecb.mpf_cache
2019-05-01 18:24:47,595 : INFO : ConfigProcessor : Loading config from cache: C:\Users\Jim5s\AppData\Local\Temp\be4f1e4c458cddfa55e3b2c954e186ee.mpf_cache
2019-05-01 18:24:47,611 : INFO : ConfigProcessor : Loading config from cache: C:\Users\Jim5s\AppData\Local\Temp\3f762b9510b9c6d8f0f20d57621b8608.mpf_cache
2019-05-01 18:24:47,642 : INFO : ConfigProcessor : Loading config from cache: C:\Users\Jim5s\AppData\Local\Temp\693ce3b0801ff769b4c6a72f41c95bfb.mpf_cache
2019-05-01 18:24:47,658 : INFO : ConfigProcessor : Loading config from cache: C:\Users\Jim5s\AppData\Local\Temp\601da67c712028ad6cbd2c6d5949d426.mpf_cache
2019-05-01 18:24:47,673 : INFO : ConfigProcessor : Loading config from cache: C:\Users\Jim5s\AppData\Local\Temp\7e8e22c02985bf2ed9f5941b26487eea.mpf_cache
2019-05-01 18:24:47,689 : INFO : ConfigProcessor : Loading config from cache: C:\Users\Jim5s\AppData\Local\Temp\832f22772570b4467bc46a2d5332ae44.mpf_cache
2019-05-01 18:24:47,705 : INFO : ConfigProcessor : Loading config from cache: C:\Users\Jim5s\AppData\Local\Temp\605ac6823e387656bdb3b4e2f6a537c2.mpf_cache
2019-05-01 18:24:47,720 : INFO : ConfigProcessor : Loading config from cache: C:\Users\Jim5s\AppData\Local\Temp\a7d3184283c5ac0679e08c24c756a54b.mpf_cache
2019-05-01 18:24:47,736 : INFO : ConfigProcessor : Loading config from cache: C:\Users\Jim5s\AppData\Local\Temp\ad9c48f607ffcd5e388fe3bc3c0c7fda.mpf_cache
2019-05-01 18:24:47,751 : INFO : ConfigProcessor : Loading config from cache: C:\Users\Jim5s\AppData\Local\Temp\b5d505ac5307a0981228993d203a6202.mpf_cache
2019-05-01 18:24:47,767 : INFO : ConfigProcessor : Loading config from cache: C:\Users\Jim5s\AppData\Local\Temp\5ebd232df5de466582e7c31fd627eb17.mpf_cache
2019-05-01 18:24:47,783 : INFO : ConfigProcessor : Loading config from cache: C:\Users\Jim5s\AppData\Local\Temp\57a43899542802443897849e41658bdc.mpf_cache
2019-05-01 18:24:47,814 : INFO : ConfigProcessor : Loading config from cache: C:\Users\Jim5s\AppData\Local\Temp\9b5ed4443044faae1a7bea0b2e4720fa.mpf_cache
2019-05-01 18:24:47,830 : INFO : ConfigProcessor : Loading config from cache: C:\Users\Jim5s\AppData\Local\Temp\7317f88ce1ee903b84e696a8cfa11fff.mpf_cache
2019-05-01 18:24:48,142 : INFO : SwitchController : Found active switch: s_singledrop
2019-05-01 18:24:48,142 : INFO : SwitchController : Found active switch: s_drop_target_bank1
2019-05-01 18:24:48,142 : INFO : SwitchController : Found active switch: s_trough1
2019-05-01 18:24:48,142 : INFO : SwitchController : Found active switch: s_trough2
2019-05-01 18:24:48,142 : INFO : SwitchController : Found active switch: s_trough3
2019-05-01 18:24:48,142 : INFO : SwitchController : Found active switch: s_trough4
2019-05-01 18:24:48,392 : INFO : BCPClientSocket.local_display : Connecting BCP to 'local_display' at localhost:5050...
2019-05-01 18:24:52,532 : INFO : BCPClientSocket.local_display : Connected BCP to 'local_display' localhost:5050
2019-05-01 18:24:52,780 : INFO : ConfigProcessor : Loading config from cache: C:\Users\Jim5s\AppData\Local\Temp\1f42d7353e53a5379732c84309d7b100.mpf_cache
2019-05-01 18:24:52,792 : INFO : ConfigProcessor : Loading config from cache: C:\Users\Jim5s\AppData\Local\Temp\b9386666b72cdf238fba6b37e1afc504.mpf_cache
2019-05-01 18:24:52,934 : INFO : coil.c_singledroptarget : Pulsing Driver for 16ms (1.0 pulse_power)
2019-05-01 18:24:52,942 : INFO : Mode.attract : Started. Priority: 10
2019-05-01 18:24:52,950 : INFO : coil.c_droptargetbank : Pulsing Driver for 25ms (1.0 pulse_power)
2019-05-01 18:24:52,955 : INFO : Machine : Starting the main run loop.
2019-05-01 18:24:52,966 : INFO : SwitchController : <<<<<<< 's_singledrop' inactive >>>>>>>
2019-05-01 18:24:53,001 : WARNING : SwitchController : WARNING: Received duplicate switch state, which means this switch had some non-debounced state changes. This could be nothing, but if it happens a lot it could indicate noise or interference on the line. Switch: s_drop_target_bank1
2019-05-01 18:24:53,002 : INFO : SwitchController : <<<<<<< 's_drop_target_bank1' inactive >>>>>>>
2019-05-01 18:24:53,028 : INFO : SwitchController : <<<<<<< 's_drop_target_bank2' active >>>>>>>
2019-05-01 18:24:53,056 : INFO : SwitchController : <<<<<<< 's_drop_target_bank1' active >>>>>>>
2019-05-01 18:24:53,077 : INFO : SwitchController : <<<<<<< 's_drop_target_bank2' inactive >>>>>>>
2019-05-01 18:24:53,102 : INFO : SwitchController : <<<<<<< 's_drop_target_bank1' inactive >>>>>>>
2019-05-01 18:24:55,528 : INFO : SwitchController : <<<<<<< 's_start' active >>>>>>>
2019-05-01 18:24:55,684 : INFO : SwitchController : <<<<<<< 's_start' inactive >>>>>>>
2019-05-01 18:24:55,710 : INFO : Mode.attract : Stopped.
2019-05-01 18:24:55,711 : INFO : Mode.game : Started. Priority: 20
2019-05-01 18:24:55,720 : INFO : Mode.game : Player added successfully. Total players: 1
2019-05-01 18:24:55,887 : INFO : Mode.achievements : Started. Priority: 100
2019-05-01 18:24:55,894 : INFO : Mode.base : Started. Priority: 100
2019-05-01 18:24:55,910 : INFO : ball_device.bd_trough : Ejecting ball to <ball_device.bd_plunger>
2019-05-01 18:24:55,915 : INFO : coil.c_trough_eject : Pulsing Driver for 20ms (1.0 pulse_power)
2019-05-01 18:24:55,940 : INFO : SwitchController : <<<<<<< 's_trough1' inactive >>>>>>>
2019-05-01 18:24:56,103 : INFO : SwitchController : <<<<<<< 's_trough2' inactive >>>>>>>
2019-05-01 18:24:56,124 : INFO : SwitchController : <<<<<<< 's_trough3' inactive >>>>>>>
2019-05-01 18:24:56,147 : INFO : SwitchController : <<<<<<< 's_trough4' inactive >>>>>>>
2019-05-01 18:24:56,244 : INFO : SwitchController : <<<<<<< 's_trough2' active >>>>>>>
2019-05-01 18:24:56,267 : INFO : SwitchController : <<<<<<< 's_trough3' active >>>>>>>
2019-05-01 18:24:56,290 : INFO : SwitchController : <<<<<<< 's_trough3' inactive >>>>>>>
2019-05-01 18:24:56,312 : INFO : SwitchController : <<<<<<< 's_trough3' active >>>>>>>
2019-05-01 18:24:56,336 : INFO : SwitchController : <<<<<<< 's_trough1' active >>>>>>>
2019-05-01 18:24:56,403 : INFO : SwitchController : <<<<<<< 's_plunger_lane' active >>>>>>>
2019-05-01 18:24:56,907 : INFO : ball_device.bd_plunger : Ejecting ball to <playfield.playfield>
2019-05-01 18:25:05,406 : INFO : SwitchController : <<<<<<< 's_plunger_lane' inactive >>>>>>>
2019-05-01 18:25:07,709 : INFO : SwitchController : <<<<<<< 's_a_lane' active >>>>>>>
2019-05-01 18:25:07,855 : INFO : SwitchController : <<<<<<< 's_a_lane' inactive >>>>>>>
2019-05-01 18:25:08,027 : INFO : SwitchController : <<<<<<< 's_popbumper3' active >>>>>>>
2019-05-01 18:25:08,055 : INFO : SwitchController : <<<<<<< 's_popbumper3' inactive >>>>>>>
2019-05-01 18:25:08,220 : INFO : SwitchController : <<<<<<< 's_popbumper2' active >>>>>>>
2019-05-01 18:25:08,252 : INFO : SwitchController : <<<<<<< 's_popbumper2' inactive >>>>>>>
2019-05-01 18:25:08,491 : INFO : SwitchController : <<<<<<< 's_popbumper1' active >>>>>>>
2019-05-01 18:25:08,530 : INFO : SwitchController : <<<<<<< 's_popbumper1' inactive >>>>>>>
2019-05-01 18:25:08,569 : INFO : SwitchController : <<<<<<< 's_popbumper1' active >>>>>>>
2019-05-01 18:25:08,595 : INFO : SwitchController : <<<<<<< 's_popbumper1' inactive >>>>>>>
2019-05-01 18:25:08,654 : INFO : SwitchController : <<<<<<< 's_a_lane' active >>>>>>>
2019-05-01 18:25:08,683 : INFO : SwitchController : <<<<<<< 's_a_lane' inactive >>>>>>>
2019-05-01 18:25:08,940 : INFO : SwitchController : <<<<<<< 's_popbumper1' active >>>>>>>
2019-05-01 18:25:08,982 : INFO : SwitchController : <<<<<<< 's_popbumper1' inactive >>>>>>>
2019-05-01 18:25:09,021 : INFO : SwitchController : <<<<<<< 's_popbumper1' active >>>>>>>
2019-05-01 18:25:09,046 : INFO : SwitchController : <<<<<<< 's_popbumper1' inactive >>>>>>>
2019-05-01 18:25:09,070 : INFO : SwitchController : <<<<<<< 's_popbumper2' active >>>>>>>
2019-05-01 18:25:09,093 : INFO : SwitchController : <<<<<<< 's_popbumper2' inactive >>>>>>>
2019-05-01 18:25:09,122 : INFO : SwitchController : <<<<<<< 's_popbumper2' active >>>>>>>
2019-05-01 18:25:09,147 : INFO : SwitchController : <<<<<<< 's_popbumper2' inactive >>>>>>>
2019-05-01 18:25:09,451 : INFO : SwitchController : <<<<<<< 's_right_orbit' active >>>>>>>
2019-05-01 18:25:09,503 : INFO : SwitchController : <<<<<<< 's_right_orbit' inactive >>>>>>>
2019-05-01 18:25:09,854 : INFO : SwitchController : <<<<<<< 's_right_flipper' active >>>>>>>
2019-05-01 18:25:09,995 : INFO : SwitchController : <<<<<<< 's_right_flipper' inactive >>>>>>>
2019-05-01 18:25:10,075 : INFO : SwitchController : <<<<<<< 's_right_flipper' active >>>>>>>
2019-05-01 18:25:10,138 : INFO : SwitchController : <<<<<<< 's_right_flipper_upper' active >>>>>>>
2019-05-01 18:25:10,443 : INFO : SwitchController : <<<<<<< 's_around_scoop' active >>>>>>>
2019-05-01 18:25:10,523 : INFO : SwitchController : <<<<<<< 's_around_scoop' inactive >>>>>>>
2019-05-01 18:25:10,554 : INFO : SwitchController : <<<<<<< 's_right_flipper_upper' inactive >>>>>>>
2019-05-01 18:25:10,606 : INFO : SwitchController : <<<<<<< 's_right_flipper' inactive >>>>>>>
2019-05-01 18:25:11,708 : INFO : SwitchController : <<<<<<< 's_left_flipper' active >>>>>>>
2019-05-01 18:25:12,571 : INFO : SwitchController : <<<<<<< 's_left_flipper' inactive >>>>>>>
2019-05-01 18:25:14,168 : INFO : SwitchController : <<<<<<< 's_trough2' inactive >>>>>>>
2019-05-01 18:25:14,211 : INFO : SwitchController : <<<<<<< 's_trough2' active >>>>>>>
2019-05-01 18:25:14,554 : INFO : SwitchController : <<<<<<< 's_trough4' active >>>>>>>
2019-05-01 18:25:15,064 : INFO : ball_device.bd_trough : Ejecting ball to <ball_device.bd_plunger>
2019-05-01 18:25:15,070 : INFO : coil.c_trough_eject : Pulsing Driver for 20ms (1.0 pulse_power)
2019-05-01 18:25:15,098 : INFO : SwitchController : <<<<<<< 's_trough1' inactive >>>>>>>
2019-05-01 18:25:15,129 : INFO : SwitchController : <<<<<<< 's_trough2' inactive >>>>>>>
2019-05-01 18:25:15,154 : INFO : SwitchController : <<<<<<< 's_trough2' active >>>>>>>
2019-05-01 18:25:15,273 : INFO : SwitchController : <<<<<<< 's_trough2' inactive >>>>>>>
2019-05-01 18:25:15,316 : INFO : SwitchController : <<<<<<< 's_trough3' inactive >>>>>>>
2019-05-01 18:25:15,340 : INFO : SwitchController : <<<<<<< 's_trough4' inactive >>>>>>>
2019-05-01 18:25:15,399 : INFO : SwitchController : <<<<<<< 's_trough2' active >>>>>>>
2019-05-01 18:25:15,422 : INFO : SwitchController : <<<<<<< 's_trough3' active >>>>>>>
2019-05-01 18:25:15,445 : INFO : SwitchController : <<<<<<< 's_trough3' inactive >>>>>>>
2019-05-01 18:25:15,468 : INFO : SwitchController : <<<<<<< 's_trough3' active >>>>>>>
2019-05-01 18:25:15,491 : INFO : SwitchController : <<<<<<< 's_trough1' active >>>>>>>
2019-05-01 18:25:15,624 : INFO : SwitchController : <<<<<<< 's_plunger_lane' active >>>>>>>
2019-05-01 18:25:16,128 : INFO : ball_device.bd_plunger : Ejecting ball to <playfield.playfield>
2019-05-01 18:25:16,134 : INFO : coil.c_auto_plunge : Pulsing Driver for 12ms (1.0 pulse_power)
2019-05-01 18:25:16,166 : INFO : SwitchController : <<<<<<< 's_plunger_lane' inactive >>>>>>>
2019-05-01 18:25:16,631 : INFO : Machine : Shutting down...
2019-05-01 18:25:16,678 : INFO : root : MPF run loop ended.
